#! /usr/bin/vvp
:ivl_version "10.1 (stable)";
:ivl_delay_selection "TYPICAL";
:vpi_time_precision + 0;
:vpi_module "system";
:vpi_module "vhdl_sys";
:vpi_module "v2005_math";
:vpi_module "va_math";
S_0x55a8112c4140 .scope module, "Complete" "Complete" 2 6;
 .timescale 0 0;
    .port_info 0 /INPUT 1 "ADC_CLK_10"
    .port_info 1 /INPUT 1 "MAX10_CLK1_50"
    .port_info 2 /INPUT 1 "MAX10_CLK2_50"
    .port_info 3 /OUTPUT 8 "HEX0"
    .port_info 4 /OUTPUT 8 "HEX1"
    .port_info 5 /OUTPUT 8 "HEX2"
    .port_info 6 /OUTPUT 8 "HEX3"
    .port_info 7 /OUTPUT 8 "HEX4"
    .port_info 8 /OUTPUT 8 "HEX5"
    .port_info 9 /INPUT 2 "KEY"
    .port_info 10 /OUTPUT 10 "LEDR"
    .port_info 11 /INPUT 10 "SW"
o0x7f3427051c18 .functor BUFZ 1, C4<z>; HiZ drive
v0x55a81130ff30_0 .net "ADC_CLK_10", 0 0, o0x7f3427051c18;  0 drivers
v0x55a811310010_0 .net "HEX0", 7 0, L_0x55a811333450;  1 drivers
v0x55a8113100f0_0 .net "HEX0_1", 7 0, v0x55a8112fe090_0;  1 drivers
v0x55a8113101c0_0 .net "HEX0_2", 7 0, v0x55a811306220_0;  1 drivers
v0x55a8113102d0_0 .net "HEX0_3", 7 0, v0x55a81130c840_0;  1 drivers
v0x55a811310430_0 .net "HEX1", 7 0, L_0x55a811334120;  1 drivers
v0x55a811310510_0 .net "HEX1_1", 7 0, v0x55a8112fd520_0;  1 drivers
v0x55a811310620_0 .net "HEX1_2", 7 0, v0x55a811305c10_0;  1 drivers
v0x55a811310730_0 .net "HEX1_3", 7 0, v0x55a81130bcb0_0;  1 drivers
v0x55a8113107f0_0 .net "HEX2", 7 0, L_0x55a811334ae0;  1 drivers
v0x55a8113108d0_0 .net "HEX2_1", 7 0, v0x55a8112fcf90_0;  1 drivers
v0x55a8113109e0_0 .net "HEX2_2", 7 0, v0x55a811306d70_0;  1 drivers
v0x55a811310af0_0 .net "HEX3", 7 0, L_0x55a811335440;  1 drivers
v0x55a811310bd0_0 .net "HEX3_1", 7 0, v0x55a8112ca3e0_0;  1 drivers
v0x55a811310ce0_0 .net "HEX3_2", 7 0, v0x55a811305650_0;  1 drivers
v0x55a811310df0_0 .net "HEX4", 7 0, L_0x55a8113366d0;  1 drivers
v0x55a811310ed0_0 .net "HEX4_1", 7 0, v0x55a8112fdb00_0;  1 drivers
v0x55a811310fe0_0 .net "HEX4_2", 7 0, v0x55a8113067b0_0;  1 drivers
v0x55a8113110f0_0 .net "HEX4_3", 7 0, v0x55a81130c280_0;  1 drivers
v0x55a811311200_0 .net "HEX5", 7 0, L_0x55a811338310;  1 drivers
v0x55a8113112e0_0 .net "HEX5_1", 7 0, v0x55a8112fcab0_0;  1 drivers
v0x55a8113113f0_0 .net "HEX5_2", 7 0, v0x55a8113050b0_0;  1 drivers
v0x55a811311500_0 .net "HEX5_3", 7 0, v0x55a81130b6f0_0;  1 drivers
o0x7f342704e5b8 .functor BUFZ 2, C4<zz>; HiZ drive
v0x55a811311610_0 .net "KEY", 1 0, o0x7f342704e5b8;  0 drivers
v0x55a811311720_0 .net "LEDR", 9 0, L_0x55a811332820;  1 drivers
v0x55a811311800_0 .net "LEDR_1", 9 0, L_0x55a8113180f0;  1 drivers
v0x55a8113118c0_0 .net "LEDR_3", 9 0, L_0x55a811338680;  1 drivers
o0x7f3427051d98 .functor BUFZ 1, C4<z>; HiZ drive
v0x55a811311960_0 .net "MAX10_CLK1_50", 0 0, o0x7f3427051d98;  0 drivers
o0x7f3427051dc8 .functor BUFZ 1, C4<z>; HiZ drive
v0x55a811311a00_0 .net "MAX10_CLK2_50", 0 0, o0x7f3427051dc8;  0 drivers
o0x7f342704e618 .functor BUFZ 10, C4<zzzzzzzzzz>; HiZ drive
v0x55a811311ac0_0 .net "SW", 9 0, o0x7f342704e618;  0 drivers
v0x55a811311bd0_0 .net *"_s10", 31 0, L_0x55a811332410;  1 drivers
v0x55a811311cb0_0 .net *"_s103", 1 0, L_0x55a811334d80;  1 drivers
L_0x7f3427005f90 .functor BUFT 1, C4<00>, C4<0>, C4<0>, C4<0>;
v0x55a811311d90_0 .net/2u *"_s104", 1 0, L_0x7f3427005f90;  1 drivers
v0x55a811312080_0 .net *"_s106", 0 0, L_0x55a811334e20;  1 drivers
v0x55a811312140_0 .net *"_s109", 1 0, L_0x55a811334b80;  1 drivers
L_0x7f3427005fd8 .functor BUFT 1, C4<01>, C4<0>, C4<0>, C4<0>;
v0x55a811312220_0 .net/2u *"_s110", 1 0, L_0x7f3427005fd8;  1 drivers
v0x55a811312300_0 .net *"_s112", 0 0, L_0x55a811335040;  1 drivers
L_0x7f3427006020 .functor BUFT 1, C4<11111111>, C4<0>, C4<0>, C4<0>;
v0x55a8113123c0_0 .net/2u *"_s114", 7 0, L_0x7f3427006020;  1 drivers
v0x55a8113124a0_0 .net *"_s116", 7 0, L_0x55a811335270;  1 drivers
v0x55a811312580_0 .net *"_s121", 1 0, L_0x55a811335710;  1 drivers
L_0x7f3427006068 .functor BUFT 1, C4<00>, C4<0>, C4<0>, C4<0>;
v0x55a811312660_0 .net/2u *"_s122", 1 0, L_0x7f3427006068;  1 drivers
v0x55a811312740_0 .net *"_s124", 0 0, L_0x55a8113357b0;  1 drivers
v0x55a811312800_0 .net *"_s127", 1 0, L_0x55a811335a00;  1 drivers
L_0x7f34270060b0 .functor BUFT 1, C4<01>, C4<0>, C4<0>, C4<0>;
v0x55a8113128e0_0 .net/2u *"_s128", 1 0, L_0x7f34270060b0;  1 drivers
L_0x7f3427005b10 .functor BUFT 1, C4<0000000000000000000000000000000>, C4<0>, C4<0>, C4<0>;
v0x55a8113129c0_0 .net *"_s13", 30 0, L_0x7f3427005b10;  1 drivers
v0x55a811312aa0_0 .net *"_s130", 0 0, L_0x55a811335aa0;  1 drivers
v0x55a811312b60_0 .net *"_s133", 0 0, L_0x55a811335d50;  1 drivers
v0x55a811312c40_0 .net *"_s134", 31 0, L_0x55a811335df0;  1 drivers
L_0x7f34270060f8 .functor BUFT 1, C4<0000000000000000000000000000000>, C4<0>, C4<0>, C4<0>;
v0x55a811312d20_0 .net *"_s137", 30 0, L_0x7f34270060f8;  1 drivers
L_0x7f3427006140 .functor BUFT 1, C4<00000000000000000000000000000001>, C4<0>, C4<0>, C4<0>;
v0x55a811312e00_0 .net/2u *"_s138", 31 0, L_0x7f3427006140;  1 drivers
L_0x7f3427005b58 .functor BUFT 1, C4<00000000000000000000000000000001>, C4<0>, C4<0>, C4<0>;
v0x55a811312ee0_0 .net/2u *"_s14", 31 0, L_0x7f3427005b58;  1 drivers
v0x55a811312fc0_0 .net *"_s140", 0 0, L_0x55a8113360b0;  1 drivers
L_0x7f3427006188 .functor BUFT 1, C4<11111111>, C4<0>, C4<0>, C4<0>;
v0x55a811313080_0 .net/2u *"_s142", 7 0, L_0x7f3427006188;  1 drivers
v0x55a811313160_0 .net *"_s144", 7 0, L_0x55a8113361f0;  1 drivers
v0x55a811313240_0 .net *"_s146", 7 0, L_0x55a811336550;  1 drivers
v0x55a811313320_0 .net *"_s151", 1 0, L_0x55a8113369f0;  1 drivers
L_0x7f34270061d0 .functor BUFT 1, C4<00>, C4<0>, C4<0>, C4<0>;
v0x55a811313400_0 .net/2u *"_s152", 1 0, L_0x7f34270061d0;  1 drivers
v0x55a8113134e0_0 .net *"_s154", 0 0, L_0x55a811336ea0;  1 drivers
v0x55a8113135a0_0 .net *"_s157", 1 0, L_0x55a811337140;  1 drivers
L_0x7f3427006218 .functor BUFT 1, C4<01>, C4<0>, C4<0>, C4<0>;
v0x55a811313680_0 .net/2u *"_s158", 1 0, L_0x7f3427006218;  1 drivers
v0x55a811313760_0 .net *"_s16", 0 0, L_0x55a811332550;  1 drivers
v0x55a811313820_0 .net *"_s160", 0 0, L_0x55a8113375f0;  1 drivers
v0x55a8113138e0_0 .net *"_s163", 0 0, L_0x55a8113378f0;  1 drivers
v0x55a8113139c0_0 .net *"_s164", 31 0, L_0x55a811337990;  1 drivers
L_0x7f3427006260 .functor BUFT 1, C4<0000000000000000000000000000000>, C4<0>, C4<0>, C4<0>;
v0x55a811313aa0_0 .net *"_s167", 30 0, L_0x7f3427006260;  1 drivers
L_0x7f34270062a8 .functor BUFT 1, C4<00000000000000000000000000000001>, C4<0>, C4<0>, C4<0>;
v0x55a811313f50_0 .net/2u *"_s168", 31 0, L_0x7f34270062a8;  1 drivers
v0x55a811313ff0_0 .net *"_s170", 0 0, L_0x55a811337ca0;  1 drivers
L_0x7f34270062f0 .functor BUFT 1, C4<11111111>, C4<0>, C4<0>, C4<0>;
v0x55a811314090_0 .net/2u *"_s172", 7 0, L_0x7f34270062f0;  1 drivers
v0x55a811314130_0 .net *"_s174", 7 0, L_0x55a811337de0;  1 drivers
v0x55a8113141d0_0 .net *"_s176", 7 0, L_0x55a811338190;  1 drivers
L_0x7f3427005ba0 .functor BUFT 1, C4<0000000000>, C4<0>, C4<0>, C4<0>;
v0x55a811314270_0 .net/2u *"_s18", 9 0, L_0x7f3427005ba0;  1 drivers
v0x55a811314310_0 .net *"_s20", 9 0, L_0x55a811332690;  1 drivers
v0x55a8113143f0_0 .net *"_s25", 1 0, L_0x55a8113329b0;  1 drivers
L_0x7f3427005be8 .functor BUFT 1, C4<00>, C4<0>, C4<0>, C4<0>;
v0x55a8113144d0_0 .net/2u *"_s26", 1 0, L_0x7f3427005be8;  1 drivers
v0x55a8113145b0_0 .net *"_s28", 0 0, L_0x55a811332a50;  1 drivers
v0x55a811314670_0 .net *"_s3", 1 0, L_0x55a811332190;  1 drivers
v0x55a811314750_0 .net *"_s31", 1 0, L_0x55a811332bf0;  1 drivers
L_0x7f3427005c30 .functor BUFT 1, C4<01>, C4<0>, C4<0>, C4<0>;
v0x55a811314830_0 .net/2u *"_s32", 1 0, L_0x7f3427005c30;  1 drivers
v0x55a811314910_0 .net *"_s34", 0 0, L_0x55a811332c90;  1 drivers
v0x55a8113149d0_0 .net *"_s37", 0 0, L_0x55a811332df0;  1 drivers
v0x55a811314ab0_0 .net *"_s38", 31 0, L_0x55a811332e90;  1 drivers
L_0x7f3427005ac8 .functor BUFT 1, C4<00>, C4<0>, C4<0>, C4<0>;
v0x55a811314b90_0 .net/2u *"_s4", 1 0, L_0x7f3427005ac8;  1 drivers
L_0x7f3427005c78 .functor BUFT 1, C4<0000000000000000000000000000000>, C4<0>, C4<0>, C4<0>;
v0x55a811314c70_0 .net *"_s41", 30 0, L_0x7f3427005c78;  1 drivers
L_0x7f3427005cc0 .functor BUFT 1, C4<00000000000000000000000000000001>, C4<0>, C4<0>, C4<0>;
v0x55a811314d50_0 .net/2u *"_s42", 31 0, L_0x7f3427005cc0;  1 drivers
v0x55a811314e30_0 .net *"_s44", 0 0, L_0x55a811333050;  1 drivers
L_0x7f3427005d08 .functor BUFT 1, C4<11111111>, C4<0>, C4<0>, C4<0>;
v0x55a811314ef0_0 .net/2u *"_s46", 7 0, L_0x7f3427005d08;  1 drivers
v0x55a811314fd0_0 .net *"_s48", 7 0, L_0x55a811333190;  1 drivers
v0x55a8113150b0_0 .net *"_s50", 7 0, L_0x55a811333360;  1 drivers
v0x55a811315190_0 .net *"_s55", 1 0, L_0x55a8113335e0;  1 drivers
L_0x7f3427005d50 .functor BUFT 1, C4<00>, C4<0>, C4<0>, C4<0>;
v0x55a811315270_0 .net/2u *"_s56", 1 0, L_0x7f3427005d50;  1 drivers
v0x55a811315350_0 .net *"_s58", 0 0, L_0x55a811333680;  1 drivers
v0x55a811315410_0 .net *"_s6", 0 0, L_0x55a811332230;  1 drivers
v0x55a8113154d0_0 .net *"_s61", 1 0, L_0x55a8113334f0;  1 drivers
L_0x7f3427005d98 .functor BUFT 1, C4<01>, C4<0>, C4<0>, C4<0>;
v0x55a8113155b0_0 .net/2u *"_s62", 1 0, L_0x7f3427005d98;  1 drivers
v0x55a811315690_0 .net *"_s64", 0 0, L_0x55a811333820;  1 drivers
v0x55a811315750_0 .net *"_s67", 0 0, L_0x55a811333a20;  1 drivers
v0x55a811315830_0 .net *"_s68", 31 0, L_0x55a811333ac0;  1 drivers
L_0x7f3427005de0 .functor BUFT 1, C4<0000000000000000000000000000000>, C4<0>, C4<0>, C4<0>;
v0x55a811315910_0 .net *"_s71", 30 0, L_0x7f3427005de0;  1 drivers
L_0x7f3427005e28 .functor BUFT 1, C4<00000000000000000000000000000001>, C4<0>, C4<0>, C4<0>;
v0x55a8113159f0_0 .net/2u *"_s72", 31 0, L_0x7f3427005e28;  1 drivers
v0x55a811315ad0_0 .net *"_s74", 0 0, L_0x55a811333cd0;  1 drivers
L_0x7f3427005e70 .functor BUFT 1, C4<11111111>, C4<0>, C4<0>, C4<0>;
v0x55a811315b90_0 .net/2u *"_s76", 7 0, L_0x7f3427005e70;  1 drivers
v0x55a811315c70_0 .net *"_s78", 7 0, L_0x55a811333e10;  1 drivers
v0x55a811315d50_0 .net *"_s80", 7 0, L_0x55a811334030;  1 drivers
v0x55a811315e30_0 .net *"_s85", 1 0, L_0x55a811334390;  1 drivers
L_0x7f3427005eb8 .functor BUFT 1, C4<00>, C4<0>, C4<0>, C4<0>;
v0x55a811315f10_0 .net/2u *"_s86", 1 0, L_0x7f3427005eb8;  1 drivers
v0x55a811315ff0_0 .net *"_s88", 0 0, L_0x55a811334430;  1 drivers
v0x55a8113160b0_0 .net *"_s9", 0 0, L_0x55a811332370;  1 drivers
v0x55a811316190_0 .net *"_s91", 1 0, L_0x55a811334620;  1 drivers
L_0x7f3427005f00 .functor BUFT 1, C4<01>, C4<0>, C4<0>, C4<0>;
v0x55a811316270_0 .net/2u *"_s92", 1 0, L_0x7f3427005f00;  1 drivers
v0x55a811316350_0 .net *"_s94", 0 0, L_0x55a8113346c0;  1 drivers
L_0x7f3427005f48 .functor BUFT 1, C4<11111111>, C4<0>, C4<0>, C4<0>;
v0x55a811316410_0 .net/2u *"_s96", 7 0, L_0x7f3427005f48;  1 drivers
v0x55a8113164f0_0 .net *"_s98", 7 0, L_0x55a811334910;  1 drivers
L_0x55a81132edf0 .part o0x7f342704e618, 0, 8;
L_0x55a811332190 .part o0x7f342704e618, 8, 2;
L_0x55a811332230 .cmp/eq 2, L_0x55a811332190, L_0x7f3427005ac8;
L_0x55a811332370 .part o0x7f342704e618, 9, 1;
L_0x55a811332410 .concat [ 1 31 0 0], L_0x55a811332370, L_0x7f3427005b10;
L_0x55a811332550 .cmp/eq 32, L_0x55a811332410, L_0x7f3427005b58;
L_0x55a811332690 .functor MUXZ 10, L_0x7f3427005ba0, L_0x55a811338680, L_0x55a811332550, C4<>;
L_0x55a811332820 .functor MUXZ 10, L_0x55a811332690, L_0x55a8113180f0, L_0x55a811332230, C4<>;
L_0x55a8113329b0 .part o0x7f342704e618, 8, 2;
L_0x55a811332a50 .cmp/eq 2, L_0x55a8113329b0, L_0x7f3427005be8;
L_0x55a811332bf0 .part o0x7f342704e618, 8, 2;
L_0x55a811332c90 .cmp/eq 2, L_0x55a811332bf0, L_0x7f3427005c30;
L_0x55a811332df0 .part o0x7f342704e618, 9, 1;
L_0x55a811332e90 .concat [ 1 31 0 0], L_0x55a811332df0, L_0x7f3427005c78;
L_0x55a811333050 .cmp/eq 32, L_0x55a811332e90, L_0x7f3427005cc0;
L_0x55a811333190 .functor MUXZ 8, L_0x7f3427005d08, v0x55a81130c840_0, L_0x55a811333050, C4<>;
L_0x55a811333360 .functor MUXZ 8, L_0x55a811333190, v0x55a811306220_0, L_0x55a811332c90, C4<>;
L_0x55a811333450 .functor MUXZ 8, L_0x55a811333360, v0x55a8112fe090_0, L_0x55a811332a50, C4<>;
L_0x55a8113335e0 .part o0x7f342704e618, 8, 2;
L_0x55a811333680 .cmp/eq 2, L_0x55a8113335e0, L_0x7f3427005d50;
L_0x55a8113334f0 .part o0x7f342704e618, 8, 2;
L_0x55a811333820 .cmp/eq 2, L_0x55a8113334f0, L_0x7f3427005d98;
L_0x55a811333a20 .part o0x7f342704e618, 9, 1;
L_0x55a811333ac0 .concat [ 1 31 0 0], L_0x55a811333a20, L_0x7f3427005de0;
L_0x55a811333cd0 .cmp/eq 32, L_0x55a811333ac0, L_0x7f3427005e28;
L_0x55a811333e10 .functor MUXZ 8, L_0x7f3427005e70, v0x55a81130bcb0_0, L_0x55a811333cd0, C4<>;
L_0x55a811334030 .functor MUXZ 8, L_0x55a811333e10, v0x55a811305c10_0, L_0x55a811333820, C4<>;
L_0x55a811334120 .functor MUXZ 8, L_0x55a811334030, v0x55a8112fd520_0, L_0x55a811333680, C4<>;
L_0x55a811334390 .part o0x7f342704e618, 8, 2;
L_0x55a811334430 .cmp/eq 2, L_0x55a811334390, L_0x7f3427005eb8;
L_0x55a811334620 .part o0x7f342704e618, 8, 2;
L_0x55a8113346c0 .cmp/eq 2, L_0x55a811334620, L_0x7f3427005f00;
L_0x55a811334910 .functor MUXZ 8, L_0x7f3427005f48, v0x55a811306d70_0, L_0x55a8113346c0, C4<>;
L_0x55a811334ae0 .functor MUXZ 8, L_0x55a811334910, v0x55a8112fcf90_0, L_0x55a811334430, C4<>;
L_0x55a811334d80 .part o0x7f342704e618, 8, 2;
L_0x55a811334e20 .cmp/eq 2, L_0x55a811334d80, L_0x7f3427005f90;
L_0x55a811334b80 .part o0x7f342704e618, 8, 2;
L_0x55a811335040 .cmp/eq 2, L_0x55a811334b80, L_0x7f3427005fd8;
L_0x55a811335270 .functor MUXZ 8, L_0x7f3427006020, v0x55a811305650_0, L_0x55a811335040, C4<>;
L_0x55a811335440 .functor MUXZ 8, L_0x55a811335270, v0x55a8112ca3e0_0, L_0x55a811334e20, C4<>;
L_0x55a811335710 .part o0x7f342704e618, 8, 2;
L_0x55a8113357b0 .cmp/eq 2, L_0x55a811335710, L_0x7f3427006068;
L_0x55a811335a00 .part o0x7f342704e618, 8, 2;
L_0x55a811335aa0 .cmp/eq 2, L_0x55a811335a00, L_0x7f34270060b0;
L_0x55a811335d50 .part o0x7f342704e618, 9, 1;
L_0x55a811335df0 .concat [ 1 31 0 0], L_0x55a811335d50, L_0x7f34270060f8;
L_0x55a8113360b0 .cmp/eq 32, L_0x55a811335df0, L_0x7f3427006140;
L_0x55a8113361f0 .functor MUXZ 8, L_0x7f3427006188, v0x55a81130c280_0, L_0x55a8113360b0, C4<>;
L_0x55a811336550 .functor MUXZ 8, L_0x55a8113361f0, v0x55a8113067b0_0, L_0x55a811335aa0, C4<>;
L_0x55a8113366d0 .functor MUXZ 8, L_0x55a811336550, v0x55a8112fdb00_0, L_0x55a8113357b0, C4<>;
L_0x55a8113369f0 .part o0x7f342704e618, 8, 2;
L_0x55a811336ea0 .cmp/eq 2, L_0x55a8113369f0, L_0x7f34270061d0;
L_0x55a811337140 .part o0x7f342704e618, 8, 2;
L_0x55a8113375f0 .cmp/eq 2, L_0x55a811337140, L_0x7f3427006218;
L_0x55a8113378f0 .part o0x7f342704e618, 9, 1;
L_0x55a811337990 .concat [ 1 31 0 0], L_0x55a8113378f0, L_0x7f3427006260;
L_0x55a811337ca0 .cmp/eq 32, L_0x55a811337990, L_0x7f34270062a8;
L_0x55a811337de0 .functor MUXZ 8, L_0x7f34270062f0, v0x55a81130b6f0_0, L_0x55a811337ca0, C4<>;
L_0x55a811338190 .functor MUXZ 8, L_0x55a811337de0, v0x55a8113050b0_0, L_0x55a8113375f0, C4<>;
L_0x55a811338310 .functor MUXZ 8, L_0x55a811338190, v0x55a8112fcab0_0, L_0x55a811336ea0, C4<>;
S_0x55a8112bd510 .scope module, "db1" "DesignBlock1" 2 34, 3 1 0, S_0x55a8112c4140;
 .timescale 0 0;
    .port_info 0 /INPUT 10 "SW"
    .port_info 1 /INPUT 2 "KEY"
    .port_info 2 /OUTPUT 10 "LEDR"
    .port_info 3 /OUTPUT 8 "HEX0"
    .port_info 4 /OUTPUT 8 "HEX1"
    .port_info 5 /OUTPUT 8 "HEX2"
    .port_info 6 /OUTPUT 8 "HEX3"
    .port_info 7 /OUTPUT 8 "HEX4"
    .port_info 8 /OUTPUT 8 "HEX5"
L_0x55a811238880 .functor XOR 1, L_0x55a8113167c0, L_0x55a811316860, C4<0>, C4<0>;
L_0x55a811316ba0 .functor XOR 1, L_0x55a8113169a0, L_0x55a811316a40, C4<0>, C4<0>;
L_0x55a811316d90 .functor XOR 1, L_0x55a811316c10, L_0x55a811316cb0, C4<0>, C4<0>;
L_0x55a811317030 .functor XOR 1, L_0x55a811316ea0, L_0x55a811316f40, C4<0>, C4<0>;
L_0x55a811317310 .functor XOR 1, L_0x55a811317170, L_0x55a811317210, C4<0>, C4<0>;
L_0x55a811317690 .functor XOR 1, L_0x55a8113173d0, L_0x55a811317470, C4<0>, C4<0>;
L_0x55a811317620 .functor XOR 1, L_0x55a811317810, L_0x55a8113178b0, C4<0>, C4<0>;
L_0x55a811317c40 .functor XOR 1, L_0x55a811317a70, L_0x55a811317b10, C4<0>, C4<0>;
L_0x55a811317fb0 .functor XOR 1, L_0x55a811317dd0, L_0x55a811317e70, C4<0>, C4<0>;
L_0x55a811318600 .functor XOR 1, L_0x55a8113184b0, L_0x55a811317f10, C4<0>, C4<0>;
v0x55a8112fe1e0_0 .net "HEX0", 7 0, v0x55a8112fe090_0;  alias, 1 drivers
v0x55a8112fe2d0_0 .net "HEX1", 7 0, v0x55a8112fd520_0;  alias, 1 drivers
v0x55a8112fe3a0_0 .net "HEX2", 7 0, v0x55a8112fcf90_0;  alias, 1 drivers
v0x55a8112fe4a0_0 .net "HEX3", 7 0, v0x55a8112ca3e0_0;  alias, 1 drivers
v0x55a8112fe570_0 .net "HEX4", 7 0, v0x55a8112fdb00_0;  alias, 1 drivers
v0x55a8112fe660_0 .net "HEX5", 7 0, v0x55a8112fcab0_0;  alias, 1 drivers
v0x55a8112fe730_0 .net "KEY", 1 0, o0x7f342704e5b8;  alias, 0 drivers
v0x55a8112fe7d0_0 .net "LEDR", 9 0, L_0x55a8113180f0;  alias, 1 drivers
v0x55a8112fe8b0_0 .net "SW", 9 0, o0x7f342704e618;  alias, 0 drivers
v0x55a8112fe990_0 .net *"_s11", 0 0, L_0x55a8113169a0;  1 drivers
v0x55a8112fea70_0 .net *"_s13", 0 0, L_0x55a811316a40;  1 drivers
v0x55a8112feb50_0 .net *"_s14", 0 0, L_0x55a811316ba0;  1 drivers
v0x55a8112fec30_0 .net *"_s19", 0 0, L_0x55a811316c10;  1 drivers
v0x55a8112fed10_0 .net *"_s21", 0 0, L_0x55a811316cb0;  1 drivers
v0x55a8112fedf0_0 .net *"_s22", 0 0, L_0x55a811316d90;  1 drivers
v0x55a8112feed0_0 .net *"_s27", 0 0, L_0x55a811316ea0;  1 drivers
v0x55a8112fefb0_0 .net *"_s29", 0 0, L_0x55a811316f40;  1 drivers
v0x55a8112ff1a0_0 .net *"_s3", 0 0, L_0x55a8113167c0;  1 drivers
v0x55a8112ff280_0 .net *"_s30", 0 0, L_0x55a811317030;  1 drivers
v0x55a8112ff360_0 .net *"_s35", 0 0, L_0x55a811317170;  1 drivers
v0x55a8112ff440_0 .net *"_s37", 0 0, L_0x55a811317210;  1 drivers
v0x55a8112ff520_0 .net *"_s38", 0 0, L_0x55a811317310;  1 drivers
v0x55a8112ff600_0 .net *"_s43", 0 0, L_0x55a8113173d0;  1 drivers
v0x55a8112ff6e0_0 .net *"_s45", 0 0, L_0x55a811317470;  1 drivers
v0x55a8112ff7c0_0 .net *"_s46", 0 0, L_0x55a811317690;  1 drivers
v0x55a8112ff8a0_0 .net *"_s5", 0 0, L_0x55a811316860;  1 drivers
v0x55a8112ff980_0 .net *"_s51", 0 0, L_0x55a811317810;  1 drivers
v0x55a8112ffa60_0 .net *"_s53", 0 0, L_0x55a8113178b0;  1 drivers
v0x55a8112ffb40_0 .net *"_s54", 0 0, L_0x55a811317620;  1 drivers
v0x55a8112ffc20_0 .net *"_s59", 0 0, L_0x55a811317a70;  1 drivers
v0x55a8112ffd00_0 .net *"_s6", 0 0, L_0x55a811238880;  1 drivers
v0x55a8112ffde0_0 .net *"_s61", 0 0, L_0x55a811317b10;  1 drivers
v0x55a8112ffec0_0 .net *"_s62", 0 0, L_0x55a811317c40;  1 drivers
v0x55a8112fffa0_0 .net *"_s67", 0 0, L_0x55a811317dd0;  1 drivers
v0x55a811300080_0 .net *"_s69", 0 0, L_0x55a811317e70;  1 drivers
v0x55a811300160_0 .net *"_s70", 0 0, L_0x55a811317fb0;  1 drivers
v0x55a811300240_0 .net *"_s76", 0 0, L_0x55a8113184b0;  1 drivers
v0x55a811300320_0 .net *"_s78", 0 0, L_0x55a811317f10;  1 drivers
v0x55a811300400_0 .net *"_s79", 0 0, L_0x55a811318600;  1 drivers
v0x55a8113004e0_0 .net *"_s83", 0 0, L_0x55a811318a60;  1 drivers
v0x55a8113005c0_0 .var "fifth", 3 0;
v0x55a8113006b0_0 .var "first", 3 0;
v0x55a811300780_0 .var "fourth", 3 0;
v0x55a811300850_0 .var "second", 3 0;
v0x55a811300920_0 .var "sixth", 3 0;
v0x55a8113009f0_0 .var "third", 3 0;
v0x55a811300ac0_0 .var "true", 0 0;
E_0x55a811238460 .event negedge, L_0x55a811318a60;
L_0x55a8113167c0 .part o0x7f342704e618, 0, 1;
L_0x55a811316860 .part o0x7f342704e5b8, 0, 1;
L_0x55a8113169a0 .part o0x7f342704e618, 1, 1;
L_0x55a811316a40 .part o0x7f342704e5b8, 0, 1;
L_0x55a811316c10 .part o0x7f342704e618, 2, 1;
L_0x55a811316cb0 .part o0x7f342704e5b8, 0, 1;
L_0x55a811316ea0 .part o0x7f342704e618, 3, 1;
L_0x55a811316f40 .part o0x7f342704e5b8, 0, 1;
L_0x55a811317170 .part o0x7f342704e618, 4, 1;
L_0x55a811317210 .part o0x7f342704e5b8, 0, 1;
L_0x55a8113173d0 .part o0x7f342704e618, 5, 1;
L_0x55a811317470 .part o0x7f342704e5b8, 0, 1;
L_0x55a811317810 .part o0x7f342704e618, 6, 1;
L_0x55a8113178b0 .part o0x7f342704e5b8, 0, 1;
L_0x55a811317a70 .part o0x7f342704e618, 7, 1;
L_0x55a811317b10 .part o0x7f342704e5b8, 0, 1;
L_0x55a811317dd0 .part o0x7f342704e618, 8, 1;
L_0x55a811317e70 .part o0x7f342704e5b8, 0, 1;
LS_0x55a8113180f0_0_0 .concat8 [ 1 1 1 1], L_0x55a811238880, L_0x55a811316ba0, L_0x55a811316d90, L_0x55a811317030;
LS_0x55a8113180f0_0_4 .concat8 [ 1 1 1 1], L_0x55a811317310, L_0x55a811317690, L_0x55a811317620, L_0x55a811317c40;
LS_0x55a8113180f0_0_8 .concat8 [ 1 1 0 0], L_0x55a811317fb0, L_0x55a811318600;
L_0x55a8113180f0 .concat8 [ 4 4 2 0], LS_0x55a8113180f0_0_0, LS_0x55a8113180f0_0_4, LS_0x55a8113180f0_0_8;
L_0x55a8113184b0 .part o0x7f342704e618, 9, 1;
L_0x55a811317f10 .part o0x7f342704e5b8, 0, 1;
L_0x55a811318a60 .part o0x7f342704e5b8, 1, 1;
S_0x55a8112b4ca0 .scope module, "first_one" "HexNumbers" 3 63, 4 1 0, S_0x55a8112bd510;
 .timescale 0 0;
    .port_info 0 /INPUT 4 "NUM"
    .port_info 1 /OUTPUT 8 "HEX"
v0x55a8112e45d0_0 .net "HEX", 7 0, v0x55a8112ca3e0_0;  alias, 1 drivers
v0x55a8112ccad0_0 .net "NUM", 3 0, v0x55a8113009f0_0;  1 drivers
v0x55a8112ca3e0_0 .var "out", 7 0;
E_0x55a81123b930 .event edge, v0x55a8112ccad0_0;
S_0x55a8112fc7b0 .scope module, "first_zero" "HexNumbers" 3 59, 4 1 0, S_0x55a8112bd510;
 .timescale 0 0;
    .port_info 0 /INPUT 4 "NUM"
    .port_info 1 /OUTPUT 8 "HEX"
v0x55a8112c7d60_0 .net "HEX", 7 0, v0x55a8112fcab0_0;  alias, 1 drivers
v0x55a8112fc9d0_0 .net "NUM", 3 0, v0x55a8113006b0_0;  1 drivers
v0x55a8112fcab0_0 .var "out", 7 0;
E_0x55a811201ce0 .event edge, v0x55a8112fc9d0_0;
S_0x55a8112fcbd0 .scope module, "second_one" "HexNumbers" 3 65, 4 1 0, S_0x55a8112bd510;
 .timescale 0 0;
    .port_info 0 /INPUT 4 "NUM"
    .port_info 1 /OUTPUT 8 "HEX"
v0x55a8112fcdb0_0 .net "HEX", 7 0, v0x55a8112fcf90_0;  alias, 1 drivers
v0x55a8112fceb0_0 .net "NUM", 3 0, v0x55a811300780_0;  1 drivers
v0x55a8112fcf90_0 .var "out", 7 0;
E_0x55a8112fcd50 .event edge, v0x55a8112fceb0_0;
S_0x55a8112fd0b0 .scope module, "second_zero" "HexNumbers" 3 67, 4 1 0, S_0x55a8112bd510;
 .timescale 0 0;
    .port_info 0 /INPUT 4 "NUM"
    .port_info 1 /OUTPUT 8 "HEX"
v0x55a8112fd340_0 .net "HEX", 7 0, v0x55a8112fd520_0;  alias, 1 drivers
v0x55a8112fd440_0 .net "NUM", 3 0, v0x55a8113005c0_0;  1 drivers
v0x55a8112fd520_0 .var "out", 7 0;
E_0x55a8112fd2c0 .event edge, v0x55a8112fd440_0;
S_0x55a8112fd640 .scope module, "six" "HexNumbers" 3 61, 4 1 0, S_0x55a8112bd510;
 .timescale 0 0;
    .port_info 0 /INPUT 4 "NUM"
    .port_info 1 /OUTPUT 8 "HEX"
v0x55a8112fd920_0 .net "HEX", 7 0, v0x55a8112fdb00_0;  alias, 1 drivers
v0x55a8112fda20_0 .net "NUM", 3 0, v0x55a811300850_0;  1 drivers
v0x55a8112fdb00_0 .var "out", 7 0;
E_0x55a8112fd8a0 .event edge, v0x55a8112fda20_0;
S_0x55a8112fdc20 .scope module, "third_zero" "HexNumbers" 3 69, 4 1 0, S_0x55a8112bd510;
 .timescale 0 0;
    .port_info 0 /INPUT 4 "NUM"
    .port_info 1 /OUTPUT 8 "HEX"
v0x55a8112fdeb0_0 .net "HEX", 7 0, v0x55a8112fe090_0;  alias, 1 drivers
v0x55a8112fdfb0_0 .net "NUM", 3 0, v0x55a811300920_0;  1 drivers
v0x55a8112fe090_0 .var "out", 7 0;
E_0x55a8112fde30 .event edge, v0x55a8112fdfb0_0;
S_0x55a811300c80 .scope module, "db2" "DesignBlock2" 2 48, 5 1 0, S_0x55a8112c4140;
 .timescale 0 0;
    .port_info 0 /INPUT 8 "SW"
    .port_info 1 /OUTPUT 8 "HEX0"
    .port_info 2 /OUTPUT 8 "HEX1"
    .port_info 3 /OUTPUT 8 "HEX2"
    .port_info 4 /OUTPUT 8 "HEX3"
    .port_info 5 /OUTPUT 8 "HEX4"
    .port_info 6 /OUTPUT 8 "HEX5"
    .port_info 7 /INPUT 2 "KEY"
L_0x55a81132c6c0 .functor NOT 4, L_0x55a811318bc0, C4<0000>, C4<0000>, C4<0000>;
L_0x55a81132c930 .functor NOT 4, L_0x55a811318c60, C4<0000>, C4<0000>, C4<0000>;
L_0x55a81132e6d0 .functor NOT 4, L_0x55a81131bae0, C4<0000>, C4<0000>, C4<0000>;
v0x55a811306ec0_0 .net "HEX0", 7 0, v0x55a811306220_0;  alias, 1 drivers
v0x55a811306fb0_0 .net "HEX1", 7 0, v0x55a811305c10_0;  alias, 1 drivers
v0x55a811307080_0 .net "HEX2", 7 0, v0x55a811306d70_0;  alias, 1 drivers
v0x55a811307180_0 .net "HEX3", 7 0, v0x55a811305650_0;  alias, 1 drivers
v0x55a811307250_0 .net "HEX4", 7 0, v0x55a8113067b0_0;  alias, 1 drivers
v0x55a811307340_0 .net "HEX5", 7 0, v0x55a8113050b0_0;  alias, 1 drivers
v0x55a811307410_0 .net "KEY", 1 0, o0x7f342704e5b8;  alias, 0 drivers
v0x55a8113074e0_0 .net "SW", 7 0, L_0x55a81132edf0;  1 drivers
L_0x7f34270055b8 .functor BUFT 1, C4<0000000000000000000000000000000>, C4<0>, C4<0>, C4<0>;
v0x55a811307580_0 .net *"_s101", 30 0, L_0x7f34270055b8;  1 drivers
L_0x7f3427005600 .functor BUFT 1, C4<00000000000000000000000000000001>, C4<0>, C4<0>, C4<0>;
v0x55a811307660_0 .net/2u *"_s102", 31 0, L_0x7f3427005600;  1 drivers
v0x55a811307740_0 .net *"_s104", 0 0, L_0x55a81132e590;  1 drivers
v0x55a811307800_0 .net *"_s106", 3 0, L_0x55a81132e6d0;  1 drivers
L_0x7f3427005648 .functor BUFT 1, C4<0001>, C4<0>, C4<0>, C4<0>;
v0x55a8113078e0_0 .net/2u *"_s108", 3 0, L_0x7f3427005648;  1 drivers
L_0x7f3427005018 .functor BUFT 1, C4<0000000000000000000000000000000>, C4<0>, C4<0>, C4<0>;
v0x55a8113079c0_0 .net *"_s11", 30 0, L_0x7f3427005018;  1 drivers
v0x55a811307aa0_0 .net *"_s110", 3 0, L_0x55a81132e740;  1 drivers
v0x55a811307b80_0 .net *"_s112", 3 0, L_0x55a81132e9f0;  1 drivers
L_0x7f3427005060 .functor BUFT 1, C4<00000000000000000000000000000001>, C4<0>, C4<0>, C4<0>;
v0x55a811307c60_0 .net/2u *"_s12", 31 0, L_0x7f3427005060;  1 drivers
v0x55a811307e50_0 .net *"_s14", 0 0, L_0x55a81132be30;  1 drivers
L_0x7f34270050a8 .functor BUFT 1, C4<1010>, C4<0>, C4<0>, C4<0>;
v0x55a811307f10_0 .net/2u *"_s16", 3 0, L_0x7f34270050a8;  1 drivers
L_0x7f34270050f0 .functor BUFT 1, C4<1011>, C4<0>, C4<0>, C4<0>;
v0x55a811307ff0_0 .net/2u *"_s18", 3 0, L_0x7f34270050f0;  1 drivers
v0x55a8113080d0_0 .net *"_s23", 0 0, L_0x55a81132c190;  1 drivers
v0x55a8113081b0_0 .net *"_s24", 31 0, L_0x55a81132c390;  1 drivers
L_0x7f3427005138 .functor BUFT 1, C4<0000000000000000000000000000000>, C4<0>, C4<0>, C4<0>;
v0x55a811308290_0 .net *"_s27", 30 0, L_0x7f3427005138;  1 drivers
L_0x7f3427005180 .functor BUFT 1, C4<00000000000000000000000000000001>, C4<0>, C4<0>, C4<0>;
v0x55a811308370_0 .net/2u *"_s28", 31 0, L_0x7f3427005180;  1 drivers
v0x55a811308450_0 .net *"_s30", 0 0, L_0x55a81132c520;  1 drivers
v0x55a811308510_0 .net *"_s32", 3 0, L_0x55a81132c6c0;  1 drivers
L_0x7f34270051c8 .functor BUFT 1, C4<0001>, C4<0>, C4<0>, C4<0>;
v0x55a8113085f0_0 .net/2s *"_s34", 3 0, L_0x7f34270051c8;  1 drivers
v0x55a8113086d0_0 .net/s *"_s36", 3 0, L_0x55a81132c730;  1 drivers
v0x55a8113087b0_0 .net *"_s41", 0 0, L_0x55a81132cb00;  1 drivers
v0x55a811308890_0 .net *"_s42", 31 0, L_0x55a81132cba0;  1 drivers
L_0x7f3427005210 .functor BUFT 1, C4<0000000000000000000000000000000>, C4<0>, C4<0>, C4<0>;
v0x55a811308970_0 .net *"_s45", 30 0, L_0x7f3427005210;  1 drivers
L_0x7f3427005258 .functor BUFT 1, C4<00000000000000000000000000000001>, C4<0>, C4<0>, C4<0>;
v0x55a811308a50_0 .net/2u *"_s46", 31 0, L_0x7f3427005258;  1 drivers
v0x55a811308b30_0 .net *"_s48", 0 0, L_0x55a81132cd60;  1 drivers
L_0x7f34270052a0 .functor BUFT 1, C4<1010>, C4<0>, C4<0>, C4<0>;
v0x55a811308e00_0 .net/2u *"_s50", 3 0, L_0x7f34270052a0;  1 drivers
L_0x7f34270052e8 .functor BUFT 1, C4<1011>, C4<0>, C4<0>, C4<0>;
v0x55a811308ee0_0 .net/2u *"_s52", 3 0, L_0x7f34270052e8;  1 drivers
v0x55a811308fc0_0 .net *"_s57", 0 0, L_0x55a81132d0c0;  1 drivers
v0x55a8113090a0_0 .net *"_s58", 31 0, L_0x55a81132d270;  1 drivers
L_0x7f3427005330 .functor BUFT 1, C4<0000000000000000000000000000000>, C4<0>, C4<0>, C4<0>;
v0x55a811309180_0 .net *"_s61", 30 0, L_0x7f3427005330;  1 drivers
L_0x7f3427005378 .functor BUFT 1, C4<00000000000000000000000000000001>, C4<0>, C4<0>, C4<0>;
v0x55a811309260_0 .net/2u *"_s62", 31 0, L_0x7f3427005378;  1 drivers
v0x55a811309340_0 .net *"_s64", 0 0, L_0x55a81132d450;  1 drivers
v0x55a811309400_0 .net *"_s66", 3 0, L_0x55a81132c930;  1 drivers
L_0x7f34270053c0 .functor BUFT 1, C4<0001>, C4<0>, C4<0>, C4<0>;
v0x55a8113094e0_0 .net/2s *"_s68", 3 0, L_0x7f34270053c0;  1 drivers
v0x55a8113095c0_0 .net *"_s7", 0 0, L_0x55a81131bc40;  1 drivers
v0x55a8113096a0_0 .net/s *"_s70", 3 0, L_0x55a81132d590;  1 drivers
L_0x7f3427005408 .functor BUFT 1, C4<0000>, C4<0>, C4<0>, C4<0>;
v0x55a811309780_0 .net/2u *"_s74", 3 0, L_0x7f3427005408;  1 drivers
v0x55a811309860_0 .net *"_s77", 0 0, L_0x55a81132d950;  1 drivers
v0x55a811309940_0 .net *"_s78", 31 0, L_0x55a81132dab0;  1 drivers
v0x55a811309a20_0 .net *"_s8", 31 0, L_0x55a81131bce0;  1 drivers
L_0x7f3427005450 .functor BUFT 1, C4<0000000000000000000000000000000>, C4<0>, C4<0>, C4<0>;
v0x55a811309b00_0 .net *"_s81", 30 0, L_0x7f3427005450;  1 drivers
L_0x7f3427005498 .functor BUFT 1, C4<00000000000000000000000000000001>, C4<0>, C4<0>, C4<0>;
v0x55a811309be0_0 .net/2u *"_s82", 31 0, L_0x7f3427005498;  1 drivers
v0x55a811309cc0_0 .net *"_s84", 0 0, L_0x55a81132dd00;  1 drivers
L_0x7f34270054e0 .functor BUFT 1, C4<1010>, C4<0>, C4<0>, C4<0>;
v0x55a811309d80_0 .net/2u *"_s86", 3 0, L_0x7f34270054e0;  1 drivers
L_0x7f3427005528 .functor BUFT 1, C4<1011>, C4<0>, C4<0>, C4<0>;
v0x55a811309e60_0 .net/2u *"_s88", 3 0, L_0x7f3427005528;  1 drivers
v0x55a811309f40_0 .net *"_s90", 3 0, L_0x55a81132df10;  1 drivers
L_0x7f3427005570 .functor BUFT 1, C4<1111>, C4<0>, C4<0>, C4<0>;
v0x55a81130a020_0 .net/2u *"_s94", 3 0, L_0x7f3427005570;  1 drivers
v0x55a81130a100_0 .net *"_s97", 0 0, L_0x55a81132e310;  1 drivers
v0x55a81130a1e0_0 .net *"_s98", 31 0, L_0x55a81132e3b0;  1 drivers
v0x55a81130a2c0_0 .net "input1", 3 0, L_0x55a81132c890;  1 drivers
v0x55a81130a3b0_0 .net "input2", 3 0, L_0x55a81132d360;  1 drivers
v0x55a81130a480_0 .net/s "input_x", 3 0, L_0x55a811318bc0;  1 drivers
v0x55a81130a550_0 .net/s "input_y", 3 0, L_0x55a811318c60;  1 drivers
v0x55a81130a620_0 .net "overflow", 0 0, L_0x55a81131b540;  1 drivers
v0x55a81130a6f0_0 .net "sign1", 3 0, L_0x55a81132bfb0;  1 drivers
v0x55a81130a7c0_0 .net "sign2", 3 0, L_0x55a81132ce50;  1 drivers
v0x55a81130a890_0 .net "sign_out", 3 0, L_0x55a81132e0a0;  1 drivers
v0x55a81130ad70_0 .net/s "sum", 3 0, L_0x55a81131bae0;  1 drivers
v0x55a81130ae40_0 .net "sum_out", 3 0, L_0x55a81132eb30;  1 drivers
L_0x55a811318bc0 .part L_0x55a81132edf0, 4, 4;
L_0x55a811318c60 .part L_0x55a81132edf0, 0, 4;
L_0x55a81131bba0 .part o0x7f342704e5b8, 0, 1;
L_0x55a81131bc40 .part L_0x55a811318bc0, 3, 1;
L_0x55a81131bce0 .concat [ 1 31 0 0], L_0x55a81131bc40, L_0x7f3427005018;
L_0x55a81132be30 .cmp/eq 32, L_0x55a81131bce0, L_0x7f3427005060;
L_0x55a81132bfb0 .functor MUXZ 4, L_0x7f34270050f0, L_0x7f34270050a8, L_0x55a81132be30, C4<>;
L_0x55a81132c190 .part L_0x55a811318bc0, 3, 1;
L_0x55a81132c390 .concat [ 1 31 0 0], L_0x55a81132c190, L_0x7f3427005138;
L_0x55a81132c520 .cmp/eq 32, L_0x55a81132c390, L_0x7f3427005180;
L_0x55a81132c730 .arith/sum 4, L_0x55a81132c6c0, L_0x7f34270051c8;
L_0x55a81132c890 .functor MUXZ 4, L_0x55a811318bc0, L_0x55a81132c730, L_0x55a81132c520, C4<>;
L_0x55a81132cb00 .part L_0x55a811318c60, 3, 1;
L_0x55a81132cba0 .concat [ 1 31 0 0], L_0x55a81132cb00, L_0x7f3427005210;
L_0x55a81132cd60 .cmp/eq 32, L_0x55a81132cba0, L_0x7f3427005258;
L_0x55a81132ce50 .functor MUXZ 4, L_0x7f34270052e8, L_0x7f34270052a0, L_0x55a81132cd60, C4<>;
L_0x55a81132d0c0 .part L_0x55a811318c60, 3, 1;
L_0x55a81132d270 .concat [ 1 31 0 0], L_0x55a81132d0c0, L_0x7f3427005330;
L_0x55a81132d450 .cmp/eq 32, L_0x55a81132d270, L_0x7f3427005378;
L_0x55a81132d590 .arith/sum 4, L_0x55a81132c930, L_0x7f34270053c0;
L_0x55a81132d360 .functor MUXZ 4, L_0x55a811318c60, L_0x55a81132d590, L_0x55a81132d450, C4<>;
L_0x55a81132d950 .part L_0x55a81131bae0, 3, 1;
L_0x55a81132dab0 .concat [ 1 31 0 0], L_0x55a81132d950, L_0x7f3427005450;
L_0x55a81132dd00 .cmp/eq 32, L_0x55a81132dab0, L_0x7f3427005498;
L_0x55a81132df10 .functor MUXZ 4, L_0x7f3427005528, L_0x7f34270054e0, L_0x55a81132dd00, C4<>;
L_0x55a81132e0a0 .functor MUXZ 4, L_0x55a81132df10, L_0x7f3427005408, L_0x55a81131b540, C4<>;
L_0x55a81132e310 .part L_0x55a81131bae0, 3, 1;
L_0x55a81132e3b0 .concat [ 1 31 0 0], L_0x55a81132e310, L_0x7f34270055b8;
L_0x55a81132e590 .cmp/eq 32, L_0x55a81132e3b0, L_0x7f3427005600;
L_0x55a81132e740 .arith/sum 4, L_0x55a81132e6d0, L_0x7f3427005648;
L_0x55a81132e9f0 .functor MUXZ 4, L_0x55a81131bae0, L_0x55a81132e740, L_0x55a81132e590, C4<>;
L_0x55a81132eb30 .functor MUXZ 4, L_0x55a81132e9f0, L_0x7f3427005570, L_0x55a81131b540, C4<>;
S_0x55a811300f40 .scope module, "adder" "FourBitAdder" 5 22, 6 1 0, S_0x55a811300c80;
 .timescale 0 0;
    .port_info 0 /INPUT 1 "carry_in"
    .port_info 1 /INPUT 4 "input_x"
    .port_info 2 /INPUT 4 "input_y"
    .port_info 3 /OUTPUT 1 "overflow"
    .port_info 4 /OUTPUT 4 "sum"
L_0x55a811319420 .functor NOT 1, L_0x55a81131bba0, C4<0>, C4<0>, C4<0>;
L_0x55a811319490 .functor XOR 1, L_0x55a811319380, L_0x55a811319420, C4<0>, C4<0>;
L_0x55a811319500 .functor NOT 1, L_0x55a81131bba0, C4<0>, C4<0>, C4<0>;
L_0x55a811319d90 .functor NOT 1, L_0x55a81131bba0, C4<0>, C4<0>, C4<0>;
L_0x55a811319e30 .functor XOR 1, L_0x55a811319c30, L_0x55a811319d90, C4<0>, C4<0>;
L_0x55a81131a6b0 .functor NOT 1, L_0x55a81131bba0, C4<0>, C4<0>, C4<0>;
L_0x55a81131a7f0 .functor XOR 1, L_0x55a81131a610, L_0x55a81131a6b0, C4<0>, C4<0>;
L_0x55a81131b150 .functor NOT 1, L_0x55a81131bba0, C4<0>, C4<0>, C4<0>;
L_0x55a81131b210 .functor XOR 1, L_0x55a81131b050, L_0x55a81131b150, C4<0>, C4<0>;
L_0x55a81131b540 .functor XOR 1, L_0x55a81131b7d0, L_0x55a81131b8f0, C4<0>, C4<0>;
L_0x55a81131bae0 .functor BUFZ 4, L_0x55a81131b3b0, C4<0000>, C4<0000>, C4<0000>;
v0x55a811303ca0_0 .net *"_s17", 0 0, L_0x55a811319c30;  1 drivers
v0x55a811303da0_0 .net *"_s18", 0 0, L_0x55a811319d90;  1 drivers
v0x55a811303e80_0 .net *"_s3", 0 0, L_0x55a811319380;  1 drivers
v0x55a811303f40_0 .net *"_s31", 0 0, L_0x55a81131a610;  1 drivers
v0x55a811304020_0 .net *"_s32", 0 0, L_0x55a81131a6b0;  1 drivers
v0x55a811304100_0 .net *"_s4", 0 0, L_0x55a811319420;  1 drivers
v0x55a8113041e0_0 .net *"_s45", 0 0, L_0x55a81131b050;  1 drivers
v0x55a8113042c0_0 .net *"_s46", 0 0, L_0x55a81131b150;  1 drivers
v0x55a8113043a0_0 .net *"_s59", 0 0, L_0x55a81131b7d0;  1 drivers
v0x55a811304510_0 .net *"_s61", 0 0, L_0x55a81131b8f0;  1 drivers
v0x55a8113045f0_0 .net "carry_in", 0 0, L_0x55a81131bba0;  1 drivers
v0x55a8113046b0_0 .net "carry_out", 3 0, L_0x55a81131b5b0;  1 drivers
v0x55a811304790_0 .net "input_x", 3 0, L_0x55a811318bc0;  alias, 1 drivers
v0x55a811304870_0 .net "input_y", 3 0, L_0x55a811318c60;  alias, 1 drivers
v0x55a811304950_0 .net "overflow", 0 0, L_0x55a81131b540;  alias, 1 drivers
v0x55a811304a10_0 .net "sum", 3 0, L_0x55a81131bae0;  alias, 1 drivers
v0x55a811304af0_0 .net "sum_out", 3 0, L_0x55a81131b3b0;  1 drivers
L_0x55a8113192e0 .part L_0x55a811318bc0, 0, 1;
L_0x55a811319380 .part L_0x55a811318c60, 0, 1;
L_0x55a811319b00 .part L_0x55a811318bc0, 1, 1;
L_0x55a811319c30 .part L_0x55a811318c60, 1, 1;
L_0x55a811319f30 .part L_0x55a81131b5b0, 0, 1;
L_0x55a81131a4a0 .part L_0x55a811318bc0, 2, 1;
L_0x55a81131a610 .part L_0x55a811318c60, 2, 1;
L_0x55a81131a8f0 .part L_0x55a81131b5b0, 1, 1;
L_0x55a81131af20 .part L_0x55a811318bc0, 3, 1;
L_0x55a81131b050 .part L_0x55a811318c60, 3, 1;
L_0x55a81131b310 .part L_0x55a81131b5b0, 2, 1;
L_0x55a81131b3b0 .concat8 [ 1 1 1 1], L_0x55a811318e10, L_0x55a811319630, L_0x55a81131a040, L_0x55a81131aa50;
L_0x55a81131b5b0 .concat8 [ 1 1 1 1], L_0x55a811319190, L_0x55a8113199b0, L_0x55a81131a350, L_0x55a81131add0;
L_0x55a81131b7d0 .part L_0x55a81131b5b0, 2, 1;
L_0x55a81131b8f0 .part L_0x55a81131b5b0, 3, 1;
S_0x55a8113011c0 .scope module, "adder1" "FullAdder" 6 14, 7 1 0, S_0x55a811300f40;
 .timescale 0 0;
    .port_info 0 /INPUT 1 "input1"
    .port_info 1 /INPUT 1 "input2"
    .port_info 2 /INPUT 1 "carry_in"
    .port_info 3 /OUTPUT 1 "sum_out"
    .port_info 4 /OUTPUT 1 "carry_out"
L_0x55a811318da0 .functor XOR 1, L_0x55a8113192e0, L_0x55a811319490, C4<0>, C4<0>;
L_0x55a811318e10 .functor XOR 1, L_0x55a811318da0, L_0x55a811319500, C4<0>, C4<0>;
L_0x55a811318ed0 .functor XOR 1, L_0x55a8113192e0, L_0x55a811319490, C4<0>, C4<0>;
L_0x55a811318fe0 .functor AND 1, L_0x55a811318ed0, L_0x55a811319500, C4<1>, C4<1>;
L_0x55a811319120 .functor AND 1, L_0x55a8113192e0, L_0x55a811319490, C4<1>, C4<1>;
L_0x55a811319190 .functor OR 1, L_0x55a811318fe0, L_0x55a811319120, C4<0>, C4<0>;
v0x55a811301460_0 .net *"_s0", 0 0, L_0x55a811318da0;  1 drivers
v0x55a811301560_0 .net *"_s4", 0 0, L_0x55a811318ed0;  1 drivers
v0x55a811301640_0 .net *"_s6", 0 0, L_0x55a811318fe0;  1 drivers
v0x55a811301710_0 .net *"_s8", 0 0, L_0x55a811319120;  1 drivers
v0x55a8113017d0_0 .net "carry_in", 0 0, L_0x55a811319500;  1 drivers
v0x55a8113018e0_0 .net "carry_out", 0 0, L_0x55a811319190;  1 drivers
v0x55a8113019a0_0 .net "input1", 0 0, L_0x55a8113192e0;  1 drivers
v0x55a811301a60_0 .net "input2", 0 0, L_0x55a811319490;  1 drivers
v0x55a811301b20_0 .net "sum_out", 0 0, L_0x55a811318e10;  1 drivers
S_0x55a811301c80 .scope module, "adder2" "FullAdder" 6 15, 7 1 0, S_0x55a811300f40;
 .timescale 0 0;
    .port_info 0 /INPUT 1 "input1"
    .port_info 1 /INPUT 1 "input2"
    .port_info 2 /INPUT 1 "carry_in"
    .port_info 3 /OUTPUT 1 "sum_out"
    .port_info 4 /OUTPUT 1 "carry_out"
L_0x55a8113195c0 .functor XOR 1, L_0x55a811319b00, L_0x55a811319e30, C4<0>, C4<0>;
L_0x55a811319630 .functor XOR 1, L_0x55a8113195c0, L_0x55a811319f30, C4<0>, C4<0>;
L_0x55a8113196f0 .functor XOR 1, L_0x55a811319b00, L_0x55a811319e30, C4<0>, C4<0>;
L_0x55a811319800 .functor AND 1, L_0x55a8113196f0, L_0x55a811319f30, C4<1>, C4<1>;
L_0x55a811319940 .functor AND 1, L_0x55a811319b00, L_0x55a811319e30, C4<1>, C4<1>;
L_0x55a8113199b0 .functor OR 1, L_0x55a811319800, L_0x55a811319940, C4<0>, C4<0>;
v0x55a811301ea0_0 .net *"_s0", 0 0, L_0x55a8113195c0;  1 drivers
v0x55a811301f80_0 .net *"_s4", 0 0, L_0x55a8113196f0;  1 drivers
v0x55a811302060_0 .net *"_s6", 0 0, L_0x55a811319800;  1 drivers
v0x55a811302130_0 .net *"_s8", 0 0, L_0x55a811319940;  1 drivers
v0x55a8113021f0_0 .net "carry_in", 0 0, L_0x55a811319f30;  1 drivers
v0x55a811302300_0 .net "carry_out", 0 0, L_0x55a8113199b0;  1 drivers
v0x55a8113023c0_0 .net "input1", 0 0, L_0x55a811319b00;  1 drivers
v0x55a811302480_0 .net "input2", 0 0, L_0x55a811319e30;  1 drivers
v0x55a811302540_0 .net "sum_out", 0 0, L_0x55a811319630;  1 drivers
S_0x55a811302730 .scope module, "adder3" "FullAdder" 6 16, 7 1 0, S_0x55a811300f40;
 .timescale 0 0;
    .port_info 0 /INPUT 1 "input1"
    .port_info 1 /INPUT 1 "input2"
    .port_info 2 /INPUT 1 "carry_in"
    .port_info 3 /OUTPUT 1 "sum_out"
    .port_info 4 /OUTPUT 1 "carry_out"
L_0x55a811319fd0 .functor XOR 1, L_0x55a81131a4a0, L_0x55a81131a7f0, C4<0>, C4<0>;
L_0x55a81131a040 .functor XOR 1, L_0x55a811319fd0, L_0x55a81131a8f0, C4<0>, C4<0>;
L_0x55a81131a0b0 .functor XOR 1, L_0x55a81131a4a0, L_0x55a81131a7f0, C4<0>, C4<0>;
L_0x55a81131a1a0 .functor AND 1, L_0x55a81131a0b0, L_0x55a81131a8f0, C4<1>, C4<1>;
L_0x55a81131a2e0 .functor AND 1, L_0x55a81131a4a0, L_0x55a81131a7f0, C4<1>, C4<1>;
L_0x55a81131a350 .functor OR 1, L_0x55a81131a1a0, L_0x55a81131a2e0, C4<0>, C4<0>;
v0x55a811302960_0 .net *"_s0", 0 0, L_0x55a811319fd0;  1 drivers
v0x55a811302a40_0 .net *"_s4", 0 0, L_0x55a81131a0b0;  1 drivers
v0x55a811302b20_0 .net *"_s6", 0 0, L_0x55a81131a1a0;  1 drivers
v0x55a811302bf0_0 .net *"_s8", 0 0, L_0x55a81131a2e0;  1 drivers
v0x55a811302cb0_0 .net "carry_in", 0 0, L_0x55a81131a8f0;  1 drivers
v0x55a811302dc0_0 .net "carry_out", 0 0, L_0x55a81131a350;  1 drivers
v0x55a811302e80_0 .net "input1", 0 0, L_0x55a81131a4a0;  1 drivers
v0x55a811302f40_0 .net "input2", 0 0, L_0x55a81131a7f0;  1 drivers
v0x55a811303000_0 .net "sum_out", 0 0, L_0x55a81131a040;  1 drivers
S_0x55a8113031f0 .scope module, "adder4" "FullAdder" 6 17, 7 1 0, S_0x55a811300f40;
 .timescale 0 0;
    .port_info 0 /INPUT 1 "input1"
    .port_info 1 /INPUT 1 "input2"
    .port_info 2 /INPUT 1 "carry_in"
    .port_info 3 /OUTPUT 1 "sum_out"
    .port_info 4 /OUTPUT 1 "carry_out"
L_0x55a81131a9e0 .functor XOR 1, L_0x55a81131af20, L_0x55a81131b210, C4<0>, C4<0>;
L_0x55a81131aa50 .functor XOR 1, L_0x55a81131a9e0, L_0x55a81131b310, C4<0>, C4<0>;
L_0x55a81131ab10 .functor XOR 1, L_0x55a81131af20, L_0x55a81131b210, C4<0>, C4<0>;
L_0x55a81131ac20 .functor AND 1, L_0x55a81131ab10, L_0x55a81131b310, C4<1>, C4<1>;
L_0x55a81131ad60 .functor AND 1, L_0x55a81131af20, L_0x55a81131b210, C4<1>, C4<1>;
L_0x55a81131add0 .functor OR 1, L_0x55a81131ac20, L_0x55a81131ad60, C4<0>, C4<0>;
v0x55a8113033f0_0 .net *"_s0", 0 0, L_0x55a81131a9e0;  1 drivers
v0x55a8113034f0_0 .net *"_s4", 0 0, L_0x55a81131ab10;  1 drivers
v0x55a8113035d0_0 .net *"_s6", 0 0, L_0x55a81131ac20;  1 drivers
v0x55a8113036a0_0 .net *"_s8", 0 0, L_0x55a81131ad60;  1 drivers
v0x55a811303760_0 .net "carry_in", 0 0, L_0x55a81131b310;  1 drivers
v0x55a811303870_0 .net "carry_out", 0 0, L_0x55a81131add0;  1 drivers
v0x55a811303930_0 .net "input1", 0 0, L_0x55a81131af20;  1 drivers
v0x55a8113039f0_0 .net "input2", 0 0, L_0x55a81131b210;  1 drivers
v0x55a811303ab0_0 .net "sum_out", 0 0, L_0x55a81131aa50;  1 drivers
S_0x55a811304c70 .scope module, "sig" "HexNumbers" 5 29, 4 1 0, S_0x55a811300c80;
 .timescale 0 0;
    .port_info 0 /INPUT 4 "NUM"
    .port_info 1 /OUTPUT 8 "HEX"
v0x55a811304ed0_0 .net "HEX", 7 0, v0x55a8113050b0_0;  alias, 1 drivers
v0x55a811304fd0_0 .net "NUM", 3 0, L_0x55a81132bfb0;  alias, 1 drivers
v0x55a8113050b0_0 .var "out", 7 0;
E_0x55a811304e50 .event edge, v0x55a811304fd0_0;
S_0x55a8113051d0 .scope module, "sign" "HexNumbers" 5 37, 4 1 0, S_0x55a811300c80;
 .timescale 0 0;
    .port_info 0 /INPUT 4 "NUM"
    .port_info 1 /OUTPUT 8 "HEX"
v0x55a811305470_0 .net "HEX", 7 0, v0x55a811305650_0;  alias, 1 drivers
v0x55a811305570_0 .net "NUM", 3 0, L_0x55a81132ce50;  alias, 1 drivers
v0x55a811305650_0 .var "out", 7 0;
E_0x55a811305410 .event edge, v0x55a811305570_0;
S_0x55a8113057a0 .scope module, "signout" "HexNumbers" 5 45, 4 1 0, S_0x55a811300c80;
 .timescale 0 0;
    .port_info 0 /INPUT 4 "NUM"
    .port_info 1 /OUTPUT 8 "HEX"
v0x55a811305a30_0 .net "HEX", 7 0, v0x55a811305c10_0;  alias, 1 drivers
v0x55a811305b30_0 .net "NUM", 3 0, L_0x55a81132e0a0;  alias, 1 drivers
v0x55a811305c10_0 .var "out", 7 0;
E_0x55a8113059b0 .event edge, v0x55a811305b30_0;
S_0x55a811305d60 .scope module, "sumout" "HexNumbers" 5 46, 4 1 0, S_0x55a811300c80;
 .timescale 0 0;
    .port_info 0 /INPUT 4 "NUM"
    .port_info 1 /OUTPUT 8 "HEX"
v0x55a811306040_0 .net "HEX", 7 0, v0x55a811306220_0;  alias, 1 drivers
v0x55a811306140_0 .net "NUM", 3 0, L_0x55a81132eb30;  alias, 1 drivers
v0x55a811306220_0 .var "out", 7 0;
E_0x55a811305fc0 .event edge, v0x55a811306140_0;
S_0x55a811306340 .scope module, "value1" "HexNumbers" 5 30, 4 1 0, S_0x55a811300c80;
 .timescale 0 0;
    .port_info 0 /INPUT 4 "NUM"
    .port_info 1 /OUTPUT 8 "HEX"
v0x55a8113065d0_0 .net "HEX", 7 0, v0x55a8113067b0_0;  alias, 1 drivers
v0x55a8113066d0_0 .net "NUM", 3 0, L_0x55a81132c890;  alias, 1 drivers
v0x55a8113067b0_0 .var "out", 7 0;
E_0x55a811306550 .event edge, v0x55a8113066d0_0;
S_0x55a811306900 .scope module, "value2" "HexNumbers" 5 38, 4 1 0, S_0x55a811300c80;
 .timescale 0 0;
    .port_info 0 /INPUT 4 "NUM"
    .port_info 1 /OUTPUT 8 "HEX"
v0x55a811306b90_0 .net "HEX", 7 0, v0x55a811306d70_0;  alias, 1 drivers
v0x55a811306c90_0 .net "NUM", 3 0, L_0x55a81132d360;  alias, 1 drivers
v0x55a811306d70_0 .var "out", 7 0;
E_0x55a811306b10 .event edge, v0x55a811306c90_0;
S_0x55a81130afd0 .scope module, "db3" "DesignBlock3" 2 62, 8 1 0, S_0x55a8112c4140;
 .timescale 0 0;
    .port_info 0 /OUTPUT 8 "HEX0"
    .port_info 1 /OUTPUT 8 "HEX1"
    .port_info 2 /OUTPUT 8 "HEX4"
    .port_info 3 /OUTPUT 8 "HEX5"
    .port_info 4 /OUTPUT 10 "LEDR"
    .port_info 5 /INPUT 10 "SW"
L_0x55a81132f560 .functor AND 1, L_0x55a81132f340, L_0x55a81132f470, C4<1>, C4<1>;
L_0x55a81132f990 .functor AND 1, L_0x55a81132f340, L_0x55a81132f8a0, C4<1>, C4<1>;
L_0x55a81132fdc0 .functor AND 1, L_0x55a81132f340, L_0x55a81132fd20, C4<1>, C4<1>;
L_0x55a81132fe30 .functor NOT 4, L_0x55a81132ee90, C4<0000>, C4<0000>, C4<0000>;
L_0x55a811330090 .functor AND 1, L_0x55a81132f340, L_0x55a811330290, C4<1>, C4<1>;
L_0x55a81132ffd0 .functor NOT 4, L_0x55a81132ef30, C4<0000>, C4<0000>, C4<0000>;
L_0x55a811330960 .functor AND 1, L_0x55a81132f340, L_0x55a8113308c0, C4<1>, C4<1>;
L_0x55a811330a20 .functor NOT 1, L_0x55a81132f340, C4<0>, C4<0>, C4<0>;
L_0x55a811330c20 .functor AND 1, L_0x55a811330a20, L_0x55a811330ae0, C4<1>, C4<1>;
L_0x55a811330d30 .functor OR 1, L_0x55a811330960, L_0x55a811330c20, C4<0>, C4<0>;
L_0x55a811331390 .functor AND 1, L_0x55a81132f340, L_0x55a811330b80, C4<1>, C4<1>;
L_0x55a811331560 .functor NOT 1, L_0x55a81132f340, C4<0>, C4<0>, C4<0>;
L_0x55a8113317a0 .functor AND 1, L_0x55a811331560, L_0x55a811331640, C4<1>, C4<1>;
L_0x55a8113318b0 .functor OR 1, L_0x55a811331390, L_0x55a8113317a0, C4<0>, C4<0>;
v0x55a81130c990_0 .net "HEX0", 7 0, v0x55a81130c840_0;  alias, 1 drivers
v0x55a81130ca80_0 .net "HEX1", 7 0, v0x55a81130bcb0_0;  alias, 1 drivers
v0x55a81130cb50_0 .net "HEX4", 7 0, v0x55a81130c280_0;  alias, 1 drivers
v0x55a81130cc50_0 .net "HEX5", 7 0, v0x55a81130b6f0_0;  alias, 1 drivers
v0x55a81130cd20_0 .net "LEDR", 9 0, L_0x55a811338680;  alias, 1 drivers
v0x55a81130ce10_0 .net "SW", 9 0, o0x7f342704e618;  alias, 0 drivers
L_0x7f34270056d8 .functor BUFT 1, C4<01>, C4<0>, C4<0>, C4<0>;
v0x55a81130ced0_0 .net/2s *"_s10", 1 0, L_0x7f34270056d8;  1 drivers
L_0x7f34270059f0 .functor BUFT 1, C4<00>, C4<0>, C4<0>, C4<0>;
v0x55a81130cf90_0 .net/2s *"_s100", 1 0, L_0x7f34270059f0;  1 drivers
v0x55a81130d070_0 .net *"_s102", 1 0, L_0x55a811331a40;  1 drivers
v0x55a81130d150_0 .net *"_s105", 0 0, L_0x55a811331bd0;  1 drivers
v0x55a81130d230_0 .net *"_s108", 0 0, L_0x55a811331d90;  1 drivers
L_0x7f3427005a38 .functor BUFT 1, C4<01>, C4<0>, C4<0>, C4<0>;
v0x55a81130d2f0_0 .net/2s *"_s110", 1 0, L_0x7f3427005a38;  1 drivers
L_0x7f3427005a80 .functor BUFT 1, C4<00>, C4<0>, C4<0>, C4<0>;
v0x55a81130d3d0_0 .net/2s *"_s112", 1 0, L_0x7f3427005a80;  1 drivers
v0x55a81130d4b0_0 .net *"_s114", 1 0, L_0x55a811331e30;  1 drivers
v0x55a81130d590_0 .net *"_s117", 0 0, L_0x55a8113320a0;  1 drivers
L_0x7f3427005720 .functor BUFT 1, C4<00>, C4<0>, C4<0>, C4<0>;
v0x55a81130d670_0 .net/2s *"_s12", 1 0, L_0x7f3427005720;  1 drivers
o0x7f34270512e8 .functor BUFZ 7, C4<zzzzzzz>; HiZ drive
; Elide local net with no drivers, v0x55a81130d750_0 name=_s120
v0x55a81130d830_0 .net *"_s14", 1 0, L_0x55a81132f1b0;  1 drivers
v0x55a81130d910_0 .net *"_s19", 0 0, L_0x55a81132f470;  1 drivers
v0x55a81130d9f0_0 .net *"_s20", 0 0, L_0x55a81132f560;  1 drivers
L_0x7f3427005768 .functor BUFT 1, C4<1010>, C4<0>, C4<0>, C4<0>;
v0x55a81130dab0_0 .net/2u *"_s22", 3 0, L_0x7f3427005768;  1 drivers
L_0x7f34270057b0 .functor BUFT 1, C4<1011>, C4<0>, C4<0>, C4<0>;
v0x55a81130db90_0 .net/2u *"_s24", 3 0, L_0x7f34270057b0;  1 drivers
v0x55a81130dc70_0 .net *"_s29", 0 0, L_0x55a81132f8a0;  1 drivers
v0x55a81130dd50_0 .net *"_s30", 0 0, L_0x55a81132f990;  1 drivers
L_0x7f34270057f8 .functor BUFT 1, C4<1010>, C4<0>, C4<0>, C4<0>;
v0x55a81130de10_0 .net/2u *"_s32", 3 0, L_0x7f34270057f8;  1 drivers
L_0x7f3427005840 .functor BUFT 1, C4<1011>, C4<0>, C4<0>, C4<0>;
v0x55a81130def0_0 .net/2u *"_s34", 3 0, L_0x7f3427005840;  1 drivers
v0x55a81130dfd0_0 .net *"_s39", 0 0, L_0x55a81132fd20;  1 drivers
v0x55a81130e0b0_0 .net *"_s40", 0 0, L_0x55a81132fdc0;  1 drivers
v0x55a81130e170_0 .net *"_s42", 3 0, L_0x55a81132fe30;  1 drivers
L_0x7f3427005888 .functor BUFT 1, C4<0001>, C4<0>, C4<0>, C4<0>;
v0x55a81130e250_0 .net/2s *"_s44", 3 0, L_0x7f3427005888;  1 drivers
v0x55a81130e330_0 .net/s *"_s46", 3 0, L_0x55a81132ff30;  1 drivers
v0x55a81130e410_0 .net *"_s5", 1 0, L_0x55a81132efd0;  1 drivers
v0x55a81130e4f0_0 .net *"_s51", 0 0, L_0x55a811330290;  1 drivers
v0x55a81130e5d0_0 .net *"_s52", 0 0, L_0x55a811330090;  1 drivers
v0x55a81130e690_0 .net *"_s54", 3 0, L_0x55a81132ffd0;  1 drivers
L_0x7f34270058d0 .functor BUFT 1, C4<0001>, C4<0>, C4<0>, C4<0>;
v0x55a81130e770_0 .net/2s *"_s56", 3 0, L_0x7f34270058d0;  1 drivers
v0x55a81130e850_0 .net/s *"_s58", 3 0, L_0x55a8113304d0;  1 drivers
L_0x7f3427005690 .functor BUFT 1, C4<11>, C4<0>, C4<0>, C4<0>;
v0x55a81130e930_0 .net/2u *"_s6", 1 0, L_0x7f3427005690;  1 drivers
v0x55a81130ea10_0 .net *"_s64", 0 0, L_0x55a8113308c0;  1 drivers
v0x55a81130ead0_0 .net *"_s66", 0 0, L_0x55a811330960;  1 drivers
v0x55a81130eb90_0 .net *"_s68", 0 0, L_0x55a811330a20;  1 drivers
v0x55a81130ec70_0 .net *"_s70", 0 0, L_0x55a811330ae0;  1 drivers
v0x55a81130ed30_0 .net *"_s72", 0 0, L_0x55a811330c20;  1 drivers
v0x55a81130edf0_0 .net *"_s74", 0 0, L_0x55a811330d30;  1 drivers
L_0x7f3427005918 .functor BUFT 1, C4<01>, C4<0>, C4<0>, C4<0>;
v0x55a81130eeb0_0 .net/2s *"_s76", 1 0, L_0x7f3427005918;  1 drivers
L_0x7f3427005960 .functor BUFT 1, C4<00>, C4<0>, C4<0>, C4<0>;
v0x55a81130ef90_0 .net/2s *"_s78", 1 0, L_0x7f3427005960;  1 drivers
v0x55a81130f070_0 .net *"_s8", 0 0, L_0x55a81132f070;  1 drivers
v0x55a81130f130_0 .net *"_s80", 1 0, L_0x55a8113310b0;  1 drivers
v0x55a81130f210_0 .net *"_s83", 0 0, L_0x55a8113311f0;  1 drivers
v0x55a81130f2f0_0 .net *"_s86", 0 0, L_0x55a811330b80;  1 drivers
v0x55a81130f3b0_0 .net *"_s88", 0 0, L_0x55a811331390;  1 drivers
v0x55a81130f470_0 .net *"_s90", 0 0, L_0x55a811331560;  1 drivers
v0x55a81130f550_0 .net *"_s92", 0 0, L_0x55a811331640;  1 drivers
v0x55a81130f610_0 .net *"_s94", 0 0, L_0x55a8113317a0;  1 drivers
v0x55a81130f6d0_0 .net *"_s96", 0 0, L_0x55a8113318b0;  1 drivers
L_0x7f34270059a8 .functor BUFT 1, C4<01>, C4<0>, C4<0>, C4<0>;
v0x55a81130f790_0 .net/2s *"_s98", 1 0, L_0x7f34270059a8;  1 drivers
v0x55a81130f870_0 .net "abs1", 3 0, L_0x55a811330100;  1 drivers
v0x55a81130f960_0 .net "abs2", 3 0, L_0x55a811330630;  1 drivers
v0x55a81130fa30_0 .net/s "input1", 3 0, L_0x55a81132ee90;  1 drivers
v0x55a81130faf0_0 .net/s "input2", 3 0, L_0x55a81132ef30;  1 drivers
v0x55a81130fbd0_0 .net "sign1", 3 0, L_0x55a81132f670;  1 drivers
v0x55a81130fcc0_0 .net "sign2", 3 0, L_0x55a81132fa50;  1 drivers
v0x55a81130fd90_0 .net "twosComp", 0 0, L_0x55a81132f340;  1 drivers
L_0x55a81132ee90 .part o0x7f342704e618, 4, 4;
L_0x55a81132ef30 .part o0x7f342704e618, 0, 4;
L_0x55a81132efd0 .part o0x7f342704e618, 8, 2;
L_0x55a81132f070 .cmp/eq 2, L_0x55a81132efd0, L_0x7f3427005690;
L_0x55a81132f1b0 .functor MUXZ 2, L_0x7f3427005720, L_0x7f34270056d8, L_0x55a81132f070, C4<>;
L_0x55a81132f340 .part L_0x55a81132f1b0, 0, 1;
L_0x55a81132f470 .part L_0x55a81132ee90, 3, 1;
L_0x55a81132f670 .functor MUXZ 4, L_0x7f34270057b0, L_0x7f3427005768, L_0x55a81132f560, C4<>;
L_0x55a81132f8a0 .part L_0x55a81132ef30, 3, 1;
L_0x55a81132fa50 .functor MUXZ 4, L_0x7f3427005840, L_0x7f34270057f8, L_0x55a81132f990, C4<>;
L_0x55a81132fd20 .part L_0x55a81132ee90, 3, 1;
L_0x55a81132ff30 .arith/sum 4, L_0x55a81132fe30, L_0x7f3427005888;
L_0x55a811330100 .functor MUXZ 4, L_0x55a81132ee90, L_0x55a81132ff30, L_0x55a81132fdc0, C4<>;
L_0x55a811330290 .part L_0x55a81132ef30, 3, 1;
L_0x55a8113304d0 .arith/sum 4, L_0x55a81132ffd0, L_0x7f34270058d0;
L_0x55a811330630 .functor MUXZ 4, L_0x55a81132ef30, L_0x55a8113304d0, L_0x55a811330090, C4<>;
L_0x55a8113308c0 .cmp/gt.s 4, L_0x55a81132ef30, L_0x55a81132ee90;
L_0x55a811330ae0 .cmp/gt.s 4, L_0x55a81132ee90, L_0x55a81132ef30;
L_0x55a8113310b0 .functor MUXZ 2, L_0x7f3427005960, L_0x7f3427005918, L_0x55a811330d30, C4<>;
L_0x55a8113311f0 .part L_0x55a8113310b0, 0, 1;
L_0x55a811330b80 .cmp/gt.s 4, L_0x55a81132ee90, L_0x55a81132ef30;
L_0x55a811331640 .cmp/gt.s 4, L_0x55a81132ef30, L_0x55a81132ee90;
L_0x55a811331a40 .functor MUXZ 2, L_0x7f34270059f0, L_0x7f34270059a8, L_0x55a8113318b0, C4<>;
L_0x55a811331bd0 .part L_0x55a811331a40, 0, 1;
L_0x55a811331d90 .cmp/eq 4, L_0x55a81132ee90, L_0x55a81132ef30;
L_0x55a811331e30 .functor MUXZ 2, L_0x7f3427005a80, L_0x7f3427005a38, L_0x55a811331d90, C4<>;
L_0x55a8113320a0 .part L_0x55a811331e30, 0, 1;
L_0x55a811338680 .concat [ 1 1 1 7], L_0x55a8113311f0, L_0x55a811331bd0, L_0x55a8113320a0, o0x7f34270512e8;
S_0x55a81130b260 .scope module, "inputSign1" "HexNumbers" 8 23, 4 1 0, S_0x55a81130afd0;
 .timescale 0 0;
    .port_info 0 /INPUT 4 "NUM"
    .port_info 1 /OUTPUT 8 "HEX"
v0x55a81130b510_0 .net "HEX", 7 0, v0x55a81130b6f0_0;  alias, 1 drivers
v0x55a81130b610_0 .net "NUM", 3 0, L_0x55a81132f670;  alias, 1 drivers
v0x55a81130b6f0_0 .var "out", 7 0;
E_0x55a81130b490 .event edge, v0x55a81130b610_0;
S_0x55a81130b840 .scope module, "inputSign2" "HexNumbers" 8 24, 4 1 0, S_0x55a81130afd0;
 .timescale 0 0;
    .port_info 0 /INPUT 4 "NUM"
    .port_info 1 /OUTPUT 8 "HEX"
v0x55a81130bad0_0 .net "HEX", 7 0, v0x55a81130bcb0_0;  alias, 1 drivers
v0x55a81130bbd0_0 .net "NUM", 3 0, L_0x55a81132fa50;  alias, 1 drivers
v0x55a81130bcb0_0 .var "out", 7 0;
E_0x55a81130ba50 .event edge, v0x55a81130bbd0_0;
S_0x55a81130be00 .scope module, "inputVal1" "HexNumbers" 8 31, 4 1 0, S_0x55a81130afd0;
 .timescale 0 0;
    .port_info 0 /INPUT 4 "NUM"
    .port_info 1 /OUTPUT 8 "HEX"
v0x55a81130c0a0_0 .net "HEX", 7 0, v0x55a81130c280_0;  alias, 1 drivers
v0x55a81130c1a0_0 .net "NUM", 3 0, L_0x55a811330100;  alias, 1 drivers
v0x55a81130c280_0 .var "out", 7 0;
E_0x55a81130c040 .event edge, v0x55a81130c1a0_0;
S_0x55a81130c3d0 .scope module, "inputVal2" "HexNumbers" 8 32, 4 1 0, S_0x55a81130afd0;
 .timescale 0 0;
    .port_info 0 /INPUT 4 "NUM"
    .port_info 1 /OUTPUT 8 "HEX"
v0x55a81130c660_0 .net "HEX", 7 0, v0x55a81130c840_0;  alias, 1 drivers
v0x55a81130c760_0 .net "NUM", 3 0, L_0x55a811330630;  alias, 1 drivers
v0x55a81130c840_0 .var "out", 7 0;
E_0x55a81130c5e0 .event edge, v0x55a81130c760_0;
    .scope S_0x55a8112fc7b0;
T_0 ;
    %wait E_0x55a811201ce0;
    %load/vec4 v0x55a8112fc9d0_0;
    %dup/vec4;
    %pushi/vec4 0, 0, 4;
    %cmp/u;
    %jmp/1 T_0.0, 6;
    %dup/vec4;
    %pushi/vec4 1, 0, 4;
    %cmp/u;
    %jmp/1 T_0.1, 6;
    %dup/vec4;
    %pushi/vec4 2, 0, 4;
    %cmp/u;
    %jmp/1 T_0.2, 6;
    %dup/vec4;
    %pushi/vec4 3, 0, 4;
    %cmp/u;
    %jmp/1 T_0.3, 6;
    %dup/vec4;
    %pushi/vec4 4, 0, 4;
    %cmp/u;
    %jmp/1 T_0.4, 6;
    %dup/vec4;
    %pushi/vec4 5, 0, 4;
    %cmp/u;
    %jmp/1 T_0.5, 6;
    %dup/vec4;
    %pushi/vec4 6, 0, 4;
    %cmp/u;
    %jmp/1 T_0.6, 6;
    %dup/vec4;
    %pushi/vec4 7, 0, 4;
    %cmp/u;
    %jmp/1 T_0.7, 6;
    %dup/vec4;
    %pushi/vec4 8, 0, 4;
    %cmp/u;
    %jmp/1 T_0.8, 6;
    %dup/vec4;
    %pushi/vec4 9, 0, 4;
    %cmp/u;
    %jmp/1 T_0.9, 6;
    %dup/vec4;
    %pushi/vec4 10, 0, 4;
    %cmp/u;
    %jmp/1 T_0.10, 6;
    %dup/vec4;
    %pushi/vec4 11, 0, 4;
    %cmp/u;
    %jmp/1 T_0.11, 6;
    %dup/vec4;
    %pushi/vec4 15, 0, 4;
    %cmp/u;
    %jmp/1 T_0.12, 6;
    %pushi/vec4 255, 0, 8;
    %assign/vec4 v0x55a8112fcab0_0, 0;
    %jmp T_0.14;
T_0.0 ;
    %pushi/vec4 192, 0, 8;
    %assign/vec4 v0x55a8112fcab0_0, 0;
    %jmp T_0.14;
T_0.1 ;
    %pushi/vec4 249, 0, 8;
    %assign/vec4 v0x55a8112fcab0_0, 0;
    %jmp T_0.14;
T_0.2 ;
    %pushi/vec4 164, 0, 8;
    %assign/vec4 v0x55a8112fcab0_0, 0;
    %jmp T_0.14;
T_0.3 ;
    %pushi/vec4 176, 0, 8;
    %assign/vec4 v0x55a8112fcab0_0, 0;
    %jmp T_0.14;
T_0.4 ;
    %pushi/vec4 153, 0, 8;
    %assign/vec4 v0x55a8112fcab0_0, 0;
    %jmp T_0.14;
T_0.5 ;
    %pushi/vec4 146, 0, 8;
    %assign/vec4 v0x55a8112fcab0_0, 0;
    %jmp T_0.14;
T_0.6 ;
    %pushi/vec4 130, 0, 8;
    %assign/vec4 v0x55a8112fcab0_0, 0;
    %jmp T_0.14;
T_0.7 ;
    %pushi/vec4 248, 0, 8;
    %assign/vec4 v0x55a8112fcab0_0, 0;
    %jmp T_0.14;
T_0.8 ;
    %pushi/vec4 128, 0, 8;
    %assign/vec4 v0x55a8112fcab0_0, 0;
    %jmp T_0.14;
T_0.9 ;
    %pushi/vec4 144, 0, 8;
    %assign/vec4 v0x55a8112fcab0_0, 0;
    %jmp T_0.14;
T_0.10 ;
    %pushi/vec4 191, 0, 8;
    %assign/vec4 v0x55a8112fcab0_0, 0;
    %jmp T_0.14;
T_0.11 ;
    %pushi/vec4 255, 0, 8;
    %assign/vec4 v0x55a8112fcab0_0, 0;
    %jmp T_0.14;
T_0.12 ;
    %pushi/vec4 142, 0, 8;
    %assign/vec4 v0x55a8112fcab0_0, 0;
    %jmp T_0.14;
T_0.14 ;
    %pop/vec4 1;
    %jmp T_0;
    .thread T_0, $push;
    .scope S_0x55a8112fd640;
T_1 ;
    %wait E_0x55a8112fd8a0;
    %load/vec4 v0x55a8112fda20_0;
    %dup/vec4;
    %pushi/vec4 0, 0, 4;
    %cmp/u;
    %jmp/1 T_1.0, 6;
    %dup/vec4;
    %pushi/vec4 1, 0, 4;
    %cmp/u;
    %jmp/1 T_1.1, 6;
    %dup/vec4;
    %pushi/vec4 2, 0, 4;
    %cmp/u;
    %jmp/1 T_1.2, 6;
    %dup/vec4;
    %pushi/vec4 3, 0, 4;
    %cmp/u;
    %jmp/1 T_1.3, 6;
    %dup/vec4;
    %pushi/vec4 4, 0, 4;
    %cmp/u;
    %jmp/1 T_1.4, 6;
    %dup/vec4;
    %pushi/vec4 5, 0, 4;
    %cmp/u;
    %jmp/1 T_1.5, 6;
    %dup/vec4;
    %pushi/vec4 6, 0, 4;
    %cmp/u;
    %jmp/1 T_1.6, 6;
    %dup/vec4;
    %pushi/vec4 7, 0, 4;
    %cmp/u;
    %jmp/1 T_1.7, 6;
    %dup/vec4;
    %pushi/vec4 8, 0, 4;
    %cmp/u;
    %jmp/1 T_1.8, 6;
    %dup/vec4;
    %pushi/vec4 9, 0, 4;
    %cmp/u;
    %jmp/1 T_1.9, 6;
    %dup/vec4;
    %pushi/vec4 10, 0, 4;
    %cmp/u;
    %jmp/1 T_1.10, 6;
    %dup/vec4;
    %pushi/vec4 11, 0, 4;
    %cmp/u;
    %jmp/1 T_1.11, 6;
    %dup/vec4;
    %pushi/vec4 15, 0, 4;
    %cmp/u;
    %jmp/1 T_1.12, 6;
    %pushi/vec4 255, 0, 8;
    %assign/vec4 v0x55a8112fdb00_0, 0;
    %jmp T_1.14;
T_1.0 ;
    %pushi/vec4 192, 0, 8;
    %assign/vec4 v0x55a8112fdb00_0, 0;
    %jmp T_1.14;
T_1.1 ;
    %pushi/vec4 249, 0, 8;
    %assign/vec4 v0x55a8112fdb00_0, 0;
    %jmp T_1.14;
T_1.2 ;
    %pushi/vec4 164, 0, 8;
    %assign/vec4 v0x55a8112fdb00_0, 0;
    %jmp T_1.14;
T_1.3 ;
    %pushi/vec4 176, 0, 8;
    %assign/vec4 v0x55a8112fdb00_0, 0;
    %jmp T_1.14;
T_1.4 ;
    %pushi/vec4 153, 0, 8;
    %assign/vec4 v0x55a8112fdb00_0, 0;
    %jmp T_1.14;
T_1.5 ;
    %pushi/vec4 146, 0, 8;
    %assign/vec4 v0x55a8112fdb00_0, 0;
    %jmp T_1.14;
T_1.6 ;
    %pushi/vec4 130, 0, 8;
    %assign/vec4 v0x55a8112fdb00_0, 0;
    %jmp T_1.14;
T_1.7 ;
    %pushi/vec4 248, 0, 8;
    %assign/vec4 v0x55a8112fdb00_0, 0;
    %jmp T_1.14;
T_1.8 ;
    %pushi/vec4 128, 0, 8;
    %assign/vec4 v0x55a8112fdb00_0, 0;
    %jmp T_1.14;
T_1.9 ;
    %pushi/vec4 144, 0, 8;
    %assign/vec4 v0x55a8112fdb00_0, 0;
    %jmp T_1.14;
T_1.10 ;
    %pushi/vec4 191, 0, 8;
    %assign/vec4 v0x55a8112fdb00_0, 0;
    %jmp T_1.14;
T_1.11 ;
    %pushi/vec4 255, 0, 8;
    %assign/vec4 v0x55a8112fdb00_0, 0;
    %jmp T_1.14;
T_1.12 ;
    %pushi/vec4 142, 0, 8;
    %assign/vec4 v0x55a8112fdb00_0, 0;
    %jmp T_1.14;
T_1.14 ;
    %pop/vec4 1;
    %jmp T_1;
    .thread T_1, $push;
    .scope S_0x55a8112b4ca0;
T_2 ;
    %wait E_0x55a81123b930;
    %load/vec4 v0x55a8112ccad0_0;
    %dup/vec4;
    %pushi/vec4 0, 0, 4;
    %cmp/u;
    %jmp/1 T_2.0, 6;
    %dup/vec4;
    %pushi/vec4 1, 0, 4;
    %cmp/u;
    %jmp/1 T_2.1, 6;
    %dup/vec4;
    %pushi/vec4 2, 0, 4;
    %cmp/u;
    %jmp/1 T_2.2, 6;
    %dup/vec4;
    %pushi/vec4 3, 0, 4;
    %cmp/u;
    %jmp/1 T_2.3, 6;
    %dup/vec4;
    %pushi/vec4 4, 0, 4;
    %cmp/u;
    %jmp/1 T_2.4, 6;
    %dup/vec4;
    %pushi/vec4 5, 0, 4;
    %cmp/u;
    %jmp/1 T_2.5, 6;
    %dup/vec4;
    %pushi/vec4 6, 0, 4;
    %cmp/u;
    %jmp/1 T_2.6, 6;
    %dup/vec4;
    %pushi/vec4 7, 0, 4;
    %cmp/u;
    %jmp/1 T_2.7, 6;
    %dup/vec4;
    %pushi/vec4 8, 0, 4;
    %cmp/u;
    %jmp/1 T_2.8, 6;
    %dup/vec4;
    %pushi/vec4 9, 0, 4;
    %cmp/u;
    %jmp/1 T_2.9, 6;
    %dup/vec4;
    %pushi/vec4 10, 0, 4;
    %cmp/u;
    %jmp/1 T_2.10, 6;
    %dup/vec4;
    %pushi/vec4 11, 0, 4;
    %cmp/u;
    %jmp/1 T_2.11, 6;
    %dup/vec4;
    %pushi/vec4 15, 0, 4;
    %cmp/u;
    %jmp/1 T_2.12, 6;
    %pushi/vec4 255, 0, 8;
    %assign/vec4 v0x55a8112ca3e0_0, 0;
    %jmp T_2.14;
T_2.0 ;
    %pushi/vec4 192, 0, 8;
    %assign/vec4 v0x55a8112ca3e0_0, 0;
    %jmp T_2.14;
T_2.1 ;
    %pushi/vec4 249, 0, 8;
    %assign/vec4 v0x55a8112ca3e0_0, 0;
    %jmp T_2.14;
T_2.2 ;
    %pushi/vec4 164, 0, 8;
    %assign/vec4 v0x55a8112ca3e0_0, 0;
    %jmp T_2.14;
T_2.3 ;
    %pushi/vec4 176, 0, 8;
    %assign/vec4 v0x55a8112ca3e0_0, 0;
    %jmp T_2.14;
T_2.4 ;
    %pushi/vec4 153, 0, 8;
    %assign/vec4 v0x55a8112ca3e0_0, 0;
    %jmp T_2.14;
T_2.5 ;
    %pushi/vec4 146, 0, 8;
    %assign/vec4 v0x55a8112ca3e0_0, 0;
    %jmp T_2.14;
T_2.6 ;
    %pushi/vec4 130, 0, 8;
    %assign/vec4 v0x55a8112ca3e0_0, 0;
    %jmp T_2.14;
T_2.7 ;
    %pushi/vec4 248, 0, 8;
    %assign/vec4 v0x55a8112ca3e0_0, 0;
    %jmp T_2.14;
T_2.8 ;
    %pushi/vec4 128, 0, 8;
    %assign/vec4 v0x55a8112ca3e0_0, 0;
    %jmp T_2.14;
T_2.9 ;
    %pushi/vec4 144, 0, 8;
    %assign/vec4 v0x55a8112ca3e0_0, 0;
    %jmp T_2.14;
T_2.10 ;
    %pushi/vec4 191, 0, 8;
    %assign/vec4 v0x55a8112ca3e0_0, 0;
    %jmp T_2.14;
T_2.11 ;
    %pushi/vec4 255, 0, 8;
    %assign/vec4 v0x55a8112ca3e0_0, 0;
    %jmp T_2.14;
T_2.12 ;
    %pushi/vec4 142, 0, 8;
    %assign/vec4 v0x55a8112ca3e0_0, 0;
    %jmp T_2.14;
T_2.14 ;
    %pop/vec4 1;
    %jmp T_2;
    .thread T_2, $push;
    .scope S_0x55a8112fcbd0;
T_3 ;
    %wait E_0x55a8112fcd50;
    %load/vec4 v0x55a8112fceb0_0;
    %dup/vec4;
    %pushi/vec4 0, 0, 4;
    %cmp/u;
    %jmp/1 T_3.0, 6;
    %dup/vec4;
    %pushi/vec4 1, 0, 4;
    %cmp/u;
    %jmp/1 T_3.1, 6;
    %dup/vec4;
    %pushi/vec4 2, 0, 4;
    %cmp/u;
    %jmp/1 T_3.2, 6;
    %dup/vec4;
    %pushi/vec4 3, 0, 4;
    %cmp/u;
    %jmp/1 T_3.3, 6;
    %dup/vec4;
    %pushi/vec4 4, 0, 4;
    %cmp/u;
    %jmp/1 T_3.4, 6;
    %dup/vec4;
    %pushi/vec4 5, 0, 4;
    %cmp/u;
    %jmp/1 T_3.5, 6;
    %dup/vec4;
    %pushi/vec4 6, 0, 4;
    %cmp/u;
    %jmp/1 T_3.6, 6;
    %dup/vec4;
    %pushi/vec4 7, 0, 4;
    %cmp/u;
    %jmp/1 T_3.7, 6;
    %dup/vec4;
    %pushi/vec4 8, 0, 4;
    %cmp/u;
    %jmp/1 T_3.8, 6;
    %dup/vec4;
    %pushi/vec4 9, 0, 4;
    %cmp/u;
    %jmp/1 T_3.9, 6;
    %dup/vec4;
    %pushi/vec4 10, 0, 4;
    %cmp/u;
    %jmp/1 T_3.10, 6;
    %dup/vec4;
    %pushi/vec4 11, 0, 4;
    %cmp/u;
    %jmp/1 T_3.11, 6;
    %dup/vec4;
    %pushi/vec4 15, 0, 4;
    %cmp/u;
    %jmp/1 T_3.12, 6;
    %pushi/vec4 255, 0, 8;
    %assign/vec4 v0x55a8112fcf90_0, 0;
    %jmp T_3.14;
T_3.0 ;
    %pushi/vec4 192, 0, 8;
    %assign/vec4 v0x55a8112fcf90_0, 0;
    %jmp T_3.14;
T_3.1 ;
    %pushi/vec4 249, 0, 8;
    %assign/vec4 v0x55a8112fcf90_0, 0;
    %jmp T_3.14;
T_3.2 ;
    %pushi/vec4 164, 0, 8;
    %assign/vec4 v0x55a8112fcf90_0, 0;
    %jmp T_3.14;
T_3.3 ;
    %pushi/vec4 176, 0, 8;
    %assign/vec4 v0x55a8112fcf90_0, 0;
    %jmp T_3.14;
T_3.4 ;
    %pushi/vec4 153, 0, 8;
    %assign/vec4 v0x55a8112fcf90_0, 0;
    %jmp T_3.14;
T_3.5 ;
    %pushi/vec4 146, 0, 8;
    %assign/vec4 v0x55a8112fcf90_0, 0;
    %jmp T_3.14;
T_3.6 ;
    %pushi/vec4 130, 0, 8;
    %assign/vec4 v0x55a8112fcf90_0, 0;
    %jmp T_3.14;
T_3.7 ;
    %pushi/vec4 248, 0, 8;
    %assign/vec4 v0x55a8112fcf90_0, 0;
    %jmp T_3.14;
T_3.8 ;
    %pushi/vec4 128, 0, 8;
    %assign/vec4 v0x55a8112fcf90_0, 0;
    %jmp T_3.14;
T_3.9 ;
    %pushi/vec4 144, 0, 8;
    %assign/vec4 v0x55a8112fcf90_0, 0;
    %jmp T_3.14;
T_3.10 ;
    %pushi/vec4 191, 0, 8;
    %assign/vec4 v0x55a8112fcf90_0, 0;
    %jmp T_3.14;
T_3.11 ;
    %pushi/vec4 255, 0, 8;
    %assign/vec4 v0x55a8112fcf90_0, 0;
    %jmp T_3.14;
T_3.12 ;
    %pushi/vec4 142, 0, 8;
    %assign/vec4 v0x55a8112fcf90_0, 0;
    %jmp T_3.14;
T_3.14 ;
    %pop/vec4 1;
    %jmp T_3;
    .thread T_3, $push;
    .scope S_0x55a8112fd0b0;
T_4 ;
    %wait E_0x55a8112fd2c0;
    %load/vec4 v0x55a8112fd440_0;
    %dup/vec4;
    %pushi/vec4 0, 0, 4;
    %cmp/u;
    %jmp/1 T_4.0, 6;
    %dup/vec4;
    %pushi/vec4 1, 0, 4;
    %cmp/u;
    %jmp/1 T_4.1, 6;
    %dup/vec4;
    %pushi/vec4 2, 0, 4;
    %cmp/u;
    %jmp/1 T_4.2, 6;
    %dup/vec4;
    %pushi/vec4 3, 0, 4;
    %cmp/u;
    %jmp/1 T_4.3, 6;
    %dup/vec4;
    %pushi/vec4 4, 0, 4;
    %cmp/u;
    %jmp/1 T_4.4, 6;
    %dup/vec4;
    %pushi/vec4 5, 0, 4;
    %cmp/u;
    %jmp/1 T_4.5, 6;
    %dup/vec4;
    %pushi/vec4 6, 0, 4;
    %cmp/u;
    %jmp/1 T_4.6, 6;
    %dup/vec4;
    %pushi/vec4 7, 0, 4;
    %cmp/u;
    %jmp/1 T_4.7, 6;
    %dup/vec4;
    %pushi/vec4 8, 0, 4;
    %cmp/u;
    %jmp/1 T_4.8, 6;
    %dup/vec4;
    %pushi/vec4 9, 0, 4;
    %cmp/u;
    %jmp/1 T_4.9, 6;
    %dup/vec4;
    %pushi/vec4 10, 0, 4;
    %cmp/u;
    %jmp/1 T_4.10, 6;
    %dup/vec4;
    %pushi/vec4 11, 0, 4;
    %cmp/u;
    %jmp/1 T_4.11, 6;
    %dup/vec4;
    %pushi/vec4 15, 0, 4;
    %cmp/u;
    %jmp/1 T_4.12, 6;
    %pushi/vec4 255, 0, 8;
    %assign/vec4 v0x55a8112fd520_0, 0;
    %jmp T_4.14;
T_4.0 ;
    %pushi/vec4 192, 0, 8;
    %assign/vec4 v0x55a8112fd520_0, 0;
    %jmp T_4.14;
T_4.1 ;
    %pushi/vec4 249, 0, 8;
    %assign/vec4 v0x55a8112fd520_0, 0;
    %jmp T_4.14;
T_4.2 ;
    %pushi/vec4 164, 0, 8;
    %assign/vec4 v0x55a8112fd520_0, 0;
    %jmp T_4.14;
T_4.3 ;
    %pushi/vec4 176, 0, 8;
    %assign/vec4 v0x55a8112fd520_0, 0;
    %jmp T_4.14;
T_4.4 ;
    %pushi/vec4 153, 0, 8;
    %assign/vec4 v0x55a8112fd520_0, 0;
    %jmp T_4.14;
T_4.5 ;
    %pushi/vec4 146, 0, 8;
    %assign/vec4 v0x55a8112fd520_0, 0;
    %jmp T_4.14;
T_4.6 ;
    %pushi/vec4 130, 0, 8;
    %assign/vec4 v0x55a8112fd520_0, 0;
    %jmp T_4.14;
T_4.7 ;
    %pushi/vec4 248, 0, 8;
    %assign/vec4 v0x55a8112fd520_0, 0;
    %jmp T_4.14;
T_4.8 ;
    %pushi/vec4 128, 0, 8;
    %assign/vec4 v0x55a8112fd520_0, 0;
    %jmp T_4.14;
T_4.9 ;
    %pushi/vec4 144, 0, 8;
    %assign/vec4 v0x55a8112fd520_0, 0;
    %jmp T_4.14;
T_4.10 ;
    %pushi/vec4 191, 0, 8;
    %assign/vec4 v0x55a8112fd520_0, 0;
    %jmp T_4.14;
T_4.11 ;
    %pushi/vec4 255, 0, 8;
    %assign/vec4 v0x55a8112fd520_0, 0;
    %jmp T_4.14;
T_4.12 ;
    %pushi/vec4 142, 0, 8;
    %assign/vec4 v0x55a8112fd520_0, 0;
    %jmp T_4.14;
T_4.14 ;
    %pop/vec4 1;
    %jmp T_4;
    .thread T_4, $push;
    .scope S_0x55a8112fdc20;
T_5 ;
    %wait E_0x55a8112fde30;
    %load/vec4 v0x55a8112fdfb0_0;
    %dup/vec4;
    %pushi/vec4 0, 0, 4;
    %cmp/u;
    %jmp/1 T_5.0, 6;
    %dup/vec4;
    %pushi/vec4 1, 0, 4;
    %cmp/u;
    %jmp/1 T_5.1, 6;
    %dup/vec4;
    %pushi/vec4 2, 0, 4;
    %cmp/u;
    %jmp/1 T_5.2, 6;
    %dup/vec4;
    %pushi/vec4 3, 0, 4;
    %cmp/u;
    %jmp/1 T_5.3, 6;
    %dup/vec4;
    %pushi/vec4 4, 0, 4;
    %cmp/u;
    %jmp/1 T_5.4, 6;
    %dup/vec4;
    %pushi/vec4 5, 0, 4;
    %cmp/u;
    %jmp/1 T_5.5, 6;
    %dup/vec4;
    %pushi/vec4 6, 0, 4;
    %cmp/u;
    %jmp/1 T_5.6, 6;
    %dup/vec4;
    %pushi/vec4 7, 0, 4;
    %cmp/u;
    %jmp/1 T_5.7, 6;
    %dup/vec4;
    %pushi/vec4 8, 0, 4;
    %cmp/u;
    %jmp/1 T_5.8, 6;
    %dup/vec4;
    %pushi/vec4 9, 0, 4;
    %cmp/u;
    %jmp/1 T_5.9, 6;
    %dup/vec4;
    %pushi/vec4 10, 0, 4;
    %cmp/u;
    %jmp/1 T_5.10, 6;
    %dup/vec4;
    %pushi/vec4 11, 0, 4;
    %cmp/u;
    %jmp/1 T_5.11, 6;
    %dup/vec4;
    %pushi/vec4 15, 0, 4;
    %cmp/u;
    %jmp/1 T_5.12, 6;
    %pushi/vec4 255, 0, 8;
    %assign/vec4 v0x55a8112fe090_0, 0;
    %jmp T_5.14;
T_5.0 ;
    %pushi/vec4 192, 0, 8;
    %assign/vec4 v0x55a8112fe090_0, 0;
    %jmp T_5.14;
T_5.1 ;
    %pushi/vec4 249, 0, 8;
    %assign/vec4 v0x55a8112fe090_0, 0;
    %jmp T_5.14;
T_5.2 ;
    %pushi/vec4 164, 0, 8;
    %assign/vec4 v0x55a8112fe090_0, 0;
    %jmp T_5.14;
T_5.3 ;
    %pushi/vec4 176, 0, 8;
    %assign/vec4 v0x55a8112fe090_0, 0;
    %jmp T_5.14;
T_5.4 ;
    %pushi/vec4 153, 0, 8;
    %assign/vec4 v0x55a8112fe090_0, 0;
    %jmp T_5.14;
T_5.5 ;
    %pushi/vec4 146, 0, 8;
    %assign/vec4 v0x55a8112fe090_0, 0;
    %jmp T_5.14;
T_5.6 ;
    %pushi/vec4 130, 0, 8;
    %assign/vec4 v0x55a8112fe090_0, 0;
    %jmp T_5.14;
T_5.7 ;
    %pushi/vec4 248, 0, 8;
    %assign/vec4 v0x55a8112fe090_0, 0;
    %jmp T_5.14;
T_5.8 ;
    %pushi/vec4 128, 0, 8;
    %assign/vec4 v0x55a8112fe090_0, 0;
    %jmp T_5.14;
T_5.9 ;
    %pushi/vec4 144, 0, 8;
    %assign/vec4 v0x55a8112fe090_0, 0;
    %jmp T_5.14;
T_5.10 ;
    %pushi/vec4 191, 0, 8;
    %assign/vec4 v0x55a8112fe090_0, 0;
    %jmp T_5.14;
T_5.11 ;
    %pushi/vec4 255, 0, 8;
    %assign/vec4 v0x55a8112fe090_0, 0;
    %jmp T_5.14;
T_5.12 ;
    %pushi/vec4 142, 0, 8;
    %assign/vec4 v0x55a8112fe090_0, 0;
    %jmp T_5.14;
T_5.14 ;
    %pop/vec4 1;
    %jmp T_5;
    .thread T_5, $push;
    .scope S_0x55a8112bd510;
T_6 ;
    %wait E_0x55a811238460;
    %load/vec4 v0x55a8112fe730_0;
    %cmpi/ne 0, 0, 2;
    %jmp/0xz  T_6.0, 4;
    %load/vec4 v0x55a811300ac0_0;
    %inv;
    %store/vec4 v0x55a811300ac0_0, 0, 1;
T_6.0 ;
    %load/vec4 v0x55a811300ac0_0;
    %flag_set/vec4 8;
    %jmp/0xz  T_6.2, 8;
    %pushi/vec4 0, 0, 4;
    %assign/vec4 v0x55a8113006b0_0, 0;
    %pushi/vec4 9, 0, 4;
    %assign/vec4 v0x55a811300850_0, 0;
    %pushi/vec4 1, 0, 4;
    %assign/vec4 v0x55a8113009f0_0, 0;
    %pushi/vec4 2, 0, 4;
    %assign/vec4 v0x55a811300780_0, 0;
    %pushi/vec4 0, 0, 4;
    %assign/vec4 v0x55a8113005c0_0, 0;
    %pushi/vec4 0, 0, 4;
    %assign/vec4 v0x55a811300920_0, 0;
T_6.2 ;
    %load/vec4 v0x55a811300ac0_0;
    %inv;
    %flag_set/vec4 8;
    %jmp/0xz  T_6.4, 8;
    %pushi/vec4 0, 0, 4;
    %assign/vec4 v0x55a8113006b0_0, 0;
    %pushi/vec4 6, 0, 4;
    %assign/vec4 v0x55a811300850_0, 0;
    %pushi/vec4 1, 0, 4;
    %assign/vec4 v0x55a8113009f0_0, 0;
    %pushi/vec4 1, 0, 4;
    %assign/vec4 v0x55a811300780_0, 0;
    %pushi/vec4 0, 0, 4;
    %assign/vec4 v0x55a8113005c0_0, 0;
    %pushi/vec4 0, 0, 4;
    %assign/vec4 v0x55a811300920_0, 0;
T_6.4 ;
    %jmp T_6;
    .thread T_6;
    .scope S_0x55a811304c70;
T_7 ;
    %wait E_0x55a811304e50;
    %load/vec4 v0x55a811304fd0_0;
    %dup/vec4;
    %pushi/vec4 0, 0, 4;
    %cmp/u;
    %jmp/1 T_7.0, 6;
    %dup/vec4;
    %pushi/vec4 1, 0, 4;
    %cmp/u;
    %jmp/1 T_7.1, 6;
    %dup/vec4;
    %pushi/vec4 2, 0, 4;
    %cmp/u;
    %jmp/1 T_7.2, 6;
    %dup/vec4;
    %pushi/vec4 3, 0, 4;
    %cmp/u;
    %jmp/1 T_7.3, 6;
    %dup/vec4;
    %pushi/vec4 4, 0, 4;
    %cmp/u;
    %jmp/1 T_7.4, 6;
    %dup/vec4;
    %pushi/vec4 5, 0, 4;
    %cmp/u;
    %jmp/1 T_7.5, 6;
    %dup/vec4;
    %pushi/vec4 6, 0, 4;
    %cmp/u;
    %jmp/1 T_7.6, 6;
    %dup/vec4;
    %pushi/vec4 7, 0, 4;
    %cmp/u;
    %jmp/1 T_7.7, 6;
    %dup/vec4;
    %pushi/vec4 8, 0, 4;
    %cmp/u;
    %jmp/1 T_7.8, 6;
    %dup/vec4;
    %pushi/vec4 9, 0, 4;
    %cmp/u;
    %jmp/1 T_7.9, 6;
    %dup/vec4;
    %pushi/vec4 10, 0, 4;
    %cmp/u;
    %jmp/1 T_7.10, 6;
    %dup/vec4;
    %pushi/vec4 11, 0, 4;
    %cmp/u;
    %jmp/1 T_7.11, 6;
    %dup/vec4;
    %pushi/vec4 15, 0, 4;
    %cmp/u;
    %jmp/1 T_7.12, 6;
    %pushi/vec4 255, 0, 8;
    %assign/vec4 v0x55a8113050b0_0, 0;
    %jmp T_7.14;
T_7.0 ;
    %pushi/vec4 192, 0, 8;
    %assign/vec4 v0x55a8113050b0_0, 0;
    %jmp T_7.14;
T_7.1 ;
    %pushi/vec4 249, 0, 8;
    %assign/vec4 v0x55a8113050b0_0, 0;
    %jmp T_7.14;
T_7.2 ;
    %pushi/vec4 164, 0, 8;
    %assign/vec4 v0x55a8113050b0_0, 0;
    %jmp T_7.14;
T_7.3 ;
    %pushi/vec4 176, 0, 8;
    %assign/vec4 v0x55a8113050b0_0, 0;
    %jmp T_7.14;
T_7.4 ;
    %pushi/vec4 153, 0, 8;
    %assign/vec4 v0x55a8113050b0_0, 0;
    %jmp T_7.14;
T_7.5 ;
    %pushi/vec4 146, 0, 8;
    %assign/vec4 v0x55a8113050b0_0, 0;
    %jmp T_7.14;
T_7.6 ;
    %pushi/vec4 130, 0, 8;
    %assign/vec4 v0x55a8113050b0_0, 0;
    %jmp T_7.14;
T_7.7 ;
    %pushi/vec4 248, 0, 8;
    %assign/vec4 v0x55a8113050b0_0, 0;
    %jmp T_7.14;
T_7.8 ;
    %pushi/vec4 128, 0, 8;
    %assign/vec4 v0x55a8113050b0_0, 0;
    %jmp T_7.14;
T_7.9 ;
    %pushi/vec4 144, 0, 8;
    %assign/vec4 v0x55a8113050b0_0, 0;
    %jmp T_7.14;
T_7.10 ;
    %pushi/vec4 191, 0, 8;
    %assign/vec4 v0x55a8113050b0_0, 0;
    %jmp T_7.14;
T_7.11 ;
    %pushi/vec4 255, 0, 8;
    %assign/vec4 v0x55a8113050b0_0, 0;
    %jmp T_7.14;
T_7.12 ;
    %pushi/vec4 142, 0, 8;
    %assign/vec4 v0x55a8113050b0_0, 0;
    %jmp T_7.14;
T_7.14 ;
    %pop/vec4 1;
    %jmp T_7;
    .thread T_7, $push;
    .scope S_0x55a811306340;
T_8 ;
    %wait E_0x55a811306550;
    %load/vec4 v0x55a8113066d0_0;
    %dup/vec4;
    %pushi/vec4 0, 0, 4;
    %cmp/u;
    %jmp/1 T_8.0, 6;
    %dup/vec4;
    %pushi/vec4 1, 0, 4;
    %cmp/u;
    %jmp/1 T_8.1, 6;
    %dup/vec4;
    %pushi/vec4 2, 0, 4;
    %cmp/u;
    %jmp/1 T_8.2, 6;
    %dup/vec4;
    %pushi/vec4 3, 0, 4;
    %cmp/u;
    %jmp/1 T_8.3, 6;
    %dup/vec4;
    %pushi/vec4 4, 0, 4;
    %cmp/u;
    %jmp/1 T_8.4, 6;
    %dup/vec4;
    %pushi/vec4 5, 0, 4;
    %cmp/u;
    %jmp/1 T_8.5, 6;
    %dup/vec4;
    %pushi/vec4 6, 0, 4;
    %cmp/u;
    %jmp/1 T_8.6, 6;
    %dup/vec4;
    %pushi/vec4 7, 0, 4;
    %cmp/u;
    %jmp/1 T_8.7, 6;
    %dup/vec4;
    %pushi/vec4 8, 0, 4;
    %cmp/u;
    %jmp/1 T_8.8, 6;
    %dup/vec4;
    %pushi/vec4 9, 0, 4;
    %cmp/u;
    %jmp/1 T_8.9, 6;
    %dup/vec4;
    %pushi/vec4 10, 0, 4;
    %cmp/u;
    %jmp/1 T_8.10, 6;
    %dup/vec4;
    %pushi/vec4 11, 0, 4;
    %cmp/u;
    %jmp/1 T_8.11, 6;
    %dup/vec4;
    %pushi/vec4 15, 0, 4;
    %cmp/u;
    %jmp/1 T_8.12, 6;
    %pushi/vec4 255, 0, 8;
    %assign/vec4 v0x55a8113067b0_0, 0;
    %jmp T_8.14;
T_8.0 ;
    %pushi/vec4 192, 0, 8;
    %assign/vec4 v0x55a8113067b0_0, 0;
    %jmp T_8.14;
T_8.1 ;
    %pushi/vec4 249, 0, 8;
    %assign/vec4 v0x55a8113067b0_0, 0;
    %jmp T_8.14;
T_8.2 ;
    %pushi/vec4 164, 0, 8;
    %assign/vec4 v0x55a8113067b0_0, 0;
    %jmp T_8.14;
T_8.3 ;
    %pushi/vec4 176, 0, 8;
    %assign/vec4 v0x55a8113067b0_0, 0;
    %jmp T_8.14;
T_8.4 ;
    %pushi/vec4 153, 0, 8;
    %assign/vec4 v0x55a8113067b0_0, 0;
    %jmp T_8.14;
T_8.5 ;
    %pushi/vec4 146, 0, 8;
    %assign/vec4 v0x55a8113067b0_0, 0;
    %jmp T_8.14;
T_8.6 ;
    %pushi/vec4 130, 0, 8;
    %assign/vec4 v0x55a8113067b0_0, 0;
    %jmp T_8.14;
T_8.7 ;
    %pushi/vec4 248, 0, 8;
    %assign/vec4 v0x55a8113067b0_0, 0;
    %jmp T_8.14;
T_8.8 ;
    %pushi/vec4 128, 0, 8;
    %assign/vec4 v0x55a8113067b0_0, 0;
    %jmp T_8.14;
T_8.9 ;
    %pushi/vec4 144, 0, 8;
    %assign/vec4 v0x55a8113067b0_0, 0;
    %jmp T_8.14;
T_8.10 ;
    %pushi/vec4 191, 0, 8;
    %assign/vec4 v0x55a8113067b0_0, 0;
    %jmp T_8.14;
T_8.11 ;
    %pushi/vec4 255, 0, 8;
    %assign/vec4 v0x55a8113067b0_0, 0;
    %jmp T_8.14;
T_8.12 ;
    %pushi/vec4 142, 0, 8;
    %assign/vec4 v0x55a8113067b0_0, 0;
    %jmp T_8.14;
T_8.14 ;
    %pop/vec4 1;
    %jmp T_8;
    .thread T_8, $push;
    .scope S_0x55a8113051d0;
T_9 ;
    %wait E_0x55a811305410;
    %load/vec4 v0x55a811305570_0;
    %dup/vec4;
    %pushi/vec4 0, 0, 4;
    %cmp/u;
    %jmp/1 T_9.0, 6;
    %dup/vec4;
    %pushi/vec4 1, 0, 4;
    %cmp/u;
    %jmp/1 T_9.1, 6;
    %dup/vec4;
    %pushi/vec4 2, 0, 4;
    %cmp/u;
    %jmp/1 T_9.2, 6;
    %dup/vec4;
    %pushi/vec4 3, 0, 4;
    %cmp/u;
    %jmp/1 T_9.3, 6;
    %dup/vec4;
    %pushi/vec4 4, 0, 4;
    %cmp/u;
    %jmp/1 T_9.4, 6;
    %dup/vec4;
    %pushi/vec4 5, 0, 4;
    %cmp/u;
    %jmp/1 T_9.5, 6;
    %dup/vec4;
    %pushi/vec4 6, 0, 4;
    %cmp/u;
    %jmp/1 T_9.6, 6;
    %dup/vec4;
    %pushi/vec4 7, 0, 4;
    %cmp/u;
    %jmp/1 T_9.7, 6;
    %dup/vec4;
    %pushi/vec4 8, 0, 4;
    %cmp/u;
    %jmp/1 T_9.8, 6;
    %dup/vec4;
    %pushi/vec4 9, 0, 4;
    %cmp/u;
    %jmp/1 T_9.9, 6;
    %dup/vec4;
    %pushi/vec4 10, 0, 4;
    %cmp/u;
    %jmp/1 T_9.10, 6;
    %dup/vec4;
    %pushi/vec4 11, 0, 4;
    %cmp/u;
    %jmp/1 T_9.11, 6;
    %dup/vec4;
    %pushi/vec4 15, 0, 4;
    %cmp/u;
    %jmp/1 T_9.12, 6;
    %pushi/vec4 255, 0, 8;
    %assign/vec4 v0x55a811305650_0, 0;
    %jmp T_9.14;
T_9.0 ;
    %pushi/vec4 192, 0, 8;
    %assign/vec4 v0x55a811305650_0, 0;
    %jmp T_9.14;
T_9.1 ;
    %pushi/vec4 249, 0, 8;
    %assign/vec4 v0x55a811305650_0, 0;
    %jmp T_9.14;
T_9.2 ;
    %pushi/vec4 164, 0, 8;
    %assign/vec4 v0x55a811305650_0, 0;
    %jmp T_9.14;
T_9.3 ;
    %pushi/vec4 176, 0, 8;
    %assign/vec4 v0x55a811305650_0, 0;
    %jmp T_9.14;
T_9.4 ;
    %pushi/vec4 153, 0, 8;
    %assign/vec4 v0x55a811305650_0, 0;
    %jmp T_9.14;
T_9.5 ;
    %pushi/vec4 146, 0, 8;
    %assign/vec4 v0x55a811305650_0, 0;
    %jmp T_9.14;
T_9.6 ;
    %pushi/vec4 130, 0, 8;
    %assign/vec4 v0x55a811305650_0, 0;
    %jmp T_9.14;
T_9.7 ;
    %pushi/vec4 248, 0, 8;
    %assign/vec4 v0x55a811305650_0, 0;
    %jmp T_9.14;
T_9.8 ;
    %pushi/vec4 128, 0, 8;
    %assign/vec4 v0x55a811305650_0, 0;
    %jmp T_9.14;
T_9.9 ;
    %pushi/vec4 144, 0, 8;
    %assign/vec4 v0x55a811305650_0, 0;
    %jmp T_9.14;
T_9.10 ;
    %pushi/vec4 191, 0, 8;
    %assign/vec4 v0x55a811305650_0, 0;
    %jmp T_9.14;
T_9.11 ;
    %pushi/vec4 255, 0, 8;
    %assign/vec4 v0x55a811305650_0, 0;
    %jmp T_9.14;
T_9.12 ;
    %pushi/vec4 142, 0, 8;
    %assign/vec4 v0x55a811305650_0, 0;
    %jmp T_9.14;
T_9.14 ;
    %pop/vec4 1;
    %jmp T_9;
    .thread T_9, $push;
    .scope S_0x55a811306900;
T_10 ;
    %wait E_0x55a811306b10;
    %load/vec4 v0x55a811306c90_0;
    %dup/vec4;
    %pushi/vec4 0, 0, 4;
    %cmp/u;
    %jmp/1 T_10.0, 6;
    %dup/vec4;
    %pushi/vec4 1, 0, 4;
    %cmp/u;
    %jmp/1 T_10.1, 6;
    %dup/vec4;
    %pushi/vec4 2, 0, 4;
    %cmp/u;
    %jmp/1 T_10.2, 6;
    %dup/vec4;
    %pushi/vec4 3, 0, 4;
    %cmp/u;
    %jmp/1 T_10.3, 6;
    %dup/vec4;
    %pushi/vec4 4, 0, 4;
    %cmp/u;
    %jmp/1 T_10.4, 6;
    %dup/vec4;
    %pushi/vec4 5, 0, 4;
    %cmp/u;
    %jmp/1 T_10.5, 6;
    %dup/vec4;
    %pushi/vec4 6, 0, 4;
    %cmp/u;
    %jmp/1 T_10.6, 6;
    %dup/vec4;
    %pushi/vec4 7, 0, 4;
    %cmp/u;
    %jmp/1 T_10.7, 6;
    %dup/vec4;
    %pushi/vec4 8, 0, 4;
    %cmp/u;
    %jmp/1 T_10.8, 6;
    %dup/vec4;
    %pushi/vec4 9, 0, 4;
    %cmp/u;
    %jmp/1 T_10.9, 6;
    %dup/vec4;
    %pushi/vec4 10, 0, 4;
    %cmp/u;
    %jmp/1 T_10.10, 6;
    %dup/vec4;
    %pushi/vec4 11, 0, 4;
    %cmp/u;
    %jmp/1 T_10.11, 6;
    %dup/vec4;
    %pushi/vec4 15, 0, 4;
    %cmp/u;
    %jmp/1 T_10.12, 6;
    %pushi/vec4 255, 0, 8;
    %assign/vec4 v0x55a811306d70_0, 0;
    %jmp T_10.14;
T_10.0 ;
    %pushi/vec4 192, 0, 8;
    %assign/vec4 v0x55a811306d70_0, 0;
    %jmp T_10.14;
T_10.1 ;
    %pushi/vec4 249, 0, 8;
    %assign/vec4 v0x55a811306d70_0, 0;
    %jmp T_10.14;
T_10.2 ;
    %pushi/vec4 164, 0, 8;
    %assign/vec4 v0x55a811306d70_0, 0;
    %jmp T_10.14;
T_10.3 ;
    %pushi/vec4 176, 0, 8;
    %assign/vec4 v0x55a811306d70_0, 0;
    %jmp T_10.14;
T_10.4 ;
    %pushi/vec4 153, 0, 8;
    %assign/vec4 v0x55a811306d70_0, 0;
    %jmp T_10.14;
T_10.5 ;
    %pushi/vec4 146, 0, 8;
    %assign/vec4 v0x55a811306d70_0, 0;
    %jmp T_10.14;
T_10.6 ;
    %pushi/vec4 130, 0, 8;
    %assign/vec4 v0x55a811306d70_0, 0;
    %jmp T_10.14;
T_10.7 ;
    %pushi/vec4 248, 0, 8;
    %assign/vec4 v0x55a811306d70_0, 0;
    %jmp T_10.14;
T_10.8 ;
    %pushi/vec4 128, 0, 8;
    %assign/vec4 v0x55a811306d70_0, 0;
    %jmp T_10.14;
T_10.9 ;
    %pushi/vec4 144, 0, 8;
    %assign/vec4 v0x55a811306d70_0, 0;
    %jmp T_10.14;
T_10.10 ;
    %pushi/vec4 191, 0, 8;
    %assign/vec4 v0x55a811306d70_0, 0;
    %jmp T_10.14;
T_10.11 ;
    %pushi/vec4 255, 0, 8;
    %assign/vec4 v0x55a811306d70_0, 0;
    %jmp T_10.14;
T_10.12 ;
    %pushi/vec4 142, 0, 8;
    %assign/vec4 v0x55a811306d70_0, 0;
    %jmp T_10.14;
T_10.14 ;
    %pop/vec4 1;
    %jmp T_10;
    .thread T_10, $push;
    .scope S_0x55a8113057a0;
T_11 ;
    %wait E_0x55a8113059b0;
    %load/vec4 v0x55a811305b30_0;
    %dup/vec4;
    %pushi/vec4 0, 0, 4;
    %cmp/u;
    %jmp/1 T_11.0, 6;
    %dup/vec4;
    %pushi/vec4 1, 0, 4;
    %cmp/u;
    %jmp/1 T_11.1, 6;
    %dup/vec4;
    %pushi/vec4 2, 0, 4;
    %cmp/u;
    %jmp/1 T_11.2, 6;
    %dup/vec4;
    %pushi/vec4 3, 0, 4;
    %cmp/u;
    %jmp/1 T_11.3, 6;
    %dup/vec4;
    %pushi/vec4 4, 0, 4;
    %cmp/u;
    %jmp/1 T_11.4, 6;
    %dup/vec4;
    %pushi/vec4 5, 0, 4;
    %cmp/u;
    %jmp/1 T_11.5, 6;
    %dup/vec4;
    %pushi/vec4 6, 0, 4;
    %cmp/u;
    %jmp/1 T_11.6, 6;
    %dup/vec4;
    %pushi/vec4 7, 0, 4;
    %cmp/u;
    %jmp/1 T_11.7, 6;
    %dup/vec4;
    %pushi/vec4 8, 0, 4;
    %cmp/u;
    %jmp/1 T_11.8, 6;
    %dup/vec4;
    %pushi/vec4 9, 0, 4;
    %cmp/u;
    %jmp/1 T_11.9, 6;
    %dup/vec4;
    %pushi/vec4 10, 0, 4;
    %cmp/u;
    %jmp/1 T_11.10, 6;
    %dup/vec4;
    %pushi/vec4 11, 0, 4;
    %cmp/u;
    %jmp/1 T_11.11, 6;
    %dup/vec4;
    %pushi/vec4 15, 0, 4;
    %cmp/u;
    %jmp/1 T_11.12, 6;
    %pushi/vec4 255, 0, 8;
    %assign/vec4 v0x55a811305c10_0, 0;
    %jmp T_11.14;
T_11.0 ;
    %pushi/vec4 192, 0, 8;
    %assign/vec4 v0x55a811305c10_0, 0;
    %jmp T_11.14;
T_11.1 ;
    %pushi/vec4 249, 0, 8;
    %assign/vec4 v0x55a811305c10_0, 0;
    %jmp T_11.14;
T_11.2 ;
    %pushi/vec4 164, 0, 8;
    %assign/vec4 v0x55a811305c10_0, 0;
    %jmp T_11.14;
T_11.3 ;
    %pushi/vec4 176, 0, 8;
    %assign/vec4 v0x55a811305c10_0, 0;
    %jmp T_11.14;
T_11.4 ;
    %pushi/vec4 153, 0, 8;
    %assign/vec4 v0x55a811305c10_0, 0;
    %jmp T_11.14;
T_11.5 ;
    %pushi/vec4 146, 0, 8;
    %assign/vec4 v0x55a811305c10_0, 0;
    %jmp T_11.14;
T_11.6 ;
    %pushi/vec4 130, 0, 8;
    %assign/vec4 v0x55a811305c10_0, 0;
    %jmp T_11.14;
T_11.7 ;
    %pushi/vec4 248, 0, 8;
    %assign/vec4 v0x55a811305c10_0, 0;
    %jmp T_11.14;
T_11.8 ;
    %pushi/vec4 128, 0, 8;
    %assign/vec4 v0x55a811305c10_0, 0;
    %jmp T_11.14;
T_11.9 ;
    %pushi/vec4 144, 0, 8;
    %assign/vec4 v0x55a811305c10_0, 0;
    %jmp T_11.14;
T_11.10 ;
    %pushi/vec4 191, 0, 8;
    %assign/vec4 v0x55a811305c10_0, 0;
    %jmp T_11.14;
T_11.11 ;
    %pushi/vec4 255, 0, 8;
    %assign/vec4 v0x55a811305c10_0, 0;
    %jmp T_11.14;
T_11.12 ;
    %pushi/vec4 142, 0, 8;
    %assign/vec4 v0x55a811305c10_0, 0;
    %jmp T_11.14;
T_11.14 ;
    %pop/vec4 1;
    %jmp T_11;
    .thread T_11, $push;
    .scope S_0x55a811305d60;
T_12 ;
    %wait E_0x55a811305fc0;
    %load/vec4 v0x55a811306140_0;
    %dup/vec4;
    %pushi/vec4 0, 0, 4;
    %cmp/u;
    %jmp/1 T_12.0, 6;
    %dup/vec4;
    %pushi/vec4 1, 0, 4;
    %cmp/u;
    %jmp/1 T_12.1, 6;
    %dup/vec4;
    %pushi/vec4 2, 0, 4;
    %cmp/u;
    %jmp/1 T_12.2, 6;
    %dup/vec4;
    %pushi/vec4 3, 0, 4;
    %cmp/u;
    %jmp/1 T_12.3, 6;
    %dup/vec4;
    %pushi/vec4 4, 0, 4;
    %cmp/u;
    %jmp/1 T_12.4, 6;
    %dup/vec4;
    %pushi/vec4 5, 0, 4;
    %cmp/u;
    %jmp/1 T_12.5, 6;
    %dup/vec4;
    %pushi/vec4 6, 0, 4;
    %cmp/u;
    %jmp/1 T_12.6, 6;
    %dup/vec4;
    %pushi/vec4 7, 0, 4;
    %cmp/u;
    %jmp/1 T_12.7, 6;
    %dup/vec4;
    %pushi/vec4 8, 0, 4;
    %cmp/u;
    %jmp/1 T_12.8, 6;
    %dup/vec4;
    %pushi/vec4 9, 0, 4;
    %cmp/u;
    %jmp/1 T_12.9, 6;
    %dup/vec4;
    %pushi/vec4 10, 0, 4;
    %cmp/u;
    %jmp/1 T_12.10, 6;
    %dup/vec4;
    %pushi/vec4 11, 0, 4;
    %cmp/u;
    %jmp/1 T_12.11, 6;
    %dup/vec4;
    %pushi/vec4 15, 0, 4;
    %cmp/u;
    %jmp/1 T_12.12, 6;
    %pushi/vec4 255, 0, 8;
    %assign/vec4 v0x55a811306220_0, 0;
    %jmp T_12.14;
T_12.0 ;
    %pushi/vec4 192, 0, 8;
    %assign/vec4 v0x55a811306220_0, 0;
    %jmp T_12.14;
T_12.1 ;
    %pushi/vec4 249, 0, 8;
    %assign/vec4 v0x55a811306220_0, 0;
    %jmp T_12.14;
T_12.2 ;
    %pushi/vec4 164, 0, 8;
    %assign/vec4 v0x55a811306220_0, 0;
    %jmp T_12.14;
T_12.3 ;
    %pushi/vec4 176, 0, 8;
    %assign/vec4 v0x55a811306220_0, 0;
    %jmp T_12.14;
T_12.4 ;
    %pushi/vec4 153, 0, 8;
    %assign/vec4 v0x55a811306220_0, 0;
    %jmp T_12.14;
T_12.5 ;
    %pushi/vec4 146, 0, 8;
    %assign/vec4 v0x55a811306220_0, 0;
    %jmp T_12.14;
T_12.6 ;
    %pushi/vec4 130, 0, 8;
    %assign/vec4 v0x55a811306220_0, 0;
    %jmp T_12.14;
T_12.7 ;
    %pushi/vec4 248, 0, 8;
    %assign/vec4 v0x55a811306220_0, 0;
    %jmp T_12.14;
T_12.8 ;
    %pushi/vec4 128, 0, 8;
    %assign/vec4 v0x55a811306220_0, 0;
    %jmp T_12.14;
T_12.9 ;
    %pushi/vec4 144, 0, 8;
    %assign/vec4 v0x55a811306220_0, 0;
    %jmp T_12.14;
T_12.10 ;
    %pushi/vec4 191, 0, 8;
    %assign/vec4 v0x55a811306220_0, 0;
    %jmp T_12.14;
T_12.11 ;
    %pushi/vec4 255, 0, 8;
    %assign/vec4 v0x55a811306220_0, 0;
    %jmp T_12.14;
T_12.12 ;
    %pushi/vec4 142, 0, 8;
    %assign/vec4 v0x55a811306220_0, 0;
    %jmp T_12.14;
T_12.14 ;
    %pop/vec4 1;
    %jmp T_12;
    .thread T_12, $push;
    .scope S_0x55a81130b260;
T_13 ;
    %wait E_0x55a81130b490;
    %load/vec4 v0x55a81130b610_0;
    %dup/vec4;
    %pushi/vec4 0, 0, 4;
    %cmp/u;
    %jmp/1 T_13.0, 6;
    %dup/vec4;
    %pushi/vec4 1, 0, 4;
    %cmp/u;
    %jmp/1 T_13.1, 6;
    %dup/vec4;
    %pushi/vec4 2, 0, 4;
    %cmp/u;
    %jmp/1 T_13.2, 6;
    %dup/vec4;
    %pushi/vec4 3, 0, 4;
    %cmp/u;
    %jmp/1 T_13.3, 6;
    %dup/vec4;
    %pushi/vec4 4, 0, 4;
    %cmp/u;
    %jmp/1 T_13.4, 6;
    %dup/vec4;
    %pushi/vec4 5, 0, 4;
    %cmp/u;
    %jmp/1 T_13.5, 6;
    %dup/vec4;
    %pushi/vec4 6, 0, 4;
    %cmp/u;
    %jmp/1 T_13.6, 6;
    %dup/vec4;
    %pushi/vec4 7, 0, 4;
    %cmp/u;
    %jmp/1 T_13.7, 6;
    %dup/vec4;
    %pushi/vec4 8, 0, 4;
    %cmp/u;
    %jmp/1 T_13.8, 6;
    %dup/vec4;
    %pushi/vec4 9, 0, 4;
    %cmp/u;
    %jmp/1 T_13.9, 6;
    %dup/vec4;
    %pushi/vec4 10, 0, 4;
    %cmp/u;
    %jmp/1 T_13.10, 6;
    %dup/vec4;
    %pushi/vec4 11, 0, 4;
    %cmp/u;
    %jmp/1 T_13.11, 6;
    %dup/vec4;
    %pushi/vec4 15, 0, 4;
    %cmp/u;
    %jmp/1 T_13.12, 6;
    %pushi/vec4 255, 0, 8;
    %assign/vec4 v0x55a81130b6f0_0, 0;
    %jmp T_13.14;
T_13.0 ;
    %pushi/vec4 192, 0, 8;
    %assign/vec4 v0x55a81130b6f0_0, 0;
    %jmp T_13.14;
T_13.1 ;
    %pushi/vec4 249, 0, 8;
    %assign/vec4 v0x55a81130b6f0_0, 0;
    %jmp T_13.14;
T_13.2 ;
    %pushi/vec4 164, 0, 8;
    %assign/vec4 v0x55a81130b6f0_0, 0;
    %jmp T_13.14;
T_13.3 ;
    %pushi/vec4 176, 0, 8;
    %assign/vec4 v0x55a81130b6f0_0, 0;
    %jmp T_13.14;
T_13.4 ;
    %pushi/vec4 153, 0, 8;
    %assign/vec4 v0x55a81130b6f0_0, 0;
    %jmp T_13.14;
T_13.5 ;
    %pushi/vec4 146, 0, 8;
    %assign/vec4 v0x55a81130b6f0_0, 0;
    %jmp T_13.14;
T_13.6 ;
    %pushi/vec4 130, 0, 8;
    %assign/vec4 v0x55a81130b6f0_0, 0;
    %jmp T_13.14;
T_13.7 ;
    %pushi/vec4 248, 0, 8;
    %assign/vec4 v0x55a81130b6f0_0, 0;
    %jmp T_13.14;
T_13.8 ;
    %pushi/vec4 128, 0, 8;
    %assign/vec4 v0x55a81130b6f0_0, 0;
    %jmp T_13.14;
T_13.9 ;
    %pushi/vec4 144, 0, 8;
    %assign/vec4 v0x55a81130b6f0_0, 0;
    %jmp T_13.14;
T_13.10 ;
    %pushi/vec4 191, 0, 8;
    %assign/vec4 v0x55a81130b6f0_0, 0;
    %jmp T_13.14;
T_13.11 ;
    %pushi/vec4 255, 0, 8;
    %assign/vec4 v0x55a81130b6f0_0, 0;
    %jmp T_13.14;
T_13.12 ;
    %pushi/vec4 142, 0, 8;
    %assign/vec4 v0x55a81130b6f0_0, 0;
    %jmp T_13.14;
T_13.14 ;
    %pop/vec4 1;
    %jmp T_13;
    .thread T_13, $push;
    .scope S_0x55a81130b840;
T_14 ;
    %wait E_0x55a81130ba50;
    %load/vec4 v0x55a81130bbd0_0;
    %dup/vec4;
    %pushi/vec4 0, 0, 4;
    %cmp/u;
    %jmp/1 T_14.0, 6;
    %dup/vec4;
    %pushi/vec4 1, 0, 4;
    %cmp/u;
    %jmp/1 T_14.1, 6;
    %dup/vec4;
    %pushi/vec4 2, 0, 4;
    %cmp/u;
    %jmp/1 T_14.2, 6;
    %dup/vec4;
    %pushi/vec4 3, 0, 4;
    %cmp/u;
    %jmp/1 T_14.3, 6;
    %dup/vec4;
    %pushi/vec4 4, 0, 4;
    %cmp/u;
    %jmp/1 T_14.4, 6;
    %dup/vec4;
    %pushi/vec4 5, 0, 4;
    %cmp/u;
    %jmp/1 T_14.5, 6;
    %dup/vec4;
    %pushi/vec4 6, 0, 4;
    %cmp/u;
    %jmp/1 T_14.6, 6;
    %dup/vec4;
    %pushi/vec4 7, 0, 4;
    %cmp/u;
    %jmp/1 T_14.7, 6;
    %dup/vec4;
    %pushi/vec4 8, 0, 4;
    %cmp/u;
    %jmp/1 T_14.8, 6;
    %dup/vec4;
    %pushi/vec4 9, 0, 4;
    %cmp/u;
    %jmp/1 T_14.9, 6;
    %dup/vec4;
    %pushi/vec4 10, 0, 4;
    %cmp/u;
    %jmp/1 T_14.10, 6;
    %dup/vec4;
    %pushi/vec4 11, 0, 4;
    %cmp/u;
    %jmp/1 T_14.11, 6;
    %dup/vec4;
    %pushi/vec4 15, 0, 4;
    %cmp/u;
    %jmp/1 T_14.12, 6;
    %pushi/vec4 255, 0, 8;
    %assign/vec4 v0x55a81130bcb0_0, 0;
    %jmp T_14.14;
T_14.0 ;
    %pushi/vec4 192, 0, 8;
    %assign/vec4 v0x55a81130bcb0_0, 0;
    %jmp T_14.14;
T_14.1 ;
    %pushi/vec4 249, 0, 8;
    %assign/vec4 v0x55a81130bcb0_0, 0;
    %jmp T_14.14;
T_14.2 ;
    %pushi/vec4 164, 0, 8;
    %assign/vec4 v0x55a81130bcb0_0, 0;
    %jmp T_14.14;
T_14.3 ;
    %pushi/vec4 176, 0, 8;
    %assign/vec4 v0x55a81130bcb0_0, 0;
    %jmp T_14.14;
T_14.4 ;
    %pushi/vec4 153, 0, 8;
    %assign/vec4 v0x55a81130bcb0_0, 0;
    %jmp T_14.14;
T_14.5 ;
    %pushi/vec4 146, 0, 8;
    %assign/vec4 v0x55a81130bcb0_0, 0;
    %jmp T_14.14;
T_14.6 ;
    %pushi/vec4 130, 0, 8;
    %assign/vec4 v0x55a81130bcb0_0, 0;
    %jmp T_14.14;
T_14.7 ;
    %pushi/vec4 248, 0, 8;
    %assign/vec4 v0x55a81130bcb0_0, 0;
    %jmp T_14.14;
T_14.8 ;
    %pushi/vec4 128, 0, 8;
    %assign/vec4 v0x55a81130bcb0_0, 0;
    %jmp T_14.14;
T_14.9 ;
    %pushi/vec4 144, 0, 8;
    %assign/vec4 v0x55a81130bcb0_0, 0;
    %jmp T_14.14;
T_14.10 ;
    %pushi/vec4 191, 0, 8;
    %assign/vec4 v0x55a81130bcb0_0, 0;
    %jmp T_14.14;
T_14.11 ;
    %pushi/vec4 255, 0, 8;
    %assign/vec4 v0x55a81130bcb0_0, 0;
    %jmp T_14.14;
T_14.12 ;
    %pushi/vec4 142, 0, 8;
    %assign/vec4 v0x55a81130bcb0_0, 0;
    %jmp T_14.14;
T_14.14 ;
    %pop/vec4 1;
    %jmp T_14;
    .thread T_14, $push;
    .scope S_0x55a81130be00;
T_15 ;
    %wait E_0x55a81130c040;
    %load/vec4 v0x55a81130c1a0_0;
    %dup/vec4;
    %pushi/vec4 0, 0, 4;
    %cmp/u;
    %jmp/1 T_15.0, 6;
    %dup/vec4;
    %pushi/vec4 1, 0, 4;
    %cmp/u;
    %jmp/1 T_15.1, 6;
    %dup/vec4;
    %pushi/vec4 2, 0, 4;
    %cmp/u;
    %jmp/1 T_15.2, 6;
    %dup/vec4;
    %pushi/vec4 3, 0, 4;
    %cmp/u;
    %jmp/1 T_15.3, 6;
    %dup/vec4;
    %pushi/vec4 4, 0, 4;
    %cmp/u;
    %jmp/1 T_15.4, 6;
    %dup/vec4;
    %pushi/vec4 5, 0, 4;
    %cmp/u;
    %jmp/1 T_15.5, 6;
    %dup/vec4;
    %pushi/vec4 6, 0, 4;
    %cmp/u;
    %jmp/1 T_15.6, 6;
    %dup/vec4;
    %pushi/vec4 7, 0, 4;
    %cmp/u;
    %jmp/1 T_15.7, 6;
    %dup/vec4;
    %pushi/vec4 8, 0, 4;
    %cmp/u;
    %jmp/1 T_15.8, 6;
    %dup/vec4;
    %pushi/vec4 9, 0, 4;
    %cmp/u;
    %jmp/1 T_15.9, 6;
    %dup/vec4;
    %pushi/vec4 10, 0, 4;
    %cmp/u;
    %jmp/1 T_15.10, 6;
    %dup/vec4;
    %pushi/vec4 11, 0, 4;
    %cmp/u;
    %jmp/1 T_15.11, 6;
    %dup/vec4;
    %pushi/vec4 15, 0, 4;
    %cmp/u;
    %jmp/1 T_15.12, 6;
    %pushi/vec4 255, 0, 8;
    %assign/vec4 v0x55a81130c280_0, 0;
    %jmp T_15.14;
T_15.0 ;
    %pushi/vec4 192, 0, 8;
    %assign/vec4 v0x55a81130c280_0, 0;
    %jmp T_15.14;
T_15.1 ;
    %pushi/vec4 249, 0, 8;
    %assign/vec4 v0x55a81130c280_0, 0;
    %jmp T_15.14;
T_15.2 ;
    %pushi/vec4 164, 0, 8;
    %assign/vec4 v0x55a81130c280_0, 0;
    %jmp T_15.14;
T_15.3 ;
    %pushi/vec4 176, 0, 8;
    %assign/vec4 v0x55a81130c280_0, 0;
    %jmp T_15.14;
T_15.4 ;
    %pushi/vec4 153, 0, 8;
    %assign/vec4 v0x55a81130c280_0, 0;
    %jmp T_15.14;
T_15.5 ;
    %pushi/vec4 146, 0, 8;
    %assign/vec4 v0x55a81130c280_0, 0;
    %jmp T_15.14;
T_15.6 ;
    %pushi/vec4 130, 0, 8;
    %assign/vec4 v0x55a81130c280_0, 0;
    %jmp T_15.14;
T_15.7 ;
    %pushi/vec4 248, 0, 8;
    %assign/vec4 v0x55a81130c280_0, 0;
    %jmp T_15.14;
T_15.8 ;
    %pushi/vec4 128, 0, 8;
    %assign/vec4 v0x55a81130c280_0, 0;
    %jmp T_15.14;
T_15.9 ;
    %pushi/vec4 144, 0, 8;
    %assign/vec4 v0x55a81130c280_0, 0;
    %jmp T_15.14;
T_15.10 ;
    %pushi/vec4 191, 0, 8;
    %assign/vec4 v0x55a81130c280_0, 0;
    %jmp T_15.14;
T_15.11 ;
    %pushi/vec4 255, 0, 8;
    %assign/vec4 v0x55a81130c280_0, 0;
    %jmp T_15.14;
T_15.12 ;
    %pushi/vec4 142, 0, 8;
    %assign/vec4 v0x55a81130c280_0, 0;
    %jmp T_15.14;
T_15.14 ;
    %pop/vec4 1;
    %jmp T_15;
    .thread T_15, $push;
    .scope S_0x55a81130c3d0;
T_16 ;
    %wait E_0x55a81130c5e0;
    %load/vec4 v0x55a81130c760_0;
    %dup/vec4;
    %pushi/vec4 0, 0, 4;
    %cmp/u;
    %jmp/1 T_16.0, 6;
    %dup/vec4;
    %pushi/vec4 1, 0, 4;
    %cmp/u;
    %jmp/1 T_16.1, 6;
    %dup/vec4;
    %pushi/vec4 2, 0, 4;
    %cmp/u;
    %jmp/1 T_16.2, 6;
    %dup/vec4;
    %pushi/vec4 3, 0, 4;
    %cmp/u;
    %jmp/1 T_16.3, 6;
    %dup/vec4;
    %pushi/vec4 4, 0, 4;
    %cmp/u;
    %jmp/1 T_16.4, 6;
    %dup/vec4;
    %pushi/vec4 5, 0, 4;
    %cmp/u;
    %jmp/1 T_16.5, 6;
    %dup/vec4;
    %pushi/vec4 6, 0, 4;
    %cmp/u;
    %jmp/1 T_16.6, 6;
    %dup/vec4;
    %pushi/vec4 7, 0, 4;
    %cmp/u;
    %jmp/1 T_16.7, 6;
    %dup/vec4;
    %pushi/vec4 8, 0, 4;
    %cmp/u;
    %jmp/1 T_16.8, 6;
    %dup/vec4;
    %pushi/vec4 9, 0, 4;
    %cmp/u;
    %jmp/1 T_16.9, 6;
    %dup/vec4;
    %pushi/vec4 10, 0, 4;
    %cmp/u;
    %jmp/1 T_16.10, 6;
    %dup/vec4;
    %pushi/vec4 11, 0, 4;
    %cmp/u;
    %jmp/1 T_16.11, 6;
    %dup/vec4;
    %pushi/vec4 15, 0, 4;
    %cmp/u;
    %jmp/1 T_16.12, 6;
    %pushi/vec4 255, 0, 8;
    %assign/vec4 v0x55a81130c840_0, 0;
    %jmp T_16.14;
T_16.0 ;
    %pushi/vec4 192, 0, 8;
    %assign/vec4 v0x55a81130c840_0, 0;
    %jmp T_16.14;
T_16.1 ;
    %pushi/vec4 249, 0, 8;
    %assign/vec4 v0x55a81130c840_0, 0;
    %jmp T_16.14;
T_16.2 ;
    %pushi/vec4 164, 0, 8;
    %assign/vec4 v0x55a81130c840_0, 0;
    %jmp T_16.14;
T_16.3 ;
    %pushi/vec4 176, 0, 8;
    %assign/vec4 v0x55a81130c840_0, 0;
    %jmp T_16.14;
T_16.4 ;
    %pushi/vec4 153, 0, 8;
    %assign/vec4 v0x55a81130c840_0, 0;
    %jmp T_16.14;
T_16.5 ;
    %pushi/vec4 146, 0, 8;
    %assign/vec4 v0x55a81130c840_0, 0;
    %jmp T_16.14;
T_16.6 ;
    %pushi/vec4 130, 0, 8;
    %assign/vec4 v0x55a81130c840_0, 0;
    %jmp T_16.14;
T_16.7 ;
    %pushi/vec4 248, 0, 8;
    %assign/vec4 v0x55a81130c840_0, 0;
    %jmp T_16.14;
T_16.8 ;
    %pushi/vec4 128, 0, 8;
    %assign/vec4 v0x55a81130c840_0, 0;
    %jmp T_16.14;
T_16.9 ;
    %pushi/vec4 144, 0, 8;
    %assign/vec4 v0x55a81130c840_0, 0;
    %jmp T_16.14;
T_16.10 ;
    %pushi/vec4 191, 0, 8;
    %assign/vec4 v0x55a81130c840_0, 0;
    %jmp T_16.14;
T_16.11 ;
    %pushi/vec4 255, 0, 8;
    %assign/vec4 v0x55a81130c840_0, 0;
    %jmp T_16.14;
T_16.12 ;
    %pushi/vec4 142, 0, 8;
    %assign/vec4 v0x55a81130c840_0, 0;
    %jmp T_16.14;
T_16.14 ;
    %pop/vec4 1;
    %jmp T_16;
    .thread T_16, $push;
# The file index is used to find the file name in the following table.
:file_names 9;
    "N/A";
    "<interactive>";
    "Complete.v";
    "DesignBlock1.v";
    "HexNumbers.v";
    "DesignBlock2.v";
    "FourBitAdder.v";
    "FullAdder.v";
    "DesignBlock3.v";
