#! /usr/bin/vvp
:ivl_version "10.1 (stable)";
:ivl_delay_selection "TYPICAL";
:vpi_time_precision - 12;
:vpi_module "system";
:vpi_module "vhdl_sys";
:vpi_module "v2005_math";
:vpi_module "va_math";
S_0x564ce955f160 .scope module, "tb" "tb" 2 2;
 .timescale -9 -10;
v0x564ce95841d0_0 .net "HEX0", 7 0, L_0x564ce9586bc0;  1 drivers
v0x564ce95842b0_0 .net "HEX1", 7 0, L_0x564ce9586ac0;  1 drivers
v0x564ce9584370_0 .net "HEX2", 7 0, L_0x564ce95869c0;  1 drivers
v0x564ce9584410_0 .net "HEX3", 7 0, L_0x564ce9586950;  1 drivers
v0x564ce95844d0_0 .net "HEX4", 7 0, L_0x564ce95868e0;  1 drivers
v0x564ce95845e0_0 .net "HEX5", 7 0, L_0x564ce9586870;  1 drivers
v0x564ce95846a0_0 .var "KEY", 1 0;
v0x564ce9584760_0 .net "LEDR", 9 0, L_0x564ce95861f0;  1 drivers
v0x564ce9584870_0 .var "SW", 9 0;
S_0x564ce955f2e0 .scope module, "test1" "Complete" 2 14, 3 7 0, S_0x564ce955f160;
 .timescale 0 0;
    .port_info 0 /OUTPUT 8 "HEX0"
    .port_info 1 /OUTPUT 8 "HEX1"
    .port_info 2 /OUTPUT 8 "HEX2"
    .port_info 3 /OUTPUT 8 "HEX3"
    .port_info 4 /OUTPUT 8 "HEX4"
    .port_info 5 /OUTPUT 8 "HEX5"
    .port_info 6 /INPUT 2 "KEY"
    .port_info 7 /OUTPUT 10 "LEDR"
    .port_info 8 /INPUT 10 "SW"
v0x564ce9583820_0 .net "HEX0", 7 0, L_0x564ce9586bc0;  alias, 1 drivers
v0x564ce95838e0_0 .net "HEX1", 7 0, L_0x564ce9586ac0;  alias, 1 drivers
v0x564ce95839f0_0 .net "HEX2", 7 0, L_0x564ce95869c0;  alias, 1 drivers
v0x564ce9583ae0_0 .net "HEX3", 7 0, L_0x564ce9586950;  alias, 1 drivers
v0x564ce9583bf0_0 .net "HEX4", 7 0, L_0x564ce95868e0;  alias, 1 drivers
v0x564ce9583d50_0 .net "HEX5", 7 0, L_0x564ce9586870;  alias, 1 drivers
v0x564ce9583e60_0 .net "KEY", 1 0, v0x564ce95846a0_0;  1 drivers
v0x564ce9583f70_0 .net "LEDR", 9 0, L_0x564ce95861f0;  alias, 1 drivers
v0x564ce9584030_0 .net "SW", 9 0, v0x564ce9584870_0;  1 drivers
S_0x564ce955f540 .scope module, "birthyay" "Birthdays" 3 33, 4 1 0, S_0x564ce955f2e0;
 .timescale -9 -12;
    .port_info 0 /INPUT 2 "KEY"
    .port_info 1 /OUTPUT 8 "HEX0"
    .port_info 2 /OUTPUT 8 "HEX1"
    .port_info 3 /OUTPUT 8 "HEX2"
    .port_info 4 /OUTPUT 8 "HEX3"
    .port_info 5 /OUTPUT 8 "HEX4"
    .port_info 6 /OUTPUT 8 "HEX5"
v0x564ce9580ad0_0 .net "HEX0", 7 0, L_0x564ce9586bc0;  alias, 1 drivers
v0x564ce9580bc0_0 .net "HEX1", 7 0, L_0x564ce9586ac0;  alias, 1 drivers
v0x564ce9580c90_0 .net "HEX2", 7 0, L_0x564ce95869c0;  alias, 1 drivers
v0x564ce9580d90_0 .net "HEX3", 7 0, L_0x564ce9586950;  alias, 1 drivers
v0x564ce9580e60_0 .net "HEX4", 7 0, L_0x564ce95868e0;  alias, 1 drivers
v0x564ce9580f50_0 .net "HEX5", 7 0, L_0x564ce9586870;  alias, 1 drivers
v0x564ce9581020_0 .net "KEY", 1 0, v0x564ce95846a0_0;  alias, 1 drivers
v0x564ce95810c0_0 .net *"_s2", 0 0, L_0x564ce9586cc0;  1 drivers
v0x564ce95811a0_0 .var "fifth", 3 0;
v0x564ce9581290_0 .var "first", 3 0;
v0x564ce9581360_0 .var "fourth", 3 0;
v0x564ce9581430_0 .var "second", 3 0;
v0x564ce9581500_0 .var "sixth", 3 0;
v0x564ce95815d0_0 .var "third", 3 0;
v0x564ce95816a0_0 .var "true", 0 0;
E_0x564ce9537b40 .event negedge, L_0x564ce9586cc0;
L_0x564ce9586cc0 .part v0x564ce95846a0_0, 1, 1;
S_0x564ce955f770 .scope module, "first_one" "HexNumbers" 4 49, 5 5 0, S_0x564ce955f540;
 .timescale -9 -10;
    .port_info 0 /INPUT 4 "NUM"
    .port_info 1 /OUTPUT 8 "HEX"
L_0x564ce9586950 .functor BUFZ 8, v0x564ce957ee00_0, C4<00000000>, C4<00000000>, C4<00000000>;
v0x564ce955f940_0 .net "HEX", 7 0, L_0x564ce9586950;  alias, 1 drivers
v0x564ce957ed20_0 .net "NUM", 3 0, v0x564ce95815d0_0;  1 drivers
v0x564ce957ee00_0 .var "out", 7 0;
E_0x564ce9537150 .event edge, v0x564ce957ed20_0;
S_0x564ce957ef20 .scope module, "first_zero" "HexNumbers" 4 45, 5 5 0, S_0x564ce955f540;
 .timescale -9 -10;
    .port_info 0 /INPUT 4 "NUM"
    .port_info 1 /OUTPUT 8 "HEX"
L_0x564ce9586870 .functor BUFZ 8, v0x564ce957f310_0, C4<00000000>, C4<00000000>, C4<00000000>;
v0x564ce957f130_0 .net "HEX", 7 0, L_0x564ce9586870;  alias, 1 drivers
v0x564ce957f230_0 .net "NUM", 3 0, v0x564ce9581290_0;  1 drivers
v0x564ce957f310_0 .var "out", 7 0;
E_0x564ce955e2e0 .event edge, v0x564ce957f230_0;
S_0x564ce957f430 .scope module, "second_one" "HexNumbers" 4 51, 5 5 0, S_0x564ce955f540;
 .timescale -9 -10;
    .port_info 0 /INPUT 4 "NUM"
    .port_info 1 /OUTPUT 8 "HEX"
L_0x564ce95869c0 .functor BUFZ 8, v0x564ce957f880_0, C4<00000000>, C4<00000000>, C4<00000000>;
v0x564ce957f6a0_0 .net "HEX", 7 0, L_0x564ce95869c0;  alias, 1 drivers
v0x564ce957f7a0_0 .net "NUM", 3 0, v0x564ce9581360_0;  1 drivers
v0x564ce957f880_0 .var "out", 7 0;
E_0x564ce957f640 .event edge, v0x564ce957f7a0_0;
S_0x564ce957f9a0 .scope module, "second_zero" "HexNumbers" 4 53, 5 5 0, S_0x564ce955f540;
 .timescale -9 -10;
    .port_info 0 /INPUT 4 "NUM"
    .port_info 1 /OUTPUT 8 "HEX"
L_0x564ce9586ac0 .functor BUFZ 8, v0x564ce957fe10_0, C4<00000000>, C4<00000000>, C4<00000000>;
v0x564ce957fc30_0 .net "HEX", 7 0, L_0x564ce9586ac0;  alias, 1 drivers
v0x564ce957fd30_0 .net "NUM", 3 0, v0x564ce95811a0_0;  1 drivers
v0x564ce957fe10_0 .var "out", 7 0;
E_0x564ce957fbb0 .event edge, v0x564ce957fd30_0;
S_0x564ce957ff30 .scope module, "six" "HexNumbers" 4 47, 5 5 0, S_0x564ce955f540;
 .timescale -9 -10;
    .port_info 0 /INPUT 4 "NUM"
    .port_info 1 /OUTPUT 8 "HEX"
L_0x564ce95868e0 .functor BUFZ 8, v0x564ce95803f0_0, C4<00000000>, C4<00000000>, C4<00000000>;
v0x564ce9580210_0 .net "HEX", 7 0, L_0x564ce95868e0;  alias, 1 drivers
v0x564ce9580310_0 .net "NUM", 3 0, v0x564ce9581430_0;  1 drivers
v0x564ce95803f0_0 .var "out", 7 0;
E_0x564ce9580190 .event edge, v0x564ce9580310_0;
S_0x564ce9580510 .scope module, "third_zero" "HexNumbers" 4 55, 5 5 0, S_0x564ce955f540;
 .timescale -9 -10;
    .port_info 0 /INPUT 4 "NUM"
    .port_info 1 /OUTPUT 8 "HEX"
L_0x564ce9586bc0 .functor BUFZ 8, v0x564ce9580980_0, C4<00000000>, C4<00000000>, C4<00000000>;
v0x564ce95807a0_0 .net "HEX", 7 0, L_0x564ce9586bc0;  alias, 1 drivers
v0x564ce95808a0_0 .net "NUM", 3 0, v0x564ce9581500_0;  1 drivers
v0x564ce9580980_0 .var "out", 7 0;
E_0x564ce9580720 .event edge, v0x564ce95808a0_0;
S_0x564ce9581860 .scope module, "yey" "LedSwitches" 3 27, 6 6 0, S_0x564ce955f2e0;
 .timescale -9 -12;
    .port_info 0 /INPUT 10 "SW"
    .port_info 1 /INPUT 2 "KEY"
    .port_info 2 /OUTPUT 10 "LEDR"
L_0x564ce9584b00 .functor XOR 1, L_0x564ce9584930, L_0x564ce95849d0, C4<0>, C4<0>;
L_0x564ce9584d90 .functor XOR 1, L_0x564ce9584bc0, L_0x564ce9584cf0, C4<0>, C4<0>;
L_0x564ce9584fd0 .functor XOR 1, L_0x564ce9584e50, L_0x564ce9584ef0, C4<0>, C4<0>;
L_0x564ce9585270 .functor XOR 1, L_0x564ce95850e0, L_0x564ce9585180, C4<0>, C4<0>;
L_0x564ce9585550 .functor XOR 1, L_0x564ce95853b0, L_0x564ce9585450, C4<0>, C4<0>;
L_0x564ce95857c0 .functor XOR 1, L_0x564ce9585610, L_0x564ce95856b0, C4<0>, C4<0>;
L_0x564ce9585750 .functor XOR 1, L_0x564ce9585910, L_0x564ce95859b0, C4<0>, C4<0>;
L_0x564ce9585d40 .functor XOR 1, L_0x564ce9585b70, L_0x564ce9585c10, C4<0>, C4<0>;
L_0x564ce95860b0 .functor XOR 1, L_0x564ce9585ed0, L_0x564ce9585f70, C4<0>, C4<0>;
L_0x564ce95866b0 .functor XOR 1, L_0x564ce9586560, L_0x564ce9586010, C4<0>, C4<0>;
v0x564ce9581a50_0 .net "KEY", 1 0, v0x564ce95846a0_0;  alias, 1 drivers
v0x564ce9581b60_0 .net "LEDR", 9 0, L_0x564ce95861f0;  alias, 1 drivers
v0x564ce9581c20_0 .net "SW", 9 0, v0x564ce9584870_0;  alias, 1 drivers
v0x564ce9581d10_0 .net *"_s11", 0 0, L_0x564ce9584bc0;  1 drivers
v0x564ce9581df0_0 .net *"_s13", 0 0, L_0x564ce9584cf0;  1 drivers
v0x564ce9581f20_0 .net *"_s14", 0 0, L_0x564ce9584d90;  1 drivers
v0x564ce9582000_0 .net *"_s19", 0 0, L_0x564ce9584e50;  1 drivers
v0x564ce95820e0_0 .net *"_s21", 0 0, L_0x564ce9584ef0;  1 drivers
v0x564ce95821c0_0 .net *"_s22", 0 0, L_0x564ce9584fd0;  1 drivers
v0x564ce95822a0_0 .net *"_s27", 0 0, L_0x564ce95850e0;  1 drivers
v0x564ce9582380_0 .net *"_s29", 0 0, L_0x564ce9585180;  1 drivers
v0x564ce9582460_0 .net *"_s3", 0 0, L_0x564ce9584930;  1 drivers
v0x564ce9582540_0 .net *"_s30", 0 0, L_0x564ce9585270;  1 drivers
v0x564ce9582620_0 .net *"_s35", 0 0, L_0x564ce95853b0;  1 drivers
v0x564ce9582700_0 .net *"_s37", 0 0, L_0x564ce9585450;  1 drivers
v0x564ce95827e0_0 .net *"_s38", 0 0, L_0x564ce9585550;  1 drivers
v0x564ce95828c0_0 .net *"_s43", 0 0, L_0x564ce9585610;  1 drivers
v0x564ce95829a0_0 .net *"_s45", 0 0, L_0x564ce95856b0;  1 drivers
v0x564ce9582a80_0 .net *"_s46", 0 0, L_0x564ce95857c0;  1 drivers
v0x564ce9582b60_0 .net *"_s5", 0 0, L_0x564ce95849d0;  1 drivers
v0x564ce9582c40_0 .net *"_s51", 0 0, L_0x564ce9585910;  1 drivers
v0x564ce9582d20_0 .net *"_s53", 0 0, L_0x564ce95859b0;  1 drivers
v0x564ce9582e00_0 .net *"_s54", 0 0, L_0x564ce9585750;  1 drivers
v0x564ce9582ee0_0 .net *"_s59", 0 0, L_0x564ce9585b70;  1 drivers
v0x564ce9582fc0_0 .net *"_s6", 0 0, L_0x564ce9584b00;  1 drivers
v0x564ce95830a0_0 .net *"_s61", 0 0, L_0x564ce9585c10;  1 drivers
v0x564ce9583180_0 .net *"_s62", 0 0, L_0x564ce9585d40;  1 drivers
v0x564ce9583260_0 .net *"_s67", 0 0, L_0x564ce9585ed0;  1 drivers
v0x564ce9583340_0 .net *"_s69", 0 0, L_0x564ce9585f70;  1 drivers
v0x564ce9583420_0 .net *"_s70", 0 0, L_0x564ce95860b0;  1 drivers
v0x564ce9583500_0 .net *"_s76", 0 0, L_0x564ce9586560;  1 drivers
v0x564ce95835e0_0 .net *"_s78", 0 0, L_0x564ce9586010;  1 drivers
v0x564ce95836c0_0 .net *"_s79", 0 0, L_0x564ce95866b0;  1 drivers
L_0x564ce9584930 .part v0x564ce9584870_0, 0, 1;
L_0x564ce95849d0 .part v0x564ce95846a0_0, 0, 1;
L_0x564ce9584bc0 .part v0x564ce9584870_0, 1, 1;
L_0x564ce9584cf0 .part v0x564ce95846a0_0, 0, 1;
L_0x564ce9584e50 .part v0x564ce9584870_0, 2, 1;
L_0x564ce9584ef0 .part v0x564ce95846a0_0, 0, 1;
L_0x564ce95850e0 .part v0x564ce9584870_0, 3, 1;
L_0x564ce9585180 .part v0x564ce95846a0_0, 0, 1;
L_0x564ce95853b0 .part v0x564ce9584870_0, 4, 1;
L_0x564ce9585450 .part v0x564ce95846a0_0, 0, 1;
L_0x564ce9585610 .part v0x564ce9584870_0, 5, 1;
L_0x564ce95856b0 .part v0x564ce95846a0_0, 0, 1;
L_0x564ce9585910 .part v0x564ce9584870_0, 6, 1;
L_0x564ce95859b0 .part v0x564ce95846a0_0, 0, 1;
L_0x564ce9585b70 .part v0x564ce9584870_0, 7, 1;
L_0x564ce9585c10 .part v0x564ce95846a0_0, 0, 1;
L_0x564ce9585ed0 .part v0x564ce9584870_0, 8, 1;
L_0x564ce9585f70 .part v0x564ce95846a0_0, 0, 1;
LS_0x564ce95861f0_0_0 .concat8 [ 1 1 1 1], L_0x564ce9584b00, L_0x564ce9584d90, L_0x564ce9584fd0, L_0x564ce9585270;
LS_0x564ce95861f0_0_4 .concat8 [ 1 1 1 1], L_0x564ce9585550, L_0x564ce95857c0, L_0x564ce9585750, L_0x564ce9585d40;
LS_0x564ce95861f0_0_8 .concat8 [ 1 1 0 0], L_0x564ce95860b0, L_0x564ce95866b0;
L_0x564ce95861f0 .concat8 [ 4 4 2 0], LS_0x564ce95861f0_0_0, LS_0x564ce95861f0_0_4, LS_0x564ce95861f0_0_8;
L_0x564ce9586560 .part v0x564ce9584870_0, 9, 1;
L_0x564ce9586010 .part v0x564ce95846a0_0, 0, 1;
    .scope S_0x564ce957ef20;
T_0 ;
    %wait E_0x564ce955e2e0;
    %load/vec4 v0x564ce957f230_0;
    %dup/vec4;
    %pushi/vec4 0, 0, 4;
    %cmp/u;
    %jmp/1 T_0.0, 6;
    %dup/vec4;
    %pushi/vec4 1, 0, 4;
    %cmp/u;
    %jmp/1 T_0.1, 6;
    %dup/vec4;
    %pushi/vec4 2, 0, 4;
    %cmp/u;
    %jmp/1 T_0.2, 6;
    %dup/vec4;
    %pushi/vec4 3, 0, 4;
    %cmp/u;
    %jmp/1 T_0.3, 6;
    %dup/vec4;
    %pushi/vec4 4, 0, 4;
    %cmp/u;
    %jmp/1 T_0.4, 6;
    %dup/vec4;
    %pushi/vec4 5, 0, 4;
    %cmp/u;
    %jmp/1 T_0.5, 6;
    %dup/vec4;
    %pushi/vec4 6, 0, 4;
    %cmp/u;
    %jmp/1 T_0.6, 6;
    %dup/vec4;
    %pushi/vec4 7, 0, 4;
    %cmp/u;
    %jmp/1 T_0.7, 6;
    %dup/vec4;
    %pushi/vec4 8, 0, 4;
    %cmp/u;
    %jmp/1 T_0.8, 6;
    %dup/vec4;
    %pushi/vec4 9, 0, 4;
    %cmp/u;
    %jmp/1 T_0.9, 6;
    %dup/vec4;
    %pushi/vec4 10, 0, 4;
    %cmp/u;
    %jmp/1 T_0.10, 6;
    %dup/vec4;
    %pushi/vec4 11, 0, 4;
    %cmp/u;
    %jmp/1 T_0.11, 6;
    %dup/vec4;
    %pushi/vec4 12, 0, 4;
    %cmp/u;
    %jmp/1 T_0.12, 6;
    %dup/vec4;
    %pushi/vec4 13, 0, 4;
    %cmp/u;
    %jmp/1 T_0.13, 6;
    %dup/vec4;
    %pushi/vec4 14, 0, 4;
    %cmp/u;
    %jmp/1 T_0.14, 6;
    %dup/vec4;
    %pushi/vec4 15, 0, 4;
    %cmp/u;
    %jmp/1 T_0.15, 6;
    %pushi/vec4 255, 0, 8;
    %assign/vec4 v0x564ce957f310_0, 0;
    %jmp T_0.17;
T_0.0 ;
    %pushi/vec4 192, 0, 8;
    %assign/vec4 v0x564ce957f310_0, 0;
    %jmp T_0.17;
T_0.1 ;
    %pushi/vec4 249, 0, 8;
    %assign/vec4 v0x564ce957f310_0, 0;
    %jmp T_0.17;
T_0.2 ;
    %pushi/vec4 164, 0, 8;
    %assign/vec4 v0x564ce957f310_0, 0;
    %jmp T_0.17;
T_0.3 ;
    %pushi/vec4 176, 0, 8;
    %assign/vec4 v0x564ce957f310_0, 0;
    %jmp T_0.17;
T_0.4 ;
    %pushi/vec4 153, 0, 8;
    %assign/vec4 v0x564ce957f310_0, 0;
    %jmp T_0.17;
T_0.5 ;
    %pushi/vec4 146, 0, 8;
    %assign/vec4 v0x564ce957f310_0, 0;
    %jmp T_0.17;
T_0.6 ;
    %pushi/vec4 130, 0, 8;
    %assign/vec4 v0x564ce957f310_0, 0;
    %jmp T_0.17;
T_0.7 ;
    %pushi/vec4 248, 0, 8;
    %assign/vec4 v0x564ce957f310_0, 0;
    %jmp T_0.17;
T_0.8 ;
    %pushi/vec4 128, 0, 8;
    %assign/vec4 v0x564ce957f310_0, 0;
    %jmp T_0.17;
T_0.9 ;
    %pushi/vec4 144, 0, 8;
    %assign/vec4 v0x564ce957f310_0, 0;
    %jmp T_0.17;
T_0.10 ;
    %pushi/vec4 136, 0, 8;
    %assign/vec4 v0x564ce957f310_0, 0;
    %jmp T_0.17;
T_0.11 ;
    %pushi/vec4 131, 0, 8;
    %assign/vec4 v0x564ce957f310_0, 0;
    %jmp T_0.17;
T_0.12 ;
    %pushi/vec4 198, 0, 8;
    %assign/vec4 v0x564ce957f310_0, 0;
    %jmp T_0.17;
T_0.13 ;
    %pushi/vec4 161, 0, 8;
    %assign/vec4 v0x564ce957f310_0, 0;
    %jmp T_0.17;
T_0.14 ;
    %pushi/vec4 134, 0, 8;
    %assign/vec4 v0x564ce957f310_0, 0;
    %jmp T_0.17;
T_0.15 ;
    %pushi/vec4 142, 0, 8;
    %assign/vec4 v0x564ce957f310_0, 0;
    %jmp T_0.17;
T_0.17 ;
    %pop/vec4 1;
    %jmp T_0;
    .thread T_0, $push;
    .scope S_0x564ce957ff30;
T_1 ;
    %wait E_0x564ce9580190;
    %load/vec4 v0x564ce9580310_0;
    %dup/vec4;
    %pushi/vec4 0, 0, 4;
    %cmp/u;
    %jmp/1 T_1.0, 6;
    %dup/vec4;
    %pushi/vec4 1, 0, 4;
    %cmp/u;
    %jmp/1 T_1.1, 6;
    %dup/vec4;
    %pushi/vec4 2, 0, 4;
    %cmp/u;
    %jmp/1 T_1.2, 6;
    %dup/vec4;
    %pushi/vec4 3, 0, 4;
    %cmp/u;
    %jmp/1 T_1.3, 6;
    %dup/vec4;
    %pushi/vec4 4, 0, 4;
    %cmp/u;
    %jmp/1 T_1.4, 6;
    %dup/vec4;
    %pushi/vec4 5, 0, 4;
    %cmp/u;
    %jmp/1 T_1.5, 6;
    %dup/vec4;
    %pushi/vec4 6, 0, 4;
    %cmp/u;
    %jmp/1 T_1.6, 6;
    %dup/vec4;
    %pushi/vec4 7, 0, 4;
    %cmp/u;
    %jmp/1 T_1.7, 6;
    %dup/vec4;
    %pushi/vec4 8, 0, 4;
    %cmp/u;
    %jmp/1 T_1.8, 6;
    %dup/vec4;
    %pushi/vec4 9, 0, 4;
    %cmp/u;
    %jmp/1 T_1.9, 6;
    %dup/vec4;
    %pushi/vec4 10, 0, 4;
    %cmp/u;
    %jmp/1 T_1.10, 6;
    %dup/vec4;
    %pushi/vec4 11, 0, 4;
    %cmp/u;
    %jmp/1 T_1.11, 6;
    %dup/vec4;
    %pushi/vec4 12, 0, 4;
    %cmp/u;
    %jmp/1 T_1.12, 6;
    %dup/vec4;
    %pushi/vec4 13, 0, 4;
    %cmp/u;
    %jmp/1 T_1.13, 6;
    %dup/vec4;
    %pushi/vec4 14, 0, 4;
    %cmp/u;
    %jmp/1 T_1.14, 6;
    %dup/vec4;
    %pushi/vec4 15, 0, 4;
    %cmp/u;
    %jmp/1 T_1.15, 6;
    %pushi/vec4 255, 0, 8;
    %assign/vec4 v0x564ce95803f0_0, 0;
    %jmp T_1.17;
T_1.0 ;
    %pushi/vec4 192, 0, 8;
    %assign/vec4 v0x564ce95803f0_0, 0;
    %jmp T_1.17;
T_1.1 ;
    %pushi/vec4 249, 0, 8;
    %assign/vec4 v0x564ce95803f0_0, 0;
    %jmp T_1.17;
T_1.2 ;
    %pushi/vec4 164, 0, 8;
    %assign/vec4 v0x564ce95803f0_0, 0;
    %jmp T_1.17;
T_1.3 ;
    %pushi/vec4 176, 0, 8;
    %assign/vec4 v0x564ce95803f0_0, 0;
    %jmp T_1.17;
T_1.4 ;
    %pushi/vec4 153, 0, 8;
    %assign/vec4 v0x564ce95803f0_0, 0;
    %jmp T_1.17;
T_1.5 ;
    %pushi/vec4 146, 0, 8;
    %assign/vec4 v0x564ce95803f0_0, 0;
    %jmp T_1.17;
T_1.6 ;
    %pushi/vec4 130, 0, 8;
    %assign/vec4 v0x564ce95803f0_0, 0;
    %jmp T_1.17;
T_1.7 ;
    %pushi/vec4 248, 0, 8;
    %assign/vec4 v0x564ce95803f0_0, 0;
    %jmp T_1.17;
T_1.8 ;
    %pushi/vec4 128, 0, 8;
    %assign/vec4 v0x564ce95803f0_0, 0;
    %jmp T_1.17;
T_1.9 ;
    %pushi/vec4 144, 0, 8;
    %assign/vec4 v0x564ce95803f0_0, 0;
    %jmp T_1.17;
T_1.10 ;
    %pushi/vec4 136, 0, 8;
    %assign/vec4 v0x564ce95803f0_0, 0;
    %jmp T_1.17;
T_1.11 ;
    %pushi/vec4 131, 0, 8;
    %assign/vec4 v0x564ce95803f0_0, 0;
    %jmp T_1.17;
T_1.12 ;
    %pushi/vec4 198, 0, 8;
    %assign/vec4 v0x564ce95803f0_0, 0;
    %jmp T_1.17;
T_1.13 ;
    %pushi/vec4 161, 0, 8;
    %assign/vec4 v0x564ce95803f0_0, 0;
    %jmp T_1.17;
T_1.14 ;
    %pushi/vec4 134, 0, 8;
    %assign/vec4 v0x564ce95803f0_0, 0;
    %jmp T_1.17;
T_1.15 ;
    %pushi/vec4 142, 0, 8;
    %assign/vec4 v0x564ce95803f0_0, 0;
    %jmp T_1.17;
T_1.17 ;
    %pop/vec4 1;
    %jmp T_1;
    .thread T_1, $push;
    .scope S_0x564ce955f770;
T_2 ;
    %wait E_0x564ce9537150;
    %load/vec4 v0x564ce957ed20_0;
    %dup/vec4;
    %pushi/vec4 0, 0, 4;
    %cmp/u;
    %jmp/1 T_2.0, 6;
    %dup/vec4;
    %pushi/vec4 1, 0, 4;
    %cmp/u;
    %jmp/1 T_2.1, 6;
    %dup/vec4;
    %pushi/vec4 2, 0, 4;
    %cmp/u;
    %jmp/1 T_2.2, 6;
    %dup/vec4;
    %pushi/vec4 3, 0, 4;
    %cmp/u;
    %jmp/1 T_2.3, 6;
    %dup/vec4;
    %pushi/vec4 4, 0, 4;
    %cmp/u;
    %jmp/1 T_2.4, 6;
    %dup/vec4;
    %pushi/vec4 5, 0, 4;
    %cmp/u;
    %jmp/1 T_2.5, 6;
    %dup/vec4;
    %pushi/vec4 6, 0, 4;
    %cmp/u;
    %jmp/1 T_2.6, 6;
    %dup/vec4;
    %pushi/vec4 7, 0, 4;
    %cmp/u;
    %jmp/1 T_2.7, 6;
    %dup/vec4;
    %pushi/vec4 8, 0, 4;
    %cmp/u;
    %jmp/1 T_2.8, 6;
    %dup/vec4;
    %pushi/vec4 9, 0, 4;
    %cmp/u;
    %jmp/1 T_2.9, 6;
    %dup/vec4;
    %pushi/vec4 10, 0, 4;
    %cmp/u;
    %jmp/1 T_2.10, 6;
    %dup/vec4;
    %pushi/vec4 11, 0, 4;
    %cmp/u;
    %jmp/1 T_2.11, 6;
    %dup/vec4;
    %pushi/vec4 12, 0, 4;
    %cmp/u;
    %jmp/1 T_2.12, 6;
    %dup/vec4;
    %pushi/vec4 13, 0, 4;
    %cmp/u;
    %jmp/1 T_2.13, 6;
    %dup/vec4;
    %pushi/vec4 14, 0, 4;
    %cmp/u;
    %jmp/1 T_2.14, 6;
    %dup/vec4;
    %pushi/vec4 15, 0, 4;
    %cmp/u;
    %jmp/1 T_2.15, 6;
    %pushi/vec4 255, 0, 8;
    %assign/vec4 v0x564ce957ee00_0, 0;
    %jmp T_2.17;
T_2.0 ;
    %pushi/vec4 192, 0, 8;
    %assign/vec4 v0x564ce957ee00_0, 0;
    %jmp T_2.17;
T_2.1 ;
    %pushi/vec4 249, 0, 8;
    %assign/vec4 v0x564ce957ee00_0, 0;
    %jmp T_2.17;
T_2.2 ;
    %pushi/vec4 164, 0, 8;
    %assign/vec4 v0x564ce957ee00_0, 0;
    %jmp T_2.17;
T_2.3 ;
    %pushi/vec4 176, 0, 8;
    %assign/vec4 v0x564ce957ee00_0, 0;
    %jmp T_2.17;
T_2.4 ;
    %pushi/vec4 153, 0, 8;
    %assign/vec4 v0x564ce957ee00_0, 0;
    %jmp T_2.17;
T_2.5 ;
    %pushi/vec4 146, 0, 8;
    %assign/vec4 v0x564ce957ee00_0, 0;
    %jmp T_2.17;
T_2.6 ;
    %pushi/vec4 130, 0, 8;
    %assign/vec4 v0x564ce957ee00_0, 0;
    %jmp T_2.17;
T_2.7 ;
    %pushi/vec4 248, 0, 8;
    %assign/vec4 v0x564ce957ee00_0, 0;
    %jmp T_2.17;
T_2.8 ;
    %pushi/vec4 128, 0, 8;
    %assign/vec4 v0x564ce957ee00_0, 0;
    %jmp T_2.17;
T_2.9 ;
    %pushi/vec4 144, 0, 8;
    %assign/vec4 v0x564ce957ee00_0, 0;
    %jmp T_2.17;
T_2.10 ;
    %pushi/vec4 136, 0, 8;
    %assign/vec4 v0x564ce957ee00_0, 0;
    %jmp T_2.17;
T_2.11 ;
    %pushi/vec4 131, 0, 8;
    %assign/vec4 v0x564ce957ee00_0, 0;
    %jmp T_2.17;
T_2.12 ;
    %pushi/vec4 198, 0, 8;
    %assign/vec4 v0x564ce957ee00_0, 0;
    %jmp T_2.17;
T_2.13 ;
    %pushi/vec4 161, 0, 8;
    %assign/vec4 v0x564ce957ee00_0, 0;
    %jmp T_2.17;
T_2.14 ;
    %pushi/vec4 134, 0, 8;
    %assign/vec4 v0x564ce957ee00_0, 0;
    %jmp T_2.17;
T_2.15 ;
    %pushi/vec4 142, 0, 8;
    %assign/vec4 v0x564ce957ee00_0, 0;
    %jmp T_2.17;
T_2.17 ;
    %pop/vec4 1;
    %jmp T_2;
    .thread T_2, $push;
    .scope S_0x564ce957f430;
T_3 ;
    %wait E_0x564ce957f640;
    %load/vec4 v0x564ce957f7a0_0;
    %dup/vec4;
    %pushi/vec4 0, 0, 4;
    %cmp/u;
    %jmp/1 T_3.0, 6;
    %dup/vec4;
    %pushi/vec4 1, 0, 4;
    %cmp/u;
    %jmp/1 T_3.1, 6;
    %dup/vec4;
    %pushi/vec4 2, 0, 4;
    %cmp/u;
    %jmp/1 T_3.2, 6;
    %dup/vec4;
    %pushi/vec4 3, 0, 4;
    %cmp/u;
    %jmp/1 T_3.3, 6;
    %dup/vec4;
    %pushi/vec4 4, 0, 4;
    %cmp/u;
    %jmp/1 T_3.4, 6;
    %dup/vec4;
    %pushi/vec4 5, 0, 4;
    %cmp/u;
    %jmp/1 T_3.5, 6;
    %dup/vec4;
    %pushi/vec4 6, 0, 4;
    %cmp/u;
    %jmp/1 T_3.6, 6;
    %dup/vec4;
    %pushi/vec4 7, 0, 4;
    %cmp/u;
    %jmp/1 T_3.7, 6;
    %dup/vec4;
    %pushi/vec4 8, 0, 4;
    %cmp/u;
    %jmp/1 T_3.8, 6;
    %dup/vec4;
    %pushi/vec4 9, 0, 4;
    %cmp/u;
    %jmp/1 T_3.9, 6;
    %dup/vec4;
    %pushi/vec4 10, 0, 4;
    %cmp/u;
    %jmp/1 T_3.10, 6;
    %dup/vec4;
    %pushi/vec4 11, 0, 4;
    %cmp/u;
    %jmp/1 T_3.11, 6;
    %dup/vec4;
    %pushi/vec4 12, 0, 4;
    %cmp/u;
    %jmp/1 T_3.12, 6;
    %dup/vec4;
    %pushi/vec4 13, 0, 4;
    %cmp/u;
    %jmp/1 T_3.13, 6;
    %dup/vec4;
    %pushi/vec4 14, 0, 4;
    %cmp/u;
    %jmp/1 T_3.14, 6;
    %dup/vec4;
    %pushi/vec4 15, 0, 4;
    %cmp/u;
    %jmp/1 T_3.15, 6;
    %pushi/vec4 255, 0, 8;
    %assign/vec4 v0x564ce957f880_0, 0;
    %jmp T_3.17;
T_3.0 ;
    %pushi/vec4 192, 0, 8;
    %assign/vec4 v0x564ce957f880_0, 0;
    %jmp T_3.17;
T_3.1 ;
    %pushi/vec4 249, 0, 8;
    %assign/vec4 v0x564ce957f880_0, 0;
    %jmp T_3.17;
T_3.2 ;
    %pushi/vec4 164, 0, 8;
    %assign/vec4 v0x564ce957f880_0, 0;
    %jmp T_3.17;
T_3.3 ;
    %pushi/vec4 176, 0, 8;
    %assign/vec4 v0x564ce957f880_0, 0;
    %jmp T_3.17;
T_3.4 ;
    %pushi/vec4 153, 0, 8;
    %assign/vec4 v0x564ce957f880_0, 0;
    %jmp T_3.17;
T_3.5 ;
    %pushi/vec4 146, 0, 8;
    %assign/vec4 v0x564ce957f880_0, 0;
    %jmp T_3.17;
T_3.6 ;
    %pushi/vec4 130, 0, 8;
    %assign/vec4 v0x564ce957f880_0, 0;
    %jmp T_3.17;
T_3.7 ;
    %pushi/vec4 248, 0, 8;
    %assign/vec4 v0x564ce957f880_0, 0;
    %jmp T_3.17;
T_3.8 ;
    %pushi/vec4 128, 0, 8;
    %assign/vec4 v0x564ce957f880_0, 0;
    %jmp T_3.17;
T_3.9 ;
    %pushi/vec4 144, 0, 8;
    %assign/vec4 v0x564ce957f880_0, 0;
    %jmp T_3.17;
T_3.10 ;
    %pushi/vec4 136, 0, 8;
    %assign/vec4 v0x564ce957f880_0, 0;
    %jmp T_3.17;
T_3.11 ;
    %pushi/vec4 131, 0, 8;
    %assign/vec4 v0x564ce957f880_0, 0;
    %jmp T_3.17;
T_3.12 ;
    %pushi/vec4 198, 0, 8;
    %assign/vec4 v0x564ce957f880_0, 0;
    %jmp T_3.17;
T_3.13 ;
    %pushi/vec4 161, 0, 8;
    %assign/vec4 v0x564ce957f880_0, 0;
    %jmp T_3.17;
T_3.14 ;
    %pushi/vec4 134, 0, 8;
    %assign/vec4 v0x564ce957f880_0, 0;
    %jmp T_3.17;
T_3.15 ;
    %pushi/vec4 142, 0, 8;
    %assign/vec4 v0x564ce957f880_0, 0;
    %jmp T_3.17;
T_3.17 ;
    %pop/vec4 1;
    %jmp T_3;
    .thread T_3, $push;
    .scope S_0x564ce957f9a0;
T_4 ;
    %wait E_0x564ce957fbb0;
    %load/vec4 v0x564ce957fd30_0;
    %dup/vec4;
    %pushi/vec4 0, 0, 4;
    %cmp/u;
    %jmp/1 T_4.0, 6;
    %dup/vec4;
    %pushi/vec4 1, 0, 4;
    %cmp/u;
    %jmp/1 T_4.1, 6;
    %dup/vec4;
    %pushi/vec4 2, 0, 4;
    %cmp/u;
    %jmp/1 T_4.2, 6;
    %dup/vec4;
    %pushi/vec4 3, 0, 4;
    %cmp/u;
    %jmp/1 T_4.3, 6;
    %dup/vec4;
    %pushi/vec4 4, 0, 4;
    %cmp/u;
    %jmp/1 T_4.4, 6;
    %dup/vec4;
    %pushi/vec4 5, 0, 4;
    %cmp/u;
    %jmp/1 T_4.5, 6;
    %dup/vec4;
    %pushi/vec4 6, 0, 4;
    %cmp/u;
    %jmp/1 T_4.6, 6;
    %dup/vec4;
    %pushi/vec4 7, 0, 4;
    %cmp/u;
    %jmp/1 T_4.7, 6;
    %dup/vec4;
    %pushi/vec4 8, 0, 4;
    %cmp/u;
    %jmp/1 T_4.8, 6;
    %dup/vec4;
    %pushi/vec4 9, 0, 4;
    %cmp/u;
    %jmp/1 T_4.9, 6;
    %dup/vec4;
    %pushi/vec4 10, 0, 4;
    %cmp/u;
    %jmp/1 T_4.10, 6;
    %dup/vec4;
    %pushi/vec4 11, 0, 4;
    %cmp/u;
    %jmp/1 T_4.11, 6;
    %dup/vec4;
    %pushi/vec4 12, 0, 4;
    %cmp/u;
    %jmp/1 T_4.12, 6;
    %dup/vec4;
    %pushi/vec4 13, 0, 4;
    %cmp/u;
    %jmp/1 T_4.13, 6;
    %dup/vec4;
    %pushi/vec4 14, 0, 4;
    %cmp/u;
    %jmp/1 T_4.14, 6;
    %dup/vec4;
    %pushi/vec4 15, 0, 4;
    %cmp/u;
    %jmp/1 T_4.15, 6;
    %pushi/vec4 255, 0, 8;
    %assign/vec4 v0x564ce957fe10_0, 0;
    %jmp T_4.17;
T_4.0 ;
    %pushi/vec4 192, 0, 8;
    %assign/vec4 v0x564ce957fe10_0, 0;
    %jmp T_4.17;
T_4.1 ;
    %pushi/vec4 249, 0, 8;
    %assign/vec4 v0x564ce957fe10_0, 0;
    %jmp T_4.17;
T_4.2 ;
    %pushi/vec4 164, 0, 8;
    %assign/vec4 v0x564ce957fe10_0, 0;
    %jmp T_4.17;
T_4.3 ;
    %pushi/vec4 176, 0, 8;
    %assign/vec4 v0x564ce957fe10_0, 0;
    %jmp T_4.17;
T_4.4 ;
    %pushi/vec4 153, 0, 8;
    %assign/vec4 v0x564ce957fe10_0, 0;
    %jmp T_4.17;
T_4.5 ;
    %pushi/vec4 146, 0, 8;
    %assign/vec4 v0x564ce957fe10_0, 0;
    %jmp T_4.17;
T_4.6 ;
    %pushi/vec4 130, 0, 8;
    %assign/vec4 v0x564ce957fe10_0, 0;
    %jmp T_4.17;
T_4.7 ;
    %pushi/vec4 248, 0, 8;
    %assign/vec4 v0x564ce957fe10_0, 0;
    %jmp T_4.17;
T_4.8 ;
    %pushi/vec4 128, 0, 8;
    %assign/vec4 v0x564ce957fe10_0, 0;
    %jmp T_4.17;
T_4.9 ;
    %pushi/vec4 144, 0, 8;
    %assign/vec4 v0x564ce957fe10_0, 0;
    %jmp T_4.17;
T_4.10 ;
    %pushi/vec4 136, 0, 8;
    %assign/vec4 v0x564ce957fe10_0, 0;
    %jmp T_4.17;
T_4.11 ;
    %pushi/vec4 131, 0, 8;
    %assign/vec4 v0x564ce957fe10_0, 0;
    %jmp T_4.17;
T_4.12 ;
    %pushi/vec4 198, 0, 8;
    %assign/vec4 v0x564ce957fe10_0, 0;
    %jmp T_4.17;
T_4.13 ;
    %pushi/vec4 161, 0, 8;
    %assign/vec4 v0x564ce957fe10_0, 0;
    %jmp T_4.17;
T_4.14 ;
    %pushi/vec4 134, 0, 8;
    %assign/vec4 v0x564ce957fe10_0, 0;
    %jmp T_4.17;
T_4.15 ;
    %pushi/vec4 142, 0, 8;
    %assign/vec4 v0x564ce957fe10_0, 0;
    %jmp T_4.17;
T_4.17 ;
    %pop/vec4 1;
    %jmp T_4;
    .thread T_4, $push;
    .scope S_0x564ce9580510;
T_5 ;
    %wait E_0x564ce9580720;
    %load/vec4 v0x564ce95808a0_0;
    %dup/vec4;
    %pushi/vec4 0, 0, 4;
    %cmp/u;
    %jmp/1 T_5.0, 6;
    %dup/vec4;
    %pushi/vec4 1, 0, 4;
    %cmp/u;
    %jmp/1 T_5.1, 6;
    %dup/vec4;
    %pushi/vec4 2, 0, 4;
    %cmp/u;
    %jmp/1 T_5.2, 6;
    %dup/vec4;
    %pushi/vec4 3, 0, 4;
    %cmp/u;
    %jmp/1 T_5.3, 6;
    %dup/vec4;
    %pushi/vec4 4, 0, 4;
    %cmp/u;
    %jmp/1 T_5.4, 6;
    %dup/vec4;
    %pushi/vec4 5, 0, 4;
    %cmp/u;
    %jmp/1 T_5.5, 6;
    %dup/vec4;
    %pushi/vec4 6, 0, 4;
    %cmp/u;
    %jmp/1 T_5.6, 6;
    %dup/vec4;
    %pushi/vec4 7, 0, 4;
    %cmp/u;
    %jmp/1 T_5.7, 6;
    %dup/vec4;
    %pushi/vec4 8, 0, 4;
    %cmp/u;
    %jmp/1 T_5.8, 6;
    %dup/vec4;
    %pushi/vec4 9, 0, 4;
    %cmp/u;
    %jmp/1 T_5.9, 6;
    %dup/vec4;
    %pushi/vec4 10, 0, 4;
    %cmp/u;
    %jmp/1 T_5.10, 6;
    %dup/vec4;
    %pushi/vec4 11, 0, 4;
    %cmp/u;
    %jmp/1 T_5.11, 6;
    %dup/vec4;
    %pushi/vec4 12, 0, 4;
    %cmp/u;
    %jmp/1 T_5.12, 6;
    %dup/vec4;
    %pushi/vec4 13, 0, 4;
    %cmp/u;
    %jmp/1 T_5.13, 6;
    %dup/vec4;
    %pushi/vec4 14, 0, 4;
    %cmp/u;
    %jmp/1 T_5.14, 6;
    %dup/vec4;
    %pushi/vec4 15, 0, 4;
    %cmp/u;
    %jmp/1 T_5.15, 6;
    %pushi/vec4 255, 0, 8;
    %assign/vec4 v0x564ce9580980_0, 0;
    %jmp T_5.17;
T_5.0 ;
    %pushi/vec4 192, 0, 8;
    %assign/vec4 v0x564ce9580980_0, 0;
    %jmp T_5.17;
T_5.1 ;
    %pushi/vec4 249, 0, 8;
    %assign/vec4 v0x564ce9580980_0, 0;
    %jmp T_5.17;
T_5.2 ;
    %pushi/vec4 164, 0, 8;
    %assign/vec4 v0x564ce9580980_0, 0;
    %jmp T_5.17;
T_5.3 ;
    %pushi/vec4 176, 0, 8;
    %assign/vec4 v0x564ce9580980_0, 0;
    %jmp T_5.17;
T_5.4 ;
    %pushi/vec4 153, 0, 8;
    %assign/vec4 v0x564ce9580980_0, 0;
    %jmp T_5.17;
T_5.5 ;
    %pushi/vec4 146, 0, 8;
    %assign/vec4 v0x564ce9580980_0, 0;
    %jmp T_5.17;
T_5.6 ;
    %pushi/vec4 130, 0, 8;
    %assign/vec4 v0x564ce9580980_0, 0;
    %jmp T_5.17;
T_5.7 ;
    %pushi/vec4 248, 0, 8;
    %assign/vec4 v0x564ce9580980_0, 0;
    %jmp T_5.17;
T_5.8 ;
    %pushi/vec4 128, 0, 8;
    %assign/vec4 v0x564ce9580980_0, 0;
    %jmp T_5.17;
T_5.9 ;
    %pushi/vec4 144, 0, 8;
    %assign/vec4 v0x564ce9580980_0, 0;
    %jmp T_5.17;
T_5.10 ;
    %pushi/vec4 136, 0, 8;
    %assign/vec4 v0x564ce9580980_0, 0;
    %jmp T_5.17;
T_5.11 ;
    %pushi/vec4 131, 0, 8;
    %assign/vec4 v0x564ce9580980_0, 0;
    %jmp T_5.17;
T_5.12 ;
    %pushi/vec4 198, 0, 8;
    %assign/vec4 v0x564ce9580980_0, 0;
    %jmp T_5.17;
T_5.13 ;
    %pushi/vec4 161, 0, 8;
    %assign/vec4 v0x564ce9580980_0, 0;
    %jmp T_5.17;
T_5.14 ;
    %pushi/vec4 134, 0, 8;
    %assign/vec4 v0x564ce9580980_0, 0;
    %jmp T_5.17;
T_5.15 ;
    %pushi/vec4 142, 0, 8;
    %assign/vec4 v0x564ce9580980_0, 0;
    %jmp T_5.17;
T_5.17 ;
    %pop/vec4 1;
    %jmp T_5;
    .thread T_5, $push;
    .scope S_0x564ce955f540;
T_6 ;
    %wait E_0x564ce9537b40;
    %load/vec4 v0x564ce9581020_0;
    %cmpi/ne 0, 0, 2;
    %jmp/0xz  T_6.0, 4;
    %load/vec4 v0x564ce95816a0_0;
    %inv;
    %store/vec4 v0x564ce95816a0_0, 0, 1;
T_6.0 ;
    %load/vec4 v0x564ce95816a0_0;
    %flag_set/vec4 8;
    %jmp/0xz  T_6.2, 8;
    %pushi/vec4 0, 0, 4;
    %assign/vec4 v0x564ce9581290_0, 0;
    %pushi/vec4 9, 0, 4;
    %assign/vec4 v0x564ce9581430_0, 0;
    %pushi/vec4 1, 0, 4;
    %assign/vec4 v0x564ce95815d0_0, 0;
    %pushi/vec4 2, 0, 4;
    %assign/vec4 v0x564ce9581360_0, 0;
    %pushi/vec4 0, 0, 4;
    %assign/vec4 v0x564ce95811a0_0, 0;
    %pushi/vec4 0, 0, 4;
    %assign/vec4 v0x564ce9581500_0, 0;
T_6.2 ;
    %load/vec4 v0x564ce95816a0_0;
    %inv;
    %flag_set/vec4 8;
    %jmp/0xz  T_6.4, 8;
    %pushi/vec4 0, 0, 4;
    %assign/vec4 v0x564ce9581290_0, 0;
    %pushi/vec4 6, 0, 4;
    %assign/vec4 v0x564ce9581430_0, 0;
    %pushi/vec4 1, 0, 4;
    %assign/vec4 v0x564ce95815d0_0, 0;
    %pushi/vec4 1, 0, 4;
    %assign/vec4 v0x564ce9581360_0, 0;
    %pushi/vec4 0, 0, 4;
    %assign/vec4 v0x564ce95811a0_0, 0;
    %pushi/vec4 0, 0, 4;
    %assign/vec4 v0x564ce9581500_0, 0;
T_6.4 ;
    %jmp T_6;
    .thread T_6;
    .scope S_0x564ce955f160;
T_7 ;
    %vpi_call 2 28 "$dumpfile", "out.vcd" {0 0 0};
    %vpi_call 2 29 "$dumpvars" {0 0 0};
    %vpi_call 2 30 "$display", $time, "<< Starting Simulation >>" {0 0 0};
    %pushi/vec4 1, 0, 1;
    %ix/load 4, 0, 0;
    %flag_set/imm 4, 0;
    %store/vec4 v0x564ce95846a0_0, 4, 1;
    %pushi/vec4 1, 0, 1;
    %ix/load 4, 1, 0;
    %flag_set/imm 4, 0;
    %store/vec4 v0x564ce95846a0_0, 4, 1;
    %pushi/vec4 1, 0, 10;
    %store/vec4 v0x564ce9584870_0, 0, 10;
    %delay 10000, 0;
    %pushi/vec4 0, 0, 1;
    %ix/load 4, 0, 0;
    %flag_set/imm 4, 0;
    %store/vec4 v0x564ce95846a0_0, 4, 1;
    %delay 20000, 0;
    %pushi/vec4 0, 0, 1;
    %ix/load 4, 1, 0;
    %flag_set/imm 4, 0;
    %store/vec4 v0x564ce95846a0_0, 4, 1;
    %delay 30000, 0;
    %pushi/vec4 0, 0, 10;
    %store/vec4 v0x564ce9584870_0, 0, 10;
    %delay 10000, 0;
    %vpi_call 2 37 "$display", "<< Simulation ended >>" {0 0 0};
    %vpi_call 2 38 "$finish" {0 0 0};
    %end;
    .thread T_7;
    .scope S_0x564ce955f160;
T_8 ;
    %vpi_call 2 43 "$monitor", $time, "KEY[0] = %b, KEY[1] = %b, SW[9:0] = %b", &PV<v0x564ce95846a0_0, 0, 1>, &PV<v0x564ce95846a0_0, 1, 1>, v0x564ce9584870_0 {0 0 0};
    %end;
    .thread T_8;
# The file index is used to find the file name in the following table.
:file_names 7;
    "N/A";
    "<interactive>";
    "tb.v";
    "Complete.v";
    "Birthdays.v";
    "HexNumbers.v";
    "LedSwitches.v";
