#! /usr/bin/vvp
:ivl_version "10.1 (stable)";
:ivl_delay_selection "TYPICAL";
:vpi_time_precision - 10;
:vpi_module "system";
:vpi_module "vhdl_sys";
:vpi_module "v2005_math";
:vpi_module "va_math";
S_0x5597794a4c60 .scope module, "tb" "tb" 2 2;
 .timescale -9 -10;
v0x5597794d15f0_0 .net "HEX0", 7 0, L_0x5597794e7e80;  1 drivers
v0x5597794d16d0_0 .net "HEX1", 7 0, L_0x5597794e77c0;  1 drivers
v0x5597794d1790_0 .net "HEX2", 7 0, L_0x5597794e6960;  1 drivers
v0x5597794d1830_0 .net "HEX3", 7 0, L_0x5597794e66b0;  1 drivers
v0x5597794d18f0_0 .net "HEX4", 7 0, L_0x5597794e5a90;  1 drivers
v0x5597794d19b0_0 .net "HEX5", 7 0, L_0x5597794e57d0;  1 drivers
v0x5597794d1a70_0 .var "KEY", 1 0;
v0x5597794d1b80_0 .var "SW", 7 0;
S_0x55977949c0f0 .scope module, "DUT" "Complete" 2 13, 3 6 0, S_0x5597794a4c60;
 .timescale 0 0;
    .port_info 0 /OUTPUT 8 "HEX0"
    .port_info 1 /OUTPUT 8 "HEX1"
    .port_info 2 /OUTPUT 8 "HEX2"
    .port_info 3 /OUTPUT 8 "HEX3"
    .port_info 4 /OUTPUT 8 "HEX4"
    .port_info 5 /OUTPUT 8 "HEX5"
    .port_info 6 /INPUT 2 "KEY"
    .port_info 7 /INPUT 8 "SW"
v0x5597794d0d00_0 .net "HEX0", 7 0, L_0x5597794e7e80;  alias, 1 drivers
v0x5597794d0de0_0 .net "HEX1", 7 0, L_0x5597794e77c0;  alias, 1 drivers
v0x5597794d0ef0_0 .net "HEX2", 7 0, L_0x5597794e6960;  alias, 1 drivers
v0x5597794d0fe0_0 .net "HEX3", 7 0, L_0x5597794e66b0;  alias, 1 drivers
v0x5597794d10f0_0 .net "HEX4", 7 0, L_0x5597794e5a90;  alias, 1 drivers
v0x5597794d1250_0 .net "HEX5", 7 0, L_0x5597794e57d0;  alias, 1 drivers
v0x5597794d1360_0 .net "KEY", 1 0, v0x5597794d1a70_0;  1 drivers
v0x5597794d1420_0 .net "SW", 7 0, v0x5597794d1b80_0;  1 drivers
S_0x5597794945c0 .scope module, "plsWork" "AdderDisplay" 3 21, 4 1 0, S_0x55977949c0f0;
 .timescale -9 -10;
    .port_info 0 /INPUT 8 "SW"
    .port_info 1 /OUTPUT 8 "HEX0"
    .port_info 2 /OUTPUT 8 "HEX1"
    .port_info 3 /OUTPUT 8 "HEX2"
    .port_info 4 /OUTPUT 8 "HEX3"
    .port_info 5 /OUTPUT 8 "HEX4"
    .port_info 6 /OUTPUT 8 "HEX5"
    .port_info 7 /INPUT 2 "KEY"
L_0x5597794e56c0 .functor NOT 4, L_0x5597794d1c90, C4<0000>, C4<0000>, C4<0000>;
L_0x5597794e5930 .functor NOT 4, L_0x5597794d1da0, C4<0000>, C4<0000>, C4<0000>;
L_0x5597794e76b0 .functor NOT 4, L_0x5597794d4c40, C4<0000>, C4<0000>, C4<0000>;
v0x5597794ccf00_0 .net "HEX0", 7 0, L_0x5597794e7e80;  alias, 1 drivers
v0x5597794ccff0_0 .net "HEX1", 7 0, L_0x5597794e77c0;  alias, 1 drivers
v0x5597794cd0c0_0 .net "HEX2", 7 0, L_0x5597794e6960;  alias, 1 drivers
v0x5597794cd1c0_0 .net "HEX3", 7 0, L_0x5597794e66b0;  alias, 1 drivers
v0x5597794cd290_0 .net "HEX4", 7 0, L_0x5597794e5a90;  alias, 1 drivers
v0x5597794cd380_0 .net "HEX5", 7 0, L_0x5597794e57d0;  alias, 1 drivers
v0x5597794cd450_0 .net "KEY", 1 0, v0x5597794d1a70_0;  alias, 1 drivers
v0x5597794cd4f0_0 .net "SW", 7 0, v0x5597794d1b80_0;  alias, 1 drivers
L_0x7ff467aa65b8 .functor BUFT 1, C4<0000000000000000000000000000000>, C4<0>, C4<0>, C4<0>;
v0x5597794cd5d0_0 .net *"_s101", 30 0, L_0x7ff467aa65b8;  1 drivers
L_0x7ff467aa6600 .functor BUFT 1, C4<00000000000000000000000000000001>, C4<0>, C4<0>, C4<0>;
v0x5597794cd6b0_0 .net/2u *"_s102", 31 0, L_0x7ff467aa6600;  1 drivers
v0x5597794cd790_0 .net *"_s104", 0 0, L_0x5597794e7570;  1 drivers
v0x5597794cd850_0 .net *"_s106", 3 0, L_0x5597794e76b0;  1 drivers
L_0x7ff467aa6648 .functor BUFT 1, C4<0001>, C4<0>, C4<0>, C4<0>;
v0x5597794cd930_0 .net/2u *"_s108", 3 0, L_0x7ff467aa6648;  1 drivers
L_0x7ff467aa6018 .functor BUFT 1, C4<0000000000000000000000000000000>, C4<0>, C4<0>, C4<0>;
v0x5597794cda10_0 .net *"_s11", 30 0, L_0x7ff467aa6018;  1 drivers
v0x5597794cdaf0_0 .net *"_s110", 3 0, L_0x5597794e7720;  1 drivers
v0x5597794cdbd0_0 .net *"_s112", 3 0, L_0x5597794e79d0;  1 drivers
L_0x7ff467aa6060 .functor BUFT 1, C4<00000000000000000000000000000001>, C4<0>, C4<0>, C4<0>;
v0x5597794cdcb0_0 .net/2u *"_s12", 31 0, L_0x7ff467aa6060;  1 drivers
v0x5597794cdd90_0 .net *"_s14", 0 0, L_0x5597794e4f40;  1 drivers
L_0x7ff467aa60a8 .functor BUFT 1, C4<1010>, C4<0>, C4<0>, C4<0>;
v0x5597794cde50_0 .net/2u *"_s16", 3 0, L_0x7ff467aa60a8;  1 drivers
L_0x7ff467aa60f0 .functor BUFT 1, C4<1011>, C4<0>, C4<0>, C4<0>;
v0x5597794cdf30_0 .net/2u *"_s18", 3 0, L_0x7ff467aa60f0;  1 drivers
v0x5597794ce010_0 .net *"_s23", 0 0, L_0x5597794e52a0;  1 drivers
v0x5597794ce0f0_0 .net *"_s24", 31 0, L_0x5597794e5390;  1 drivers
L_0x7ff467aa6138 .functor BUFT 1, C4<0000000000000000000000000000000>, C4<0>, C4<0>, C4<0>;
v0x5597794ce1d0_0 .net *"_s27", 30 0, L_0x7ff467aa6138;  1 drivers
L_0x7ff467aa6180 .functor BUFT 1, C4<00000000000000000000000000000001>, C4<0>, C4<0>, C4<0>;
v0x5597794ce2b0_0 .net/2u *"_s28", 31 0, L_0x7ff467aa6180;  1 drivers
v0x5597794ce390_0 .net *"_s30", 0 0, L_0x5597794e5520;  1 drivers
v0x5597794ce450_0 .net *"_s32", 3 0, L_0x5597794e56c0;  1 drivers
L_0x7ff467aa61c8 .functor BUFT 1, C4<0001>, C4<0>, C4<0>, C4<0>;
v0x5597794ce530_0 .net/2s *"_s34", 3 0, L_0x7ff467aa61c8;  1 drivers
v0x5597794ce610_0 .net/s *"_s36", 3 0, L_0x5597794e5730;  1 drivers
v0x5597794ce6f0_0 .net *"_s41", 0 0, L_0x5597794e5b90;  1 drivers
v0x5597794ce7d0_0 .net *"_s42", 31 0, L_0x5597794e5c30;  1 drivers
L_0x7ff467aa6210 .functor BUFT 1, C4<0000000000000000000000000000000>, C4<0>, C4<0>, C4<0>;
v0x5597794ce8b0_0 .net *"_s45", 30 0, L_0x7ff467aa6210;  1 drivers
L_0x7ff467aa6258 .functor BUFT 1, C4<00000000000000000000000000000001>, C4<0>, C4<0>, C4<0>;
v0x5597794ce990_0 .net/2u *"_s46", 31 0, L_0x7ff467aa6258;  1 drivers
v0x5597794cea70_0 .net *"_s48", 0 0, L_0x5597794e5de0;  1 drivers
L_0x7ff467aa62a0 .functor BUFT 1, C4<1010>, C4<0>, C4<0>, C4<0>;
v0x5597794ceb30_0 .net/2u *"_s50", 3 0, L_0x7ff467aa62a0;  1 drivers
L_0x7ff467aa62e8 .functor BUFT 1, C4<1011>, C4<0>, C4<0>, C4<0>;
v0x5597794cec10_0 .net/2u *"_s52", 3 0, L_0x7ff467aa62e8;  1 drivers
v0x5597794cecf0_0 .net *"_s57", 0 0, L_0x5597794e6140;  1 drivers
v0x5597794cedd0_0 .net *"_s58", 31 0, L_0x5597794e62f0;  1 drivers
L_0x7ff467aa6330 .functor BUFT 1, C4<0000000000000000000000000000000>, C4<0>, C4<0>, C4<0>;
v0x5597794ceeb0_0 .net *"_s61", 30 0, L_0x7ff467aa6330;  1 drivers
L_0x7ff467aa6378 .functor BUFT 1, C4<00000000000000000000000000000001>, C4<0>, C4<0>, C4<0>;
v0x5597794cef90_0 .net/2u *"_s62", 31 0, L_0x7ff467aa6378;  1 drivers
v0x5597794cf070_0 .net *"_s64", 0 0, L_0x5597794e64d0;  1 drivers
v0x5597794cf130_0 .net *"_s66", 3 0, L_0x5597794e5930;  1 drivers
L_0x7ff467aa63c0 .functor BUFT 1, C4<0001>, C4<0>, C4<0>, C4<0>;
v0x5597794cf210_0 .net/2s *"_s68", 3 0, L_0x7ff467aa63c0;  1 drivers
v0x5597794cf2f0_0 .net *"_s7", 0 0, L_0x5597794d4da0;  1 drivers
v0x5597794cf3d0_0 .net/s *"_s70", 3 0, L_0x5597794e6610;  1 drivers
L_0x7ff467aa6408 .functor BUFT 1, C4<0000>, C4<0>, C4<0>, C4<0>;
v0x5597794cf4b0_0 .net/2u *"_s74", 3 0, L_0x7ff467aa6408;  1 drivers
v0x5597794cf590_0 .net *"_s77", 0 0, L_0x5597794e69d0;  1 drivers
v0x5597794cf670_0 .net *"_s78", 31 0, L_0x5597794e6b30;  1 drivers
v0x5597794cf750_0 .net *"_s8", 31 0, L_0x5597794d4e40;  1 drivers
L_0x7ff467aa6450 .functor BUFT 1, C4<0000000000000000000000000000000>, C4<0>, C4<0>, C4<0>;
v0x5597794cf830_0 .net *"_s81", 30 0, L_0x7ff467aa6450;  1 drivers
L_0x7ff467aa6498 .functor BUFT 1, C4<00000000000000000000000000000001>, C4<0>, C4<0>, C4<0>;
v0x5597794cf910_0 .net/2u *"_s82", 31 0, L_0x7ff467aa6498;  1 drivers
v0x5597794cf9f0_0 .net *"_s84", 0 0, L_0x5597794e6ce0;  1 drivers
L_0x7ff467aa64e0 .functor BUFT 1, C4<1010>, C4<0>, C4<0>, C4<0>;
v0x5597794cfab0_0 .net/2u *"_s86", 3 0, L_0x7ff467aa64e0;  1 drivers
L_0x7ff467aa6528 .functor BUFT 1, C4<1011>, C4<0>, C4<0>, C4<0>;
v0x5597794cfb90_0 .net/2u *"_s88", 3 0, L_0x7ff467aa6528;  1 drivers
v0x5597794cfc70_0 .net *"_s90", 3 0, L_0x5597794e6ef0;  1 drivers
L_0x7ff467aa6570 .functor BUFT 1, C4<1111>, C4<0>, C4<0>, C4<0>;
v0x5597794cfd50_0 .net/2u *"_s94", 3 0, L_0x7ff467aa6570;  1 drivers
v0x5597794cfe30_0 .net *"_s97", 0 0, L_0x5597794e72f0;  1 drivers
v0x5597794cff10_0 .net *"_s98", 31 0, L_0x5597794e7390;  1 drivers
v0x5597794cfff0_0 .net "input1", 3 0, L_0x5597794e5890;  1 drivers
v0x5597794d00e0_0 .net "input2", 3 0, L_0x5597794e63e0;  1 drivers
v0x5597794d01b0_0 .net/s "input_x", 3 0, L_0x5597794d1c90;  1 drivers
v0x5597794d0280_0 .net/s "input_y", 3 0, L_0x5597794d1da0;  1 drivers
v0x5597794d0350_0 .net "overflow", 0 0, L_0x5597794d46a0;  1 drivers
v0x5597794d0420_0 .net "sign1", 3 0, L_0x5597794e50c0;  1 drivers
v0x5597794d04f0_0 .net "sign2", 3 0, L_0x5597794e5ed0;  1 drivers
v0x5597794d05c0_0 .net "sign_out", 3 0, L_0x5597794e7080;  1 drivers
v0x5597794d0aa0_0 .net/s "sum", 3 0, L_0x5597794d4c40;  1 drivers
v0x5597794d0b70_0 .net "sum_out", 3 0, L_0x5597794e7b10;  1 drivers
L_0x5597794d1c90 .part v0x5597794d1b80_0, 4, 4;
L_0x5597794d1da0 .part v0x5597794d1b80_0, 0, 4;
L_0x5597794d4d00 .part v0x5597794d1a70_0, 0, 1;
L_0x5597794d4da0 .part L_0x5597794d1c90, 3, 1;
L_0x5597794d4e40 .concat [ 1 31 0 0], L_0x5597794d4da0, L_0x7ff467aa6018;
L_0x5597794e4f40 .cmp/eq 32, L_0x5597794d4e40, L_0x7ff467aa6060;
L_0x5597794e50c0 .functor MUXZ 4, L_0x7ff467aa60f0, L_0x7ff467aa60a8, L_0x5597794e4f40, C4<>;
L_0x5597794e52a0 .part L_0x5597794d1c90, 3, 1;
L_0x5597794e5390 .concat [ 1 31 0 0], L_0x5597794e52a0, L_0x7ff467aa6138;
L_0x5597794e5520 .cmp/eq 32, L_0x5597794e5390, L_0x7ff467aa6180;
L_0x5597794e5730 .arith/sum 4, L_0x5597794e56c0, L_0x7ff467aa61c8;
L_0x5597794e5890 .functor MUXZ 4, L_0x5597794d1c90, L_0x5597794e5730, L_0x5597794e5520, C4<>;
L_0x5597794e5b90 .part L_0x5597794d1da0, 3, 1;
L_0x5597794e5c30 .concat [ 1 31 0 0], L_0x5597794e5b90, L_0x7ff467aa6210;
L_0x5597794e5de0 .cmp/eq 32, L_0x5597794e5c30, L_0x7ff467aa6258;
L_0x5597794e5ed0 .functor MUXZ 4, L_0x7ff467aa62e8, L_0x7ff467aa62a0, L_0x5597794e5de0, C4<>;
L_0x5597794e6140 .part L_0x5597794d1da0, 3, 1;
L_0x5597794e62f0 .concat [ 1 31 0 0], L_0x5597794e6140, L_0x7ff467aa6330;
L_0x5597794e64d0 .cmp/eq 32, L_0x5597794e62f0, L_0x7ff467aa6378;
L_0x5597794e6610 .arith/sum 4, L_0x5597794e5930, L_0x7ff467aa63c0;
L_0x5597794e63e0 .functor MUXZ 4, L_0x5597794d1da0, L_0x5597794e6610, L_0x5597794e64d0, C4<>;
L_0x5597794e69d0 .part L_0x5597794d4c40, 3, 1;
L_0x5597794e6b30 .concat [ 1 31 0 0], L_0x5597794e69d0, L_0x7ff467aa6450;
L_0x5597794e6ce0 .cmp/eq 32, L_0x5597794e6b30, L_0x7ff467aa6498;
L_0x5597794e6ef0 .functor MUXZ 4, L_0x7ff467aa6528, L_0x7ff467aa64e0, L_0x5597794e6ce0, C4<>;
L_0x5597794e7080 .functor MUXZ 4, L_0x5597794e6ef0, L_0x7ff467aa6408, L_0x5597794d46a0, C4<>;
L_0x5597794e72f0 .part L_0x5597794d4c40, 3, 1;
L_0x5597794e7390 .concat [ 1 31 0 0], L_0x5597794e72f0, L_0x7ff467aa65b8;
L_0x5597794e7570 .cmp/eq 32, L_0x5597794e7390, L_0x7ff467aa6600;
L_0x5597794e7720 .arith/sum 4, L_0x5597794e76b0, L_0x7ff467aa6648;
L_0x5597794e79d0 .functor MUXZ 4, L_0x5597794d4c40, L_0x5597794e7720, L_0x5597794e7570, C4<>;
L_0x5597794e7b10 .functor MUXZ 4, L_0x5597794e79d0, L_0x7ff467aa6570, L_0x5597794d46a0, C4<>;
S_0x55977948faf0 .scope module, "adder" "FourBitAdder" 4 25, 5 1 0, S_0x5597794945c0;
 .timescale 0 0;
    .port_info 0 /INPUT 1 "carry_in"
    .port_info 1 /INPUT 4 "input_x"
    .port_info 2 /INPUT 4 "input_y"
    .port_info 3 /OUTPUT 1 "overflow"
    .port_info 4 /OUTPUT 4 "sum"
L_0x5597794d2460 .functor NOT 1, L_0x5597794d4d00, C4<0>, C4<0>, C4<0>;
L_0x5597794d24d0 .functor XOR 1, L_0x5597794d23c0, L_0x5597794d2460, C4<0>, C4<0>;
L_0x5597794d25d0 .functor NOT 1, L_0x5597794d4d00, C4<0>, C4<0>, C4<0>;
L_0x5597794d2ef0 .functor NOT 1, L_0x5597794d4d00, C4<0>, C4<0>, C4<0>;
L_0x5597794d2f90 .functor XOR 1, L_0x5597794d2d90, L_0x5597794d2ef0, C4<0>, C4<0>;
L_0x5597794d3810 .functor NOT 1, L_0x5597794d4d00, C4<0>, C4<0>, C4<0>;
L_0x5597794d3950 .functor XOR 1, L_0x5597794d3770, L_0x5597794d3810, C4<0>, C4<0>;
L_0x5597794d42b0 .functor NOT 1, L_0x5597794d4d00, C4<0>, C4<0>, C4<0>;
L_0x5597794d4370 .functor XOR 1, L_0x5597794d41b0, L_0x5597794d42b0, C4<0>, C4<0>;
L_0x5597794d46a0 .functor XOR 1, L_0x5597794d4930, L_0x5597794d4a50, C4<0>, C4<0>;
L_0x5597794d4c40 .functor BUFZ 4, L_0x5597794d4510, C4<0000>, C4<0000>, C4<0000>;
v0x5597794c9e60_0 .net *"_s17", 0 0, L_0x5597794d2d90;  1 drivers
v0x5597794c9f60_0 .net *"_s18", 0 0, L_0x5597794d2ef0;  1 drivers
v0x5597794ca040_0 .net *"_s3", 0 0, L_0x5597794d23c0;  1 drivers
v0x5597794ca100_0 .net *"_s31", 0 0, L_0x5597794d3770;  1 drivers
v0x5597794ca1e0_0 .net *"_s32", 0 0, L_0x5597794d3810;  1 drivers
v0x5597794ca2c0_0 .net *"_s4", 0 0, L_0x5597794d2460;  1 drivers
v0x5597794ca3a0_0 .net *"_s45", 0 0, L_0x5597794d41b0;  1 drivers
v0x5597794ca480_0 .net *"_s46", 0 0, L_0x5597794d42b0;  1 drivers
v0x5597794ca560_0 .net *"_s59", 0 0, L_0x5597794d4930;  1 drivers
v0x5597794ca6d0_0 .net *"_s61", 0 0, L_0x5597794d4a50;  1 drivers
v0x5597794ca7b0_0 .net "carry_in", 0 0, L_0x5597794d4d00;  1 drivers
v0x5597794ca870_0 .net "carry_out", 3 0, L_0x5597794d4710;  1 drivers
v0x5597794ca950_0 .net "input_x", 3 0, L_0x5597794d1c90;  alias, 1 drivers
v0x5597794caa30_0 .net "input_y", 3 0, L_0x5597794d1da0;  alias, 1 drivers
v0x5597794cab10_0 .net "overflow", 0 0, L_0x5597794d46a0;  alias, 1 drivers
v0x5597794cabd0_0 .net "sum", 3 0, L_0x5597794d4c40;  alias, 1 drivers
v0x5597794cacb0_0 .net "sum_out", 3 0, L_0x5597794d4510;  1 drivers
L_0x5597794d2290 .part L_0x5597794d1c90, 0, 1;
L_0x5597794d23c0 .part L_0x5597794d1da0, 0, 1;
L_0x5597794d2bd0 .part L_0x5597794d1c90, 1, 1;
L_0x5597794d2d90 .part L_0x5597794d1da0, 1, 1;
L_0x5597794d3090 .part L_0x5597794d4710, 0, 1;
L_0x5597794d3600 .part L_0x5597794d1c90, 2, 1;
L_0x5597794d3770 .part L_0x5597794d1da0, 2, 1;
L_0x5597794d3a50 .part L_0x5597794d4710, 1, 1;
L_0x5597794d4080 .part L_0x5597794d1c90, 3, 1;
L_0x5597794d41b0 .part L_0x5597794d1da0, 3, 1;
L_0x5597794d4470 .part L_0x5597794d4710, 2, 1;
L_0x5597794d4510 .concat8 [ 1 1 1 1], L_0x5597794aaa30, L_0x5597794d2700, L_0x5597794d31a0, L_0x5597794d3bb0;
L_0x5597794d4710 .concat8 [ 1 1 1 1], L_0x5597794d2140, L_0x5597794d2a80, L_0x5597794d34b0, L_0x5597794d3f30;
L_0x5597794d4930 .part L_0x5597794d4710, 2, 1;
L_0x5597794d4a50 .part L_0x5597794d4710, 3, 1;
S_0x5597794a19b0 .scope module, "adder1" "FullAdder" 5 14, 6 1 0, S_0x55977948faf0;
 .timescale 0 0;
    .port_info 0 /INPUT 1 "input1"
    .port_info 1 /INPUT 1 "input2"
    .port_info 2 /INPUT 1 "carry_in"
    .port_info 3 /OUTPUT 1 "sum_out"
    .port_info 4 /OUTPUT 1 "carry_out"
L_0x5597794a41b0 .functor XOR 1, L_0x5597794d2290, L_0x5597794d24d0, C4<0>, C4<0>;
L_0x5597794aaa30 .functor XOR 1, L_0x5597794a41b0, L_0x5597794d25d0, C4<0>, C4<0>;
L_0x5597794d1eb0 .functor XOR 1, L_0x5597794d2290, L_0x5597794d24d0, C4<0>, C4<0>;
L_0x5597794d1fc0 .functor AND 1, L_0x5597794d1eb0, L_0x5597794d25d0, C4<1>, C4<1>;
L_0x5597794d20d0 .functor AND 1, L_0x5597794d2290, L_0x5597794d24d0, C4<1>, C4<1>;
L_0x5597794d2140 .functor OR 1, L_0x5597794d1fc0, L_0x5597794d20d0, C4<0>, C4<0>;
v0x5597794aaba0_0 .net *"_s0", 0 0, L_0x5597794a41b0;  1 drivers
v0x5597794aac40_0 .net *"_s4", 0 0, L_0x5597794d1eb0;  1 drivers
v0x5597794c7920_0 .net *"_s6", 0 0, L_0x5597794d1fc0;  1 drivers
v0x5597794c79c0_0 .net *"_s8", 0 0, L_0x5597794d20d0;  1 drivers
v0x5597794c7a80_0 .net "carry_in", 0 0, L_0x5597794d25d0;  1 drivers
v0x5597794c7b90_0 .net "carry_out", 0 0, L_0x5597794d2140;  1 drivers
v0x5597794c7c50_0 .net "input1", 0 0, L_0x5597794d2290;  1 drivers
v0x5597794c7d10_0 .net "input2", 0 0, L_0x5597794d24d0;  1 drivers
v0x5597794c7dd0_0 .net "sum_out", 0 0, L_0x5597794aaa30;  1 drivers
S_0x5597794c7f30 .scope module, "adder2" "FullAdder" 5 15, 6 1 0, S_0x55977948faf0;
 .timescale 0 0;
    .port_info 0 /INPUT 1 "input1"
    .port_info 1 /INPUT 1 "input2"
    .port_info 2 /INPUT 1 "carry_in"
    .port_info 3 /OUTPUT 1 "sum_out"
    .port_info 4 /OUTPUT 1 "carry_out"
L_0x5597794d2690 .functor XOR 1, L_0x5597794d2bd0, L_0x5597794d2f90, C4<0>, C4<0>;
L_0x5597794d2700 .functor XOR 1, L_0x5597794d2690, L_0x5597794d3090, C4<0>, C4<0>;
L_0x5597794d27c0 .functor XOR 1, L_0x5597794d2bd0, L_0x5597794d2f90, C4<0>, C4<0>;
L_0x5597794d28d0 .functor AND 1, L_0x5597794d27c0, L_0x5597794d3090, C4<1>, C4<1>;
L_0x5597794d2a10 .functor AND 1, L_0x5597794d2bd0, L_0x5597794d2f90, C4<1>, C4<1>;
L_0x5597794d2a80 .functor OR 1, L_0x5597794d28d0, L_0x5597794d2a10, C4<0>, C4<0>;
v0x5597794c8150_0 .net *"_s0", 0 0, L_0x5597794d2690;  1 drivers
v0x5597794c8230_0 .net *"_s4", 0 0, L_0x5597794d27c0;  1 drivers
v0x5597794c8310_0 .net *"_s6", 0 0, L_0x5597794d28d0;  1 drivers
v0x5597794c83b0_0 .net *"_s8", 0 0, L_0x5597794d2a10;  1 drivers
v0x5597794c8470_0 .net "carry_in", 0 0, L_0x5597794d3090;  1 drivers
v0x5597794c8580_0 .net "carry_out", 0 0, L_0x5597794d2a80;  1 drivers
v0x5597794c8640_0 .net "input1", 0 0, L_0x5597794d2bd0;  1 drivers
v0x5597794c8700_0 .net "input2", 0 0, L_0x5597794d2f90;  1 drivers
v0x5597794c87c0_0 .net "sum_out", 0 0, L_0x5597794d2700;  1 drivers
S_0x5597794c8920 .scope module, "adder3" "FullAdder" 5 16, 6 1 0, S_0x55977948faf0;
 .timescale 0 0;
    .port_info 0 /INPUT 1 "input1"
    .port_info 1 /INPUT 1 "input2"
    .port_info 2 /INPUT 1 "carry_in"
    .port_info 3 /OUTPUT 1 "sum_out"
    .port_info 4 /OUTPUT 1 "carry_out"
L_0x5597794d3130 .functor XOR 1, L_0x5597794d3600, L_0x5597794d3950, C4<0>, C4<0>;
L_0x5597794d31a0 .functor XOR 1, L_0x5597794d3130, L_0x5597794d3a50, C4<0>, C4<0>;
L_0x5597794d3210 .functor XOR 1, L_0x5597794d3600, L_0x5597794d3950, C4<0>, C4<0>;
L_0x5597794d3300 .functor AND 1, L_0x5597794d3210, L_0x5597794d3a50, C4<1>, C4<1>;
L_0x5597794d3440 .functor AND 1, L_0x5597794d3600, L_0x5597794d3950, C4<1>, C4<1>;
L_0x5597794d34b0 .functor OR 1, L_0x5597794d3300, L_0x5597794d3440, C4<0>, C4<0>;
v0x5597794c8b20_0 .net *"_s0", 0 0, L_0x5597794d3130;  1 drivers
v0x5597794c8c00_0 .net *"_s4", 0 0, L_0x5597794d3210;  1 drivers
v0x5597794c8ce0_0 .net *"_s6", 0 0, L_0x5597794d3300;  1 drivers
v0x5597794c8db0_0 .net *"_s8", 0 0, L_0x5597794d3440;  1 drivers
v0x5597794c8e70_0 .net "carry_in", 0 0, L_0x5597794d3a50;  1 drivers
v0x5597794c8f80_0 .net "carry_out", 0 0, L_0x5597794d34b0;  1 drivers
v0x5597794c9040_0 .net "input1", 0 0, L_0x5597794d3600;  1 drivers
v0x5597794c9100_0 .net "input2", 0 0, L_0x5597794d3950;  1 drivers
v0x5597794c91c0_0 .net "sum_out", 0 0, L_0x5597794d31a0;  1 drivers
S_0x5597794c93b0 .scope module, "adder4" "FullAdder" 5 17, 6 1 0, S_0x55977948faf0;
 .timescale 0 0;
    .port_info 0 /INPUT 1 "input1"
    .port_info 1 /INPUT 1 "input2"
    .port_info 2 /INPUT 1 "carry_in"
    .port_info 3 /OUTPUT 1 "sum_out"
    .port_info 4 /OUTPUT 1 "carry_out"
L_0x5597794d3b40 .functor XOR 1, L_0x5597794d4080, L_0x5597794d4370, C4<0>, C4<0>;
L_0x5597794d3bb0 .functor XOR 1, L_0x5597794d3b40, L_0x5597794d4470, C4<0>, C4<0>;
L_0x5597794d3c70 .functor XOR 1, L_0x5597794d4080, L_0x5597794d4370, C4<0>, C4<0>;
L_0x5597794d3d80 .functor AND 1, L_0x5597794d3c70, L_0x5597794d4470, C4<1>, C4<1>;
L_0x5597794d3ec0 .functor AND 1, L_0x5597794d4080, L_0x5597794d4370, C4<1>, C4<1>;
L_0x5597794d3f30 .functor OR 1, L_0x5597794d3d80, L_0x5597794d3ec0, C4<0>, C4<0>;
v0x5597794c95b0_0 .net *"_s0", 0 0, L_0x5597794d3b40;  1 drivers
v0x5597794c96b0_0 .net *"_s4", 0 0, L_0x5597794d3c70;  1 drivers
v0x5597794c9790_0 .net *"_s6", 0 0, L_0x5597794d3d80;  1 drivers
v0x5597794c9860_0 .net *"_s8", 0 0, L_0x5597794d3ec0;  1 drivers
v0x5597794c9920_0 .net "carry_in", 0 0, L_0x5597794d4470;  1 drivers
v0x5597794c9a30_0 .net "carry_out", 0 0, L_0x5597794d3f30;  1 drivers
v0x5597794c9af0_0 .net "input1", 0 0, L_0x5597794d4080;  1 drivers
v0x5597794c9bb0_0 .net "input2", 0 0, L_0x5597794d4370;  1 drivers
v0x5597794c9c70_0 .net "sum_out", 0 0, L_0x5597794d3bb0;  1 drivers
S_0x5597794cae30 .scope module, "sig" "HexNumbers" 4 32, 7 5 0, S_0x5597794945c0;
 .timescale 0 0;
    .port_info 0 /INPUT 4 "NUM"
    .port_info 1 /OUTPUT 8 "HEX"
L_0x5597794e57d0 .functor BUFZ 8, v0x5597794cb1f0_0, C4<00000000>, C4<00000000>, C4<00000000>;
v0x5597794cb010_0 .net "HEX", 7 0, L_0x5597794e57d0;  alias, 1 drivers
v0x5597794cb110_0 .net "NUM", 3 0, L_0x5597794e50c0;  alias, 1 drivers
v0x5597794cb1f0_0 .var "out", 7 0;
E_0x5597794715c0 .event edge, v0x5597794cb110_0;
S_0x5597794cb310 .scope module, "sign" "HexNumbers" 4 40, 7 5 0, S_0x5597794945c0;
 .timescale 0 0;
    .port_info 0 /INPUT 4 "NUM"
    .port_info 1 /OUTPUT 8 "HEX"
L_0x5597794e66b0 .functor BUFZ 8, v0x5597794cb710_0, C4<00000000>, C4<00000000>, C4<00000000>;
v0x5597794cb530_0 .net "HEX", 7 0, L_0x5597794e66b0;  alias, 1 drivers
v0x5597794cb630_0 .net "NUM", 3 0, L_0x5597794e5ed0;  alias, 1 drivers
v0x5597794cb710_0 .var "out", 7 0;
E_0x559779471710 .event edge, v0x5597794cb630_0;
S_0x5597794cb860 .scope module, "signout" "HexNumbers" 4 48, 7 5 0, S_0x5597794945c0;
 .timescale 0 0;
    .port_info 0 /INPUT 4 "NUM"
    .port_info 1 /OUTPUT 8 "HEX"
L_0x5597794e77c0 .functor BUFZ 8, v0x5597794cbc50_0, C4<00000000>, C4<00000000>, C4<00000000>;
v0x5597794cba70_0 .net "HEX", 7 0, L_0x5597794e77c0;  alias, 1 drivers
v0x5597794cbb70_0 .net "NUM", 3 0, L_0x5597794e7080;  alias, 1 drivers
v0x5597794cbc50_0 .var "out", 7 0;
E_0x5597794aae40 .event edge, v0x5597794cbb70_0;
S_0x5597794cbda0 .scope module, "sumout" "HexNumbers" 4 49, 7 5 0, S_0x5597794945c0;
 .timescale 0 0;
    .port_info 0 /INPUT 4 "NUM"
    .port_info 1 /OUTPUT 8 "HEX"
L_0x5597794e7e80 .functor BUFZ 8, v0x5597794cc260_0, C4<00000000>, C4<00000000>, C4<00000000>;
v0x5597794cc080_0 .net "HEX", 7 0, L_0x5597794e7e80;  alias, 1 drivers
v0x5597794cc180_0 .net "NUM", 3 0, L_0x5597794e7b10;  alias, 1 drivers
v0x5597794cc260_0 .var "out", 7 0;
E_0x5597794cc000 .event edge, v0x5597794cc180_0;
S_0x5597794cc380 .scope module, "value1" "HexNumbers" 4 33, 7 5 0, S_0x5597794945c0;
 .timescale 0 0;
    .port_info 0 /INPUT 4 "NUM"
    .port_info 1 /OUTPUT 8 "HEX"
L_0x5597794e5a90 .functor BUFZ 8, v0x5597794cc7f0_0, C4<00000000>, C4<00000000>, C4<00000000>;
v0x5597794cc610_0 .net "HEX", 7 0, L_0x5597794e5a90;  alias, 1 drivers
v0x5597794cc710_0 .net "NUM", 3 0, L_0x5597794e5890;  alias, 1 drivers
v0x5597794cc7f0_0 .var "out", 7 0;
E_0x5597794cc590 .event edge, v0x5597794cc710_0;
S_0x5597794cc940 .scope module, "value2" "HexNumbers" 4 41, 7 5 0, S_0x5597794945c0;
 .timescale 0 0;
    .port_info 0 /INPUT 4 "NUM"
    .port_info 1 /OUTPUT 8 "HEX"
L_0x5597794e6960 .functor BUFZ 8, v0x5597794ccdb0_0, C4<00000000>, C4<00000000>, C4<00000000>;
v0x5597794ccbd0_0 .net "HEX", 7 0, L_0x5597794e6960;  alias, 1 drivers
v0x5597794cccd0_0 .net "NUM", 3 0, L_0x5597794e63e0;  alias, 1 drivers
v0x5597794ccdb0_0 .var "out", 7 0;
E_0x5597794ccb50 .event edge, v0x5597794cccd0_0;
    .scope S_0x5597794cae30;
T_0 ;
    %wait E_0x5597794715c0;
    %load/vec4 v0x5597794cb110_0;
    %dup/vec4;
    %pushi/vec4 0, 0, 4;
    %cmp/u;
    %jmp/1 T_0.0, 6;
    %dup/vec4;
    %pushi/vec4 1, 0, 4;
    %cmp/u;
    %jmp/1 T_0.1, 6;
    %dup/vec4;
    %pushi/vec4 2, 0, 4;
    %cmp/u;
    %jmp/1 T_0.2, 6;
    %dup/vec4;
    %pushi/vec4 3, 0, 4;
    %cmp/u;
    %jmp/1 T_0.3, 6;
    %dup/vec4;
    %pushi/vec4 4, 0, 4;
    %cmp/u;
    %jmp/1 T_0.4, 6;
    %dup/vec4;
    %pushi/vec4 5, 0, 4;
    %cmp/u;
    %jmp/1 T_0.5, 6;
    %dup/vec4;
    %pushi/vec4 6, 0, 4;
    %cmp/u;
    %jmp/1 T_0.6, 6;
    %dup/vec4;
    %pushi/vec4 7, 0, 4;
    %cmp/u;
    %jmp/1 T_0.7, 6;
    %dup/vec4;
    %pushi/vec4 8, 0, 4;
    %cmp/u;
    %jmp/1 T_0.8, 6;
    %dup/vec4;
    %pushi/vec4 10, 0, 4;
    %cmp/u;
    %jmp/1 T_0.9, 6;
    %dup/vec4;
    %pushi/vec4 11, 0, 4;
    %cmp/u;
    %jmp/1 T_0.10, 6;
    %dup/vec4;
    %pushi/vec4 15, 0, 4;
    %cmp/u;
    %jmp/1 T_0.11, 6;
    %pushi/vec4 255, 0, 8;
    %assign/vec4 v0x5597794cb1f0_0, 0;
    %jmp T_0.13;
T_0.0 ;
    %pushi/vec4 192, 0, 8;
    %assign/vec4 v0x5597794cb1f0_0, 0;
    %jmp T_0.13;
T_0.1 ;
    %pushi/vec4 249, 0, 8;
    %assign/vec4 v0x5597794cb1f0_0, 0;
    %jmp T_0.13;
T_0.2 ;
    %pushi/vec4 164, 0, 8;
    %assign/vec4 v0x5597794cb1f0_0, 0;
    %jmp T_0.13;
T_0.3 ;
    %pushi/vec4 176, 0, 8;
    %assign/vec4 v0x5597794cb1f0_0, 0;
    %jmp T_0.13;
T_0.4 ;
    %pushi/vec4 153, 0, 8;
    %assign/vec4 v0x5597794cb1f0_0, 0;
    %jmp T_0.13;
T_0.5 ;
    %pushi/vec4 146, 0, 8;
    %assign/vec4 v0x5597794cb1f0_0, 0;
    %jmp T_0.13;
T_0.6 ;
    %pushi/vec4 130, 0, 8;
    %assign/vec4 v0x5597794cb1f0_0, 0;
    %jmp T_0.13;
T_0.7 ;
    %pushi/vec4 248, 0, 8;
    %assign/vec4 v0x5597794cb1f0_0, 0;
    %jmp T_0.13;
T_0.8 ;
    %pushi/vec4 128, 0, 8;
    %assign/vec4 v0x5597794cb1f0_0, 0;
    %jmp T_0.13;
T_0.9 ;
    %pushi/vec4 136, 0, 8;
    %assign/vec4 v0x5597794cb1f0_0, 0;
    %jmp T_0.13;
T_0.10 ;
    %pushi/vec4 131, 0, 8;
    %assign/vec4 v0x5597794cb1f0_0, 0;
    %jmp T_0.13;
T_0.11 ;
    %pushi/vec4 142, 0, 8;
    %assign/vec4 v0x5597794cb1f0_0, 0;
    %jmp T_0.13;
T_0.13 ;
    %pop/vec4 1;
    %jmp T_0;
    .thread T_0, $push;
    .scope S_0x5597794cc380;
T_1 ;
    %wait E_0x5597794cc590;
    %load/vec4 v0x5597794cc710_0;
    %dup/vec4;
    %pushi/vec4 0, 0, 4;
    %cmp/u;
    %jmp/1 T_1.0, 6;
    %dup/vec4;
    %pushi/vec4 1, 0, 4;
    %cmp/u;
    %jmp/1 T_1.1, 6;
    %dup/vec4;
    %pushi/vec4 2, 0, 4;
    %cmp/u;
    %jmp/1 T_1.2, 6;
    %dup/vec4;
    %pushi/vec4 3, 0, 4;
    %cmp/u;
    %jmp/1 T_1.3, 6;
    %dup/vec4;
    %pushi/vec4 4, 0, 4;
    %cmp/u;
    %jmp/1 T_1.4, 6;
    %dup/vec4;
    %pushi/vec4 5, 0, 4;
    %cmp/u;
    %jmp/1 T_1.5, 6;
    %dup/vec4;
    %pushi/vec4 6, 0, 4;
    %cmp/u;
    %jmp/1 T_1.6, 6;
    %dup/vec4;
    %pushi/vec4 7, 0, 4;
    %cmp/u;
    %jmp/1 T_1.7, 6;
    %dup/vec4;
    %pushi/vec4 8, 0, 4;
    %cmp/u;
    %jmp/1 T_1.8, 6;
    %dup/vec4;
    %pushi/vec4 10, 0, 4;
    %cmp/u;
    %jmp/1 T_1.9, 6;
    %dup/vec4;
    %pushi/vec4 11, 0, 4;
    %cmp/u;
    %jmp/1 T_1.10, 6;
    %dup/vec4;
    %pushi/vec4 15, 0, 4;
    %cmp/u;
    %jmp/1 T_1.11, 6;
    %pushi/vec4 255, 0, 8;
    %assign/vec4 v0x5597794cc7f0_0, 0;
    %jmp T_1.13;
T_1.0 ;
    %pushi/vec4 192, 0, 8;
    %assign/vec4 v0x5597794cc7f0_0, 0;
    %jmp T_1.13;
T_1.1 ;
    %pushi/vec4 249, 0, 8;
    %assign/vec4 v0x5597794cc7f0_0, 0;
    %jmp T_1.13;
T_1.2 ;
    %pushi/vec4 164, 0, 8;
    %assign/vec4 v0x5597794cc7f0_0, 0;
    %jmp T_1.13;
T_1.3 ;
    %pushi/vec4 176, 0, 8;
    %assign/vec4 v0x5597794cc7f0_0, 0;
    %jmp T_1.13;
T_1.4 ;
    %pushi/vec4 153, 0, 8;
    %assign/vec4 v0x5597794cc7f0_0, 0;
    %jmp T_1.13;
T_1.5 ;
    %pushi/vec4 146, 0, 8;
    %assign/vec4 v0x5597794cc7f0_0, 0;
    %jmp T_1.13;
T_1.6 ;
    %pushi/vec4 130, 0, 8;
    %assign/vec4 v0x5597794cc7f0_0, 0;
    %jmp T_1.13;
T_1.7 ;
    %pushi/vec4 248, 0, 8;
    %assign/vec4 v0x5597794cc7f0_0, 0;
    %jmp T_1.13;
T_1.8 ;
    %pushi/vec4 128, 0, 8;
    %assign/vec4 v0x5597794cc7f0_0, 0;
    %jmp T_1.13;
T_1.9 ;
    %pushi/vec4 136, 0, 8;
    %assign/vec4 v0x5597794cc7f0_0, 0;
    %jmp T_1.13;
T_1.10 ;
    %pushi/vec4 131, 0, 8;
    %assign/vec4 v0x5597794cc7f0_0, 0;
    %jmp T_1.13;
T_1.11 ;
    %pushi/vec4 142, 0, 8;
    %assign/vec4 v0x5597794cc7f0_0, 0;
    %jmp T_1.13;
T_1.13 ;
    %pop/vec4 1;
    %jmp T_1;
    .thread T_1, $push;
    .scope S_0x5597794cb310;
T_2 ;
    %wait E_0x559779471710;
    %load/vec4 v0x5597794cb630_0;
    %dup/vec4;
    %pushi/vec4 0, 0, 4;
    %cmp/u;
    %jmp/1 T_2.0, 6;
    %dup/vec4;
    %pushi/vec4 1, 0, 4;
    %cmp/u;
    %jmp/1 T_2.1, 6;
    %dup/vec4;
    %pushi/vec4 2, 0, 4;
    %cmp/u;
    %jmp/1 T_2.2, 6;
    %dup/vec4;
    %pushi/vec4 3, 0, 4;
    %cmp/u;
    %jmp/1 T_2.3, 6;
    %dup/vec4;
    %pushi/vec4 4, 0, 4;
    %cmp/u;
    %jmp/1 T_2.4, 6;
    %dup/vec4;
    %pushi/vec4 5, 0, 4;
    %cmp/u;
    %jmp/1 T_2.5, 6;
    %dup/vec4;
    %pushi/vec4 6, 0, 4;
    %cmp/u;
    %jmp/1 T_2.6, 6;
    %dup/vec4;
    %pushi/vec4 7, 0, 4;
    %cmp/u;
    %jmp/1 T_2.7, 6;
    %dup/vec4;
    %pushi/vec4 8, 0, 4;
    %cmp/u;
    %jmp/1 T_2.8, 6;
    %dup/vec4;
    %pushi/vec4 10, 0, 4;
    %cmp/u;
    %jmp/1 T_2.9, 6;
    %dup/vec4;
    %pushi/vec4 11, 0, 4;
    %cmp/u;
    %jmp/1 T_2.10, 6;
    %dup/vec4;
    %pushi/vec4 15, 0, 4;
    %cmp/u;
    %jmp/1 T_2.11, 6;
    %pushi/vec4 255, 0, 8;
    %assign/vec4 v0x5597794cb710_0, 0;
    %jmp T_2.13;
T_2.0 ;
    %pushi/vec4 192, 0, 8;
    %assign/vec4 v0x5597794cb710_0, 0;
    %jmp T_2.13;
T_2.1 ;
    %pushi/vec4 249, 0, 8;
    %assign/vec4 v0x5597794cb710_0, 0;
    %jmp T_2.13;
T_2.2 ;
    %pushi/vec4 164, 0, 8;
    %assign/vec4 v0x5597794cb710_0, 0;
    %jmp T_2.13;
T_2.3 ;
    %pushi/vec4 176, 0, 8;
    %assign/vec4 v0x5597794cb710_0, 0;
    %jmp T_2.13;
T_2.4 ;
    %pushi/vec4 153, 0, 8;
    %assign/vec4 v0x5597794cb710_0, 0;
    %jmp T_2.13;
T_2.5 ;
    %pushi/vec4 146, 0, 8;
    %assign/vec4 v0x5597794cb710_0, 0;
    %jmp T_2.13;
T_2.6 ;
    %pushi/vec4 130, 0, 8;
    %assign/vec4 v0x5597794cb710_0, 0;
    %jmp T_2.13;
T_2.7 ;
    %pushi/vec4 248, 0, 8;
    %assign/vec4 v0x5597794cb710_0, 0;
    %jmp T_2.13;
T_2.8 ;
    %pushi/vec4 128, 0, 8;
    %assign/vec4 v0x5597794cb710_0, 0;
    %jmp T_2.13;
T_2.9 ;
    %pushi/vec4 136, 0, 8;
    %assign/vec4 v0x5597794cb710_0, 0;
    %jmp T_2.13;
T_2.10 ;
    %pushi/vec4 131, 0, 8;
    %assign/vec4 v0x5597794cb710_0, 0;
    %jmp T_2.13;
T_2.11 ;
    %pushi/vec4 142, 0, 8;
    %assign/vec4 v0x5597794cb710_0, 0;
    %jmp T_2.13;
T_2.13 ;
    %pop/vec4 1;
    %jmp T_2;
    .thread T_2, $push;
    .scope S_0x5597794cc940;
T_3 ;
    %wait E_0x5597794ccb50;
    %load/vec4 v0x5597794cccd0_0;
    %dup/vec4;
    %pushi/vec4 0, 0, 4;
    %cmp/u;
    %jmp/1 T_3.0, 6;
    %dup/vec4;
    %pushi/vec4 1, 0, 4;
    %cmp/u;
    %jmp/1 T_3.1, 6;
    %dup/vec4;
    %pushi/vec4 2, 0, 4;
    %cmp/u;
    %jmp/1 T_3.2, 6;
    %dup/vec4;
    %pushi/vec4 3, 0, 4;
    %cmp/u;
    %jmp/1 T_3.3, 6;
    %dup/vec4;
    %pushi/vec4 4, 0, 4;
    %cmp/u;
    %jmp/1 T_3.4, 6;
    %dup/vec4;
    %pushi/vec4 5, 0, 4;
    %cmp/u;
    %jmp/1 T_3.5, 6;
    %dup/vec4;
    %pushi/vec4 6, 0, 4;
    %cmp/u;
    %jmp/1 T_3.6, 6;
    %dup/vec4;
    %pushi/vec4 7, 0, 4;
    %cmp/u;
    %jmp/1 T_3.7, 6;
    %dup/vec4;
    %pushi/vec4 8, 0, 4;
    %cmp/u;
    %jmp/1 T_3.8, 6;
    %dup/vec4;
    %pushi/vec4 10, 0, 4;
    %cmp/u;
    %jmp/1 T_3.9, 6;
    %dup/vec4;
    %pushi/vec4 11, 0, 4;
    %cmp/u;
    %jmp/1 T_3.10, 6;
    %dup/vec4;
    %pushi/vec4 15, 0, 4;
    %cmp/u;
    %jmp/1 T_3.11, 6;
    %pushi/vec4 255, 0, 8;
    %assign/vec4 v0x5597794ccdb0_0, 0;
    %jmp T_3.13;
T_3.0 ;
    %pushi/vec4 192, 0, 8;
    %assign/vec4 v0x5597794ccdb0_0, 0;
    %jmp T_3.13;
T_3.1 ;
    %pushi/vec4 249, 0, 8;
    %assign/vec4 v0x5597794ccdb0_0, 0;
    %jmp T_3.13;
T_3.2 ;
    %pushi/vec4 164, 0, 8;
    %assign/vec4 v0x5597794ccdb0_0, 0;
    %jmp T_3.13;
T_3.3 ;
    %pushi/vec4 176, 0, 8;
    %assign/vec4 v0x5597794ccdb0_0, 0;
    %jmp T_3.13;
T_3.4 ;
    %pushi/vec4 153, 0, 8;
    %assign/vec4 v0x5597794ccdb0_0, 0;
    %jmp T_3.13;
T_3.5 ;
    %pushi/vec4 146, 0, 8;
    %assign/vec4 v0x5597794ccdb0_0, 0;
    %jmp T_3.13;
T_3.6 ;
    %pushi/vec4 130, 0, 8;
    %assign/vec4 v0x5597794ccdb0_0, 0;
    %jmp T_3.13;
T_3.7 ;
    %pushi/vec4 248, 0, 8;
    %assign/vec4 v0x5597794ccdb0_0, 0;
    %jmp T_3.13;
T_3.8 ;
    %pushi/vec4 128, 0, 8;
    %assign/vec4 v0x5597794ccdb0_0, 0;
    %jmp T_3.13;
T_3.9 ;
    %pushi/vec4 136, 0, 8;
    %assign/vec4 v0x5597794ccdb0_0, 0;
    %jmp T_3.13;
T_3.10 ;
    %pushi/vec4 131, 0, 8;
    %assign/vec4 v0x5597794ccdb0_0, 0;
    %jmp T_3.13;
T_3.11 ;
    %pushi/vec4 142, 0, 8;
    %assign/vec4 v0x5597794ccdb0_0, 0;
    %jmp T_3.13;
T_3.13 ;
    %pop/vec4 1;
    %jmp T_3;
    .thread T_3, $push;
    .scope S_0x5597794cb860;
T_4 ;
    %wait E_0x5597794aae40;
    %load/vec4 v0x5597794cbb70_0;
    %dup/vec4;
    %pushi/vec4 0, 0, 4;
    %cmp/u;
    %jmp/1 T_4.0, 6;
    %dup/vec4;
    %pushi/vec4 1, 0, 4;
    %cmp/u;
    %jmp/1 T_4.1, 6;
    %dup/vec4;
    %pushi/vec4 2, 0, 4;
    %cmp/u;
    %jmp/1 T_4.2, 6;
    %dup/vec4;
    %pushi/vec4 3, 0, 4;
    %cmp/u;
    %jmp/1 T_4.3, 6;
    %dup/vec4;
    %pushi/vec4 4, 0, 4;
    %cmp/u;
    %jmp/1 T_4.4, 6;
    %dup/vec4;
    %pushi/vec4 5, 0, 4;
    %cmp/u;
    %jmp/1 T_4.5, 6;
    %dup/vec4;
    %pushi/vec4 6, 0, 4;
    %cmp/u;
    %jmp/1 T_4.6, 6;
    %dup/vec4;
    %pushi/vec4 7, 0, 4;
    %cmp/u;
    %jmp/1 T_4.7, 6;
    %dup/vec4;
    %pushi/vec4 8, 0, 4;
    %cmp/u;
    %jmp/1 T_4.8, 6;
    %dup/vec4;
    %pushi/vec4 10, 0, 4;
    %cmp/u;
    %jmp/1 T_4.9, 6;
    %dup/vec4;
    %pushi/vec4 11, 0, 4;
    %cmp/u;
    %jmp/1 T_4.10, 6;
    %dup/vec4;
    %pushi/vec4 15, 0, 4;
    %cmp/u;
    %jmp/1 T_4.11, 6;
    %pushi/vec4 255, 0, 8;
    %assign/vec4 v0x5597794cbc50_0, 0;
    %jmp T_4.13;
T_4.0 ;
    %pushi/vec4 192, 0, 8;
    %assign/vec4 v0x5597794cbc50_0, 0;
    %jmp T_4.13;
T_4.1 ;
    %pushi/vec4 249, 0, 8;
    %assign/vec4 v0x5597794cbc50_0, 0;
    %jmp T_4.13;
T_4.2 ;
    %pushi/vec4 164, 0, 8;
    %assign/vec4 v0x5597794cbc50_0, 0;
    %jmp T_4.13;
T_4.3 ;
    %pushi/vec4 176, 0, 8;
    %assign/vec4 v0x5597794cbc50_0, 0;
    %jmp T_4.13;
T_4.4 ;
    %pushi/vec4 153, 0, 8;
    %assign/vec4 v0x5597794cbc50_0, 0;
    %jmp T_4.13;
T_4.5 ;
    %pushi/vec4 146, 0, 8;
    %assign/vec4 v0x5597794cbc50_0, 0;
    %jmp T_4.13;
T_4.6 ;
    %pushi/vec4 130, 0, 8;
    %assign/vec4 v0x5597794cbc50_0, 0;
    %jmp T_4.13;
T_4.7 ;
    %pushi/vec4 248, 0, 8;
    %assign/vec4 v0x5597794cbc50_0, 0;
    %jmp T_4.13;
T_4.8 ;
    %pushi/vec4 128, 0, 8;
    %assign/vec4 v0x5597794cbc50_0, 0;
    %jmp T_4.13;
T_4.9 ;
    %pushi/vec4 136, 0, 8;
    %assign/vec4 v0x5597794cbc50_0, 0;
    %jmp T_4.13;
T_4.10 ;
    %pushi/vec4 131, 0, 8;
    %assign/vec4 v0x5597794cbc50_0, 0;
    %jmp T_4.13;
T_4.11 ;
    %pushi/vec4 142, 0, 8;
    %assign/vec4 v0x5597794cbc50_0, 0;
    %jmp T_4.13;
T_4.13 ;
    %pop/vec4 1;
    %jmp T_4;
    .thread T_4, $push;
    .scope S_0x5597794cbda0;
T_5 ;
    %wait E_0x5597794cc000;
    %load/vec4 v0x5597794cc180_0;
    %dup/vec4;
    %pushi/vec4 0, 0, 4;
    %cmp/u;
    %jmp/1 T_5.0, 6;
    %dup/vec4;
    %pushi/vec4 1, 0, 4;
    %cmp/u;
    %jmp/1 T_5.1, 6;
    %dup/vec4;
    %pushi/vec4 2, 0, 4;
    %cmp/u;
    %jmp/1 T_5.2, 6;
    %dup/vec4;
    %pushi/vec4 3, 0, 4;
    %cmp/u;
    %jmp/1 T_5.3, 6;
    %dup/vec4;
    %pushi/vec4 4, 0, 4;
    %cmp/u;
    %jmp/1 T_5.4, 6;
    %dup/vec4;
    %pushi/vec4 5, 0, 4;
    %cmp/u;
    %jmp/1 T_5.5, 6;
    %dup/vec4;
    %pushi/vec4 6, 0, 4;
    %cmp/u;
    %jmp/1 T_5.6, 6;
    %dup/vec4;
    %pushi/vec4 7, 0, 4;
    %cmp/u;
    %jmp/1 T_5.7, 6;
    %dup/vec4;
    %pushi/vec4 8, 0, 4;
    %cmp/u;
    %jmp/1 T_5.8, 6;
    %dup/vec4;
    %pushi/vec4 10, 0, 4;
    %cmp/u;
    %jmp/1 T_5.9, 6;
    %dup/vec4;
    %pushi/vec4 11, 0, 4;
    %cmp/u;
    %jmp/1 T_5.10, 6;
    %dup/vec4;
    %pushi/vec4 15, 0, 4;
    %cmp/u;
    %jmp/1 T_5.11, 6;
    %pushi/vec4 255, 0, 8;
    %assign/vec4 v0x5597794cc260_0, 0;
    %jmp T_5.13;
T_5.0 ;
    %pushi/vec4 192, 0, 8;
    %assign/vec4 v0x5597794cc260_0, 0;
    %jmp T_5.13;
T_5.1 ;
    %pushi/vec4 249, 0, 8;
    %assign/vec4 v0x5597794cc260_0, 0;
    %jmp T_5.13;
T_5.2 ;
    %pushi/vec4 164, 0, 8;
    %assign/vec4 v0x5597794cc260_0, 0;
    %jmp T_5.13;
T_5.3 ;
    %pushi/vec4 176, 0, 8;
    %assign/vec4 v0x5597794cc260_0, 0;
    %jmp T_5.13;
T_5.4 ;
    %pushi/vec4 153, 0, 8;
    %assign/vec4 v0x5597794cc260_0, 0;
    %jmp T_5.13;
T_5.5 ;
    %pushi/vec4 146, 0, 8;
    %assign/vec4 v0x5597794cc260_0, 0;
    %jmp T_5.13;
T_5.6 ;
    %pushi/vec4 130, 0, 8;
    %assign/vec4 v0x5597794cc260_0, 0;
    %jmp T_5.13;
T_5.7 ;
    %pushi/vec4 248, 0, 8;
    %assign/vec4 v0x5597794cc260_0, 0;
    %jmp T_5.13;
T_5.8 ;
    %pushi/vec4 128, 0, 8;
    %assign/vec4 v0x5597794cc260_0, 0;
    %jmp T_5.13;
T_5.9 ;
    %pushi/vec4 136, 0, 8;
    %assign/vec4 v0x5597794cc260_0, 0;
    %jmp T_5.13;
T_5.10 ;
    %pushi/vec4 131, 0, 8;
    %assign/vec4 v0x5597794cc260_0, 0;
    %jmp T_5.13;
T_5.11 ;
    %pushi/vec4 142, 0, 8;
    %assign/vec4 v0x5597794cc260_0, 0;
    %jmp T_5.13;
T_5.13 ;
    %pop/vec4 1;
    %jmp T_5;
    .thread T_5, $push;
    .scope S_0x5597794a4c60;
T_6 ;
    %vpi_call 2 26 "$dumpfile", "out.vcd" {0 0 0};
    %vpi_call 2 27 "$dumpvars" {0 0 0};
    %vpi_call 2 28 "$display", $time, "<< Starting Simulation >>" {0 0 0};
    %pushi/vec4 1, 0, 1;
    %ix/load 4, 0, 0;
    %flag_set/imm 4, 0;
    %store/vec4 v0x5597794d1a70_0, 4, 1;
    %pushi/vec4 1, 0, 1;
    %ix/load 4, 1, 0;
    %flag_set/imm 4, 0;
    %store/vec4 v0x5597794d1a70_0, 4, 1;
    %pushi/vec4 53, 0, 8;
    %store/vec4 v0x5597794d1b80_0, 0, 8;
    %delay 100, 0;
    %vpi_call 2 32 "$display", "<< Simulation ended >>" {0 0 0};
    %vpi_call 2 33 "$finish" {0 0 0};
    %end;
    .thread T_6;
    .scope S_0x5597794a4c60;
T_7 ;
    %vpi_call 2 38 "$monitor", $time, "KEY = %b, SW = %b, HEX0 = %b, HEX1 = %b, HEX2 = %b, HEX3 = %b, HEX4 = %b, HEX5 = %b", v0x5597794d1a70_0, v0x5597794d1b80_0, v0x5597794d15f0_0, v0x5597794d16d0_0, v0x5597794d1790_0, v0x5597794d1830_0, v0x5597794d18f0_0, v0x5597794d19b0_0 {0 0 0};
    %end;
    .thread T_7;
# The file index is used to find the file name in the following table.
:file_names 8;
    "N/A";
    "<interactive>";
    "tb.v";
    "Complete.v";
    "AdderDisplay.v";
    "FourBitAdder.v";
    "FullAdder.v";
    "HexNumbers.v";
