#! /usr/bin/vvp
:ivl_version "10.1 (stable)";
:ivl_delay_selection "TYPICAL";
:vpi_time_precision - 12;
:vpi_module "system";
:vpi_module "vhdl_sys";
:vpi_module "v2005_math";
:vpi_module "va_math";
S_0x562d6b9065b0 .scope module, "Complete" "Complete" 2 7;
 .timescale 0 0;
    .port_info 0 /INPUT 1 "ADC_CLK_10"
    .port_info 1 /INPUT 1 "MAX10_CLK1_50"
    .port_info 2 /INPUT 1 "MAX10_CLK2_50"
    .port_info 3 /OUTPUT 8 "HEX0"
    .port_info 4 /OUTPUT 8 "HEX1"
    .port_info 5 /OUTPUT 8 "HEX2"
    .port_info 6 /OUTPUT 8 "HEX3"
    .port_info 7 /OUTPUT 8 "HEX4"
    .port_info 8 /OUTPUT 8 "HEX5"
    .port_info 9 /INPUT 2 "KEY"
    .port_info 10 /OUTPUT 10 "LEDR"
    .port_info 11 /INPUT 10 "SW"
o0x7f23592b4e28 .functor BUFZ 1, C4<z>; HiZ drive
v0x562d6b92ae00_0 .net "ADC_CLK_10", 0 0, o0x7f23592b4e28;  0 drivers
v0x562d6b92aec0_0 .net "HEX0", 7 0, L_0x562d6b92de40;  1 drivers
v0x562d6b92af80_0 .net "HEX1", 7 0, L_0x562d6b92dda0;  1 drivers
v0x562d6b92b070_0 .net "HEX2", 7 0, L_0x562d6b92dd00;  1 drivers
v0x562d6b92b180_0 .net "HEX3", 7 0, L_0x562d6b92dc60;  1 drivers
v0x562d6b92b2e0_0 .net "HEX4", 7 0, L_0x562d6b92dbc0;  1 drivers
v0x562d6b92b3f0_0 .net "HEX5", 7 0, L_0x562d6b92db20;  1 drivers
o0x7f23592b45b8 .functor BUFZ 2, C4<zz>; HiZ drive
v0x562d6b92b500_0 .net "KEY", 1 0, o0x7f23592b45b8;  0 drivers
v0x562d6b92b610_0 .net "LEDR", 9 0, L_0x562d6b92d450;  1 drivers
o0x7f23592b4e58 .functor BUFZ 1, C4<z>; HiZ drive
v0x562d6b92b6d0_0 .net "MAX10_CLK1_50", 0 0, o0x7f23592b4e58;  0 drivers
o0x7f23592b4e88 .functor BUFZ 1, C4<z>; HiZ drive
v0x562d6b92b770_0 .net "MAX10_CLK2_50", 0 0, o0x7f23592b4e88;  0 drivers
o0x7f23592b47c8 .functor BUFZ 10, C4<zzzzzzzzzz>; HiZ drive
v0x562d6b92b830_0 .net "SW", 9 0, o0x7f23592b47c8;  0 drivers
S_0x562d6b906860 .scope module, "birthyay" "Birthdays" 2 39, 3 6 0, S_0x562d6b9065b0;
 .timescale 0 0;
    .port_info 0 /INPUT 2 "KEY"
    .port_info 1 /OUTPUT 8 "HEX0"
    .port_info 2 /OUTPUT 8 "HEX1"
    .port_info 3 /OUTPUT 8 "HEX2"
    .port_info 4 /OUTPUT 8 "HEX3"
    .port_info 5 /OUTPUT 8 "HEX4"
    .port_info 6 /OUTPUT 8 "HEX5"
v0x562d6b927f10_0 .net "HEX0", 7 0, L_0x562d6b92de40;  alias, 1 drivers
v0x562d6b928000_0 .net "HEX1", 7 0, L_0x562d6b92dda0;  alias, 1 drivers
v0x562d6b9280d0_0 .net "HEX2", 7 0, L_0x562d6b92dd00;  alias, 1 drivers
v0x562d6b9281d0_0 .net "HEX3", 7 0, L_0x562d6b92dc60;  alias, 1 drivers
v0x562d6b9282a0_0 .net "HEX4", 7 0, L_0x562d6b92dbc0;  alias, 1 drivers
v0x562d6b928390_0 .net "HEX5", 7 0, L_0x562d6b92db20;  alias, 1 drivers
v0x562d6b928460_0 .net "KEY", 1 0, o0x7f23592b45b8;  alias, 0 drivers
v0x562d6b928500_0 .net *"_s2", 0 0, L_0x562d6b92dee0;  1 drivers
v0x562d6b9285e0_0 .var "fifth", 3 0;
v0x562d6b9286d0_0 .var "first", 3 0;
v0x562d6b9287a0_0 .var "fourth", 3 0;
v0x562d6b928870_0 .var "second", 3 0;
v0x562d6b928940_0 .var "sixth", 3 0;
v0x562d6b928a10_0 .var "third", 3 0;
v0x562d6b928ae0_0 .var "true", 0 0;
E_0x562d6b8da520 .event negedge, L_0x562d6b92dee0;
L_0x562d6b92dee0 .part o0x7f23592b45b8, 1, 1;
S_0x562d6b906a90 .scope module, "first_one" "HexNumbers" 3 54, 4 5 0, S_0x562d6b906860;
 .timescale -9 -12;
    .port_info 0 /INPUT 4 "NUM"
    .port_info 1 /OUTPUT 8 "HEX"
v0x562d6b906c10_0 .net "HEX", 7 0, L_0x562d6b92dc60;  alias, 1 drivers
v0x562d6b926130_0 .net "NUM", 3 0, v0x562d6b928a10_0;  1 drivers
v0x562d6b926210_0 .var "out", 8 0;
E_0x562d6b8ee5e0 .event edge, v0x562d6b926130_0;
L_0x562d6b92dc60 .part v0x562d6b926210_0, 0, 8;
S_0x562d6b926330 .scope module, "first_zero" "HexNumbers" 3 50, 4 5 0, S_0x562d6b906860;
 .timescale -9 -12;
    .port_info 0 /INPUT 4 "NUM"
    .port_info 1 /OUTPUT 8 "HEX"
v0x562d6b926540_0 .net "HEX", 7 0, L_0x562d6b92db20;  alias, 1 drivers
v0x562d6b926640_0 .net "NUM", 3 0, v0x562d6b9286d0_0;  1 drivers
v0x562d6b926720_0 .var "out", 8 0;
E_0x562d6b905dc0 .event edge, v0x562d6b926640_0;
L_0x562d6b92db20 .part v0x562d6b926720_0, 0, 8;
S_0x562d6b926840 .scope module, "second_one" "HexNumbers" 3 56, 4 5 0, S_0x562d6b906860;
 .timescale -9 -12;
    .port_info 0 /INPUT 4 "NUM"
    .port_info 1 /OUTPUT 8 "HEX"
v0x562d6b926ab0_0 .net "HEX", 7 0, L_0x562d6b92dd00;  alias, 1 drivers
v0x562d6b926bb0_0 .net "NUM", 3 0, v0x562d6b9287a0_0;  1 drivers
v0x562d6b926c90_0 .var "out", 8 0;
E_0x562d6b926a50 .event edge, v0x562d6b926bb0_0;
L_0x562d6b92dd00 .part v0x562d6b926c90_0, 0, 8;
S_0x562d6b926db0 .scope module, "second_zero" "HexNumbers" 3 58, 4 5 0, S_0x562d6b906860;
 .timescale -9 -12;
    .port_info 0 /INPUT 4 "NUM"
    .port_info 1 /OUTPUT 8 "HEX"
v0x562d6b927040_0 .net "HEX", 7 0, L_0x562d6b92dda0;  alias, 1 drivers
v0x562d6b927140_0 .net "NUM", 3 0, v0x562d6b9285e0_0;  1 drivers
v0x562d6b927220_0 .var "out", 8 0;
E_0x562d6b926fc0 .event edge, v0x562d6b927140_0;
L_0x562d6b92dda0 .part v0x562d6b927220_0, 0, 8;
S_0x562d6b927370 .scope module, "six" "HexNumbers" 3 52, 4 5 0, S_0x562d6b906860;
 .timescale -9 -12;
    .port_info 0 /INPUT 4 "NUM"
    .port_info 1 /OUTPUT 8 "HEX"
v0x562d6b927650_0 .net "HEX", 7 0, L_0x562d6b92dbc0;  alias, 1 drivers
v0x562d6b927750_0 .net "NUM", 3 0, v0x562d6b928870_0;  1 drivers
v0x562d6b927830_0 .var "out", 8 0;
E_0x562d6b9275d0 .event edge, v0x562d6b927750_0;
L_0x562d6b92dbc0 .part v0x562d6b927830_0, 0, 8;
S_0x562d6b927950 .scope module, "third_zero" "HexNumbers" 3 60, 4 5 0, S_0x562d6b906860;
 .timescale -9 -12;
    .port_info 0 /INPUT 4 "NUM"
    .port_info 1 /OUTPUT 8 "HEX"
v0x562d6b927be0_0 .net "HEX", 7 0, L_0x562d6b92de40;  alias, 1 drivers
v0x562d6b927ce0_0 .net "NUM", 3 0, v0x562d6b928940_0;  1 drivers
v0x562d6b927dc0_0 .var "out", 8 0;
E_0x562d6b927b60 .event edge, v0x562d6b927ce0_0;
L_0x562d6b92de40 .part v0x562d6b927dc0_0, 0, 8;
S_0x562d6b928ca0 .scope module, "yey" "LedSwitches" 2 33, 5 6 0, S_0x562d6b9065b0;
 .timescale -9 -12;
    .port_info 0 /INPUT 10 "SW"
    .port_info 1 /INPUT 2 "KEY"
    .port_info 2 /OUTPUT 10 "LEDR"
L_0x562d6b8d7880 .functor XOR 1, L_0x562d6b92bac0, L_0x562d6b92bb60, C4<0>, C4<0>;
L_0x562d6b92be70 .functor XOR 1, L_0x562d6b92bca0, L_0x562d6b92bd40, C4<0>, C4<0>;
L_0x562d6b92c140 .functor XOR 1, L_0x562d6b92bf30, L_0x562d6b92c060, C4<0>, C4<0>;
L_0x562d6b92c390 .functor XOR 1, L_0x562d6b92c200, L_0x562d6b92c2a0, C4<0>, C4<0>;
L_0x562d6b92c670 .functor XOR 1, L_0x562d6b92c4d0, L_0x562d6b92c570, C4<0>, C4<0>;
L_0x562d6b92c8e0 .functor XOR 1, L_0x562d6b92c730, L_0x562d6b92c7d0, C4<0>, C4<0>;
L_0x562d6b92c870 .functor XOR 1, L_0x562d6b92ca60, L_0x562d6b92cc10, C4<0>, C4<0>;
L_0x562d6b92cfa0 .functor XOR 1, L_0x562d6b92cdd0, L_0x562d6b92ce70, C4<0>, C4<0>;
L_0x562d6b92d310 .functor XOR 1, L_0x562d6b92d130, L_0x562d6b92d1d0, C4<0>, C4<0>;
L_0x562d6b92d960 .functor XOR 1, L_0x562d6b92d810, L_0x562d6b92d270, C4<0>, C4<0>;
v0x562d6b928e90_0 .net "KEY", 1 0, o0x7f23592b45b8;  alias, 0 drivers
v0x562d6b928fa0_0 .net "LEDR", 9 0, L_0x562d6b92d450;  alias, 1 drivers
v0x562d6b929060_0 .net "SW", 9 0, o0x7f23592b47c8;  alias, 0 drivers
v0x562d6b929150_0 .net *"_s11", 0 0, L_0x562d6b92bca0;  1 drivers
v0x562d6b929230_0 .net *"_s13", 0 0, L_0x562d6b92bd40;  1 drivers
v0x562d6b929360_0 .net *"_s14", 0 0, L_0x562d6b92be70;  1 drivers
v0x562d6b929440_0 .net *"_s19", 0 0, L_0x562d6b92bf30;  1 drivers
v0x562d6b929520_0 .net *"_s21", 0 0, L_0x562d6b92c060;  1 drivers
v0x562d6b929600_0 .net *"_s22", 0 0, L_0x562d6b92c140;  1 drivers
v0x562d6b929770_0 .net *"_s27", 0 0, L_0x562d6b92c200;  1 drivers
v0x562d6b929850_0 .net *"_s29", 0 0, L_0x562d6b92c2a0;  1 drivers
v0x562d6b929930_0 .net *"_s3", 0 0, L_0x562d6b92bac0;  1 drivers
v0x562d6b929a10_0 .net *"_s30", 0 0, L_0x562d6b92c390;  1 drivers
v0x562d6b929af0_0 .net *"_s35", 0 0, L_0x562d6b92c4d0;  1 drivers
v0x562d6b929bd0_0 .net *"_s37", 0 0, L_0x562d6b92c570;  1 drivers
v0x562d6b929cb0_0 .net *"_s38", 0 0, L_0x562d6b92c670;  1 drivers
v0x562d6b929d90_0 .net *"_s43", 0 0, L_0x562d6b92c730;  1 drivers
v0x562d6b929f80_0 .net *"_s45", 0 0, L_0x562d6b92c7d0;  1 drivers
v0x562d6b92a060_0 .net *"_s46", 0 0, L_0x562d6b92c8e0;  1 drivers
v0x562d6b92a140_0 .net *"_s5", 0 0, L_0x562d6b92bb60;  1 drivers
v0x562d6b92a220_0 .net *"_s51", 0 0, L_0x562d6b92ca60;  1 drivers
v0x562d6b92a300_0 .net *"_s53", 0 0, L_0x562d6b92cc10;  1 drivers
v0x562d6b92a3e0_0 .net *"_s54", 0 0, L_0x562d6b92c870;  1 drivers
v0x562d6b92a4c0_0 .net *"_s59", 0 0, L_0x562d6b92cdd0;  1 drivers
v0x562d6b92a5a0_0 .net *"_s6", 0 0, L_0x562d6b8d7880;  1 drivers
v0x562d6b92a680_0 .net *"_s61", 0 0, L_0x562d6b92ce70;  1 drivers
v0x562d6b92a760_0 .net *"_s62", 0 0, L_0x562d6b92cfa0;  1 drivers
v0x562d6b92a840_0 .net *"_s67", 0 0, L_0x562d6b92d130;  1 drivers
v0x562d6b92a920_0 .net *"_s69", 0 0, L_0x562d6b92d1d0;  1 drivers
v0x562d6b92aa00_0 .net *"_s70", 0 0, L_0x562d6b92d310;  1 drivers
v0x562d6b92aae0_0 .net *"_s76", 0 0, L_0x562d6b92d810;  1 drivers
v0x562d6b92abc0_0 .net *"_s78", 0 0, L_0x562d6b92d270;  1 drivers
v0x562d6b92aca0_0 .net *"_s79", 0 0, L_0x562d6b92d960;  1 drivers
L_0x562d6b92bac0 .part o0x7f23592b47c8, 0, 1;
L_0x562d6b92bb60 .part o0x7f23592b45b8, 0, 1;
L_0x562d6b92bca0 .part o0x7f23592b47c8, 1, 1;
L_0x562d6b92bd40 .part o0x7f23592b45b8, 0, 1;
L_0x562d6b92bf30 .part o0x7f23592b47c8, 2, 1;
L_0x562d6b92c060 .part o0x7f23592b45b8, 0, 1;
L_0x562d6b92c200 .part o0x7f23592b47c8, 3, 1;
L_0x562d6b92c2a0 .part o0x7f23592b45b8, 0, 1;
L_0x562d6b92c4d0 .part o0x7f23592b47c8, 4, 1;
L_0x562d6b92c570 .part o0x7f23592b45b8, 0, 1;
L_0x562d6b92c730 .part o0x7f23592b47c8, 5, 1;
L_0x562d6b92c7d0 .part o0x7f23592b45b8, 0, 1;
L_0x562d6b92ca60 .part o0x7f23592b47c8, 6, 1;
L_0x562d6b92cc10 .part o0x7f23592b45b8, 0, 1;
L_0x562d6b92cdd0 .part o0x7f23592b47c8, 7, 1;
L_0x562d6b92ce70 .part o0x7f23592b45b8, 0, 1;
L_0x562d6b92d130 .part o0x7f23592b47c8, 8, 1;
L_0x562d6b92d1d0 .part o0x7f23592b45b8, 0, 1;
LS_0x562d6b92d450_0_0 .concat8 [ 1 1 1 1], L_0x562d6b8d7880, L_0x562d6b92be70, L_0x562d6b92c140, L_0x562d6b92c390;
LS_0x562d6b92d450_0_4 .concat8 [ 1 1 1 1], L_0x562d6b92c670, L_0x562d6b92c8e0, L_0x562d6b92c870, L_0x562d6b92cfa0;
LS_0x562d6b92d450_0_8 .concat8 [ 1 1 0 0], L_0x562d6b92d310, L_0x562d6b92d960;
L_0x562d6b92d450 .concat8 [ 4 4 2 0], LS_0x562d6b92d450_0_0, LS_0x562d6b92d450_0_4, LS_0x562d6b92d450_0_8;
L_0x562d6b92d810 .part o0x7f23592b47c8, 9, 1;
L_0x562d6b92d270 .part o0x7f23592b45b8, 0, 1;
    .scope S_0x562d6b926330;
T_0 ;
    %wait E_0x562d6b905dc0;
    %load/vec4 v0x562d6b926640_0;
    %dup/vec4;
    %pushi/vec4 0, 0, 4;
    %cmp/u;
    %jmp/1 T_0.0, 6;
    %dup/vec4;
    %pushi/vec4 1, 0, 4;
    %cmp/u;
    %jmp/1 T_0.1, 6;
    %dup/vec4;
    %pushi/vec4 2, 0, 4;
    %cmp/u;
    %jmp/1 T_0.2, 6;
    %dup/vec4;
    %pushi/vec4 3, 0, 4;
    %cmp/u;
    %jmp/1 T_0.3, 6;
    %dup/vec4;
    %pushi/vec4 4, 0, 4;
    %cmp/u;
    %jmp/1 T_0.4, 6;
    %dup/vec4;
    %pushi/vec4 5, 0, 4;
    %cmp/u;
    %jmp/1 T_0.5, 6;
    %dup/vec4;
    %pushi/vec4 6, 0, 4;
    %cmp/u;
    %jmp/1 T_0.6, 6;
    %dup/vec4;
    %pushi/vec4 7, 0, 4;
    %cmp/u;
    %jmp/1 T_0.7, 6;
    %dup/vec4;
    %pushi/vec4 8, 0, 4;
    %cmp/u;
    %jmp/1 T_0.8, 6;
    %dup/vec4;
    %pushi/vec4 9, 0, 4;
    %cmp/u;
    %jmp/1 T_0.9, 6;
    %dup/vec4;
    %pushi/vec4 10, 0, 4;
    %cmp/u;
    %jmp/1 T_0.10, 6;
    %dup/vec4;
    %pushi/vec4 11, 0, 4;
    %cmp/u;
    %jmp/1 T_0.11, 6;
    %dup/vec4;
    %pushi/vec4 12, 0, 4;
    %cmp/u;
    %jmp/1 T_0.12, 6;
    %dup/vec4;
    %pushi/vec4 13, 0, 4;
    %cmp/u;
    %jmp/1 T_0.13, 6;
    %dup/vec4;
    %pushi/vec4 14, 0, 4;
    %cmp/u;
    %jmp/1 T_0.14, 6;
    %dup/vec4;
    %pushi/vec4 15, 0, 4;
    %cmp/u;
    %jmp/1 T_0.15, 6;
    %pushi/vec4 255, 0, 9;
    %assign/vec4 v0x562d6b926720_0, 0;
    %jmp T_0.17;
T_0.0 ;
    %pushi/vec4 192, 0, 9;
    %assign/vec4 v0x562d6b926720_0, 0;
    %jmp T_0.17;
T_0.1 ;
    %pushi/vec4 249, 0, 9;
    %assign/vec4 v0x562d6b926720_0, 0;
    %jmp T_0.17;
T_0.2 ;
    %pushi/vec4 164, 0, 9;
    %assign/vec4 v0x562d6b926720_0, 0;
    %jmp T_0.17;
T_0.3 ;
    %pushi/vec4 176, 0, 9;
    %assign/vec4 v0x562d6b926720_0, 0;
    %jmp T_0.17;
T_0.4 ;
    %pushi/vec4 153, 0, 9;
    %assign/vec4 v0x562d6b926720_0, 0;
    %jmp T_0.17;
T_0.5 ;
    %pushi/vec4 146, 0, 9;
    %assign/vec4 v0x562d6b926720_0, 0;
    %jmp T_0.17;
T_0.6 ;
    %pushi/vec4 130, 0, 9;
    %assign/vec4 v0x562d6b926720_0, 0;
    %jmp T_0.17;
T_0.7 ;
    %pushi/vec4 248, 0, 9;
    %assign/vec4 v0x562d6b926720_0, 0;
    %jmp T_0.17;
T_0.8 ;
    %pushi/vec4 128, 0, 9;
    %assign/vec4 v0x562d6b926720_0, 0;
    %jmp T_0.17;
T_0.9 ;
    %pushi/vec4 144, 0, 9;
    %assign/vec4 v0x562d6b926720_0, 0;
    %jmp T_0.17;
T_0.10 ;
    %pushi/vec4 136, 0, 9;
    %assign/vec4 v0x562d6b926720_0, 0;
    %jmp T_0.17;
T_0.11 ;
    %pushi/vec4 131, 0, 9;
    %assign/vec4 v0x562d6b926720_0, 0;
    %jmp T_0.17;
T_0.12 ;
    %pushi/vec4 198, 0, 9;
    %assign/vec4 v0x562d6b926720_0, 0;
    %jmp T_0.17;
T_0.13 ;
    %pushi/vec4 161, 0, 9;
    %assign/vec4 v0x562d6b926720_0, 0;
    %jmp T_0.17;
T_0.14 ;
    %pushi/vec4 134, 0, 9;
    %assign/vec4 v0x562d6b926720_0, 0;
    %jmp T_0.17;
T_0.15 ;
    %pushi/vec4 144, 0, 9;
    %assign/vec4 v0x562d6b926720_0, 0;
    %jmp T_0.17;
T_0.17 ;
    %pop/vec4 1;
    %jmp T_0;
    .thread T_0, $push;
    .scope S_0x562d6b927370;
T_1 ;
    %wait E_0x562d6b9275d0;
    %load/vec4 v0x562d6b927750_0;
    %dup/vec4;
    %pushi/vec4 0, 0, 4;
    %cmp/u;
    %jmp/1 T_1.0, 6;
    %dup/vec4;
    %pushi/vec4 1, 0, 4;
    %cmp/u;
    %jmp/1 T_1.1, 6;
    %dup/vec4;
    %pushi/vec4 2, 0, 4;
    %cmp/u;
    %jmp/1 T_1.2, 6;
    %dup/vec4;
    %pushi/vec4 3, 0, 4;
    %cmp/u;
    %jmp/1 T_1.3, 6;
    %dup/vec4;
    %pushi/vec4 4, 0, 4;
    %cmp/u;
    %jmp/1 T_1.4, 6;
    %dup/vec4;
    %pushi/vec4 5, 0, 4;
    %cmp/u;
    %jmp/1 T_1.5, 6;
    %dup/vec4;
    %pushi/vec4 6, 0, 4;
    %cmp/u;
    %jmp/1 T_1.6, 6;
    %dup/vec4;
    %pushi/vec4 7, 0, 4;
    %cmp/u;
    %jmp/1 T_1.7, 6;
    %dup/vec4;
    %pushi/vec4 8, 0, 4;
    %cmp/u;
    %jmp/1 T_1.8, 6;
    %dup/vec4;
    %pushi/vec4 9, 0, 4;
    %cmp/u;
    %jmp/1 T_1.9, 6;
    %dup/vec4;
    %pushi/vec4 10, 0, 4;
    %cmp/u;
    %jmp/1 T_1.10, 6;
    %dup/vec4;
    %pushi/vec4 11, 0, 4;
    %cmp/u;
    %jmp/1 T_1.11, 6;
    %dup/vec4;
    %pushi/vec4 12, 0, 4;
    %cmp/u;
    %jmp/1 T_1.12, 6;
    %dup/vec4;
    %pushi/vec4 13, 0, 4;
    %cmp/u;
    %jmp/1 T_1.13, 6;
    %dup/vec4;
    %pushi/vec4 14, 0, 4;
    %cmp/u;
    %jmp/1 T_1.14, 6;
    %dup/vec4;
    %pushi/vec4 15, 0, 4;
    %cmp/u;
    %jmp/1 T_1.15, 6;
    %pushi/vec4 255, 0, 9;
    %assign/vec4 v0x562d6b927830_0, 0;
    %jmp T_1.17;
T_1.0 ;
    %pushi/vec4 192, 0, 9;
    %assign/vec4 v0x562d6b927830_0, 0;
    %jmp T_1.17;
T_1.1 ;
    %pushi/vec4 249, 0, 9;
    %assign/vec4 v0x562d6b927830_0, 0;
    %jmp T_1.17;
T_1.2 ;
    %pushi/vec4 164, 0, 9;
    %assign/vec4 v0x562d6b927830_0, 0;
    %jmp T_1.17;
T_1.3 ;
    %pushi/vec4 176, 0, 9;
    %assign/vec4 v0x562d6b927830_0, 0;
    %jmp T_1.17;
T_1.4 ;
    %pushi/vec4 153, 0, 9;
    %assign/vec4 v0x562d6b927830_0, 0;
    %jmp T_1.17;
T_1.5 ;
    %pushi/vec4 146, 0, 9;
    %assign/vec4 v0x562d6b927830_0, 0;
    %jmp T_1.17;
T_1.6 ;
    %pushi/vec4 130, 0, 9;
    %assign/vec4 v0x562d6b927830_0, 0;
    %jmp T_1.17;
T_1.7 ;
    %pushi/vec4 248, 0, 9;
    %assign/vec4 v0x562d6b927830_0, 0;
    %jmp T_1.17;
T_1.8 ;
    %pushi/vec4 128, 0, 9;
    %assign/vec4 v0x562d6b927830_0, 0;
    %jmp T_1.17;
T_1.9 ;
    %pushi/vec4 144, 0, 9;
    %assign/vec4 v0x562d6b927830_0, 0;
    %jmp T_1.17;
T_1.10 ;
    %pushi/vec4 136, 0, 9;
    %assign/vec4 v0x562d6b927830_0, 0;
    %jmp T_1.17;
T_1.11 ;
    %pushi/vec4 131, 0, 9;
    %assign/vec4 v0x562d6b927830_0, 0;
    %jmp T_1.17;
T_1.12 ;
    %pushi/vec4 198, 0, 9;
    %assign/vec4 v0x562d6b927830_0, 0;
    %jmp T_1.17;
T_1.13 ;
    %pushi/vec4 161, 0, 9;
    %assign/vec4 v0x562d6b927830_0, 0;
    %jmp T_1.17;
T_1.14 ;
    %pushi/vec4 134, 0, 9;
    %assign/vec4 v0x562d6b927830_0, 0;
    %jmp T_1.17;
T_1.15 ;
    %pushi/vec4 144, 0, 9;
    %assign/vec4 v0x562d6b927830_0, 0;
    %jmp T_1.17;
T_1.17 ;
    %pop/vec4 1;
    %jmp T_1;
    .thread T_1, $push;
    .scope S_0x562d6b906a90;
T_2 ;
    %wait E_0x562d6b8ee5e0;
    %load/vec4 v0x562d6b926130_0;
    %dup/vec4;
    %pushi/vec4 0, 0, 4;
    %cmp/u;
    %jmp/1 T_2.0, 6;
    %dup/vec4;
    %pushi/vec4 1, 0, 4;
    %cmp/u;
    %jmp/1 T_2.1, 6;
    %dup/vec4;
    %pushi/vec4 2, 0, 4;
    %cmp/u;
    %jmp/1 T_2.2, 6;
    %dup/vec4;
    %pushi/vec4 3, 0, 4;
    %cmp/u;
    %jmp/1 T_2.3, 6;
    %dup/vec4;
    %pushi/vec4 4, 0, 4;
    %cmp/u;
    %jmp/1 T_2.4, 6;
    %dup/vec4;
    %pushi/vec4 5, 0, 4;
    %cmp/u;
    %jmp/1 T_2.5, 6;
    %dup/vec4;
    %pushi/vec4 6, 0, 4;
    %cmp/u;
    %jmp/1 T_2.6, 6;
    %dup/vec4;
    %pushi/vec4 7, 0, 4;
    %cmp/u;
    %jmp/1 T_2.7, 6;
    %dup/vec4;
    %pushi/vec4 8, 0, 4;
    %cmp/u;
    %jmp/1 T_2.8, 6;
    %dup/vec4;
    %pushi/vec4 9, 0, 4;
    %cmp/u;
    %jmp/1 T_2.9, 6;
    %dup/vec4;
    %pushi/vec4 10, 0, 4;
    %cmp/u;
    %jmp/1 T_2.10, 6;
    %dup/vec4;
    %pushi/vec4 11, 0, 4;
    %cmp/u;
    %jmp/1 T_2.11, 6;
    %dup/vec4;
    %pushi/vec4 12, 0, 4;
    %cmp/u;
    %jmp/1 T_2.12, 6;
    %dup/vec4;
    %pushi/vec4 13, 0, 4;
    %cmp/u;
    %jmp/1 T_2.13, 6;
    %dup/vec4;
    %pushi/vec4 14, 0, 4;
    %cmp/u;
    %jmp/1 T_2.14, 6;
    %dup/vec4;
    %pushi/vec4 15, 0, 4;
    %cmp/u;
    %jmp/1 T_2.15, 6;
    %pushi/vec4 255, 0, 9;
    %assign/vec4 v0x562d6b926210_0, 0;
    %jmp T_2.17;
T_2.0 ;
    %pushi/vec4 192, 0, 9;
    %assign/vec4 v0x562d6b926210_0, 0;
    %jmp T_2.17;
T_2.1 ;
    %pushi/vec4 249, 0, 9;
    %assign/vec4 v0x562d6b926210_0, 0;
    %jmp T_2.17;
T_2.2 ;
    %pushi/vec4 164, 0, 9;
    %assign/vec4 v0x562d6b926210_0, 0;
    %jmp T_2.17;
T_2.3 ;
    %pushi/vec4 176, 0, 9;
    %assign/vec4 v0x562d6b926210_0, 0;
    %jmp T_2.17;
T_2.4 ;
    %pushi/vec4 153, 0, 9;
    %assign/vec4 v0x562d6b926210_0, 0;
    %jmp T_2.17;
T_2.5 ;
    %pushi/vec4 146, 0, 9;
    %assign/vec4 v0x562d6b926210_0, 0;
    %jmp T_2.17;
T_2.6 ;
    %pushi/vec4 130, 0, 9;
    %assign/vec4 v0x562d6b926210_0, 0;
    %jmp T_2.17;
T_2.7 ;
    %pushi/vec4 248, 0, 9;
    %assign/vec4 v0x562d6b926210_0, 0;
    %jmp T_2.17;
T_2.8 ;
    %pushi/vec4 128, 0, 9;
    %assign/vec4 v0x562d6b926210_0, 0;
    %jmp T_2.17;
T_2.9 ;
    %pushi/vec4 144, 0, 9;
    %assign/vec4 v0x562d6b926210_0, 0;
    %jmp T_2.17;
T_2.10 ;
    %pushi/vec4 136, 0, 9;
    %assign/vec4 v0x562d6b926210_0, 0;
    %jmp T_2.17;
T_2.11 ;
    %pushi/vec4 131, 0, 9;
    %assign/vec4 v0x562d6b926210_0, 0;
    %jmp T_2.17;
T_2.12 ;
    %pushi/vec4 198, 0, 9;
    %assign/vec4 v0x562d6b926210_0, 0;
    %jmp T_2.17;
T_2.13 ;
    %pushi/vec4 161, 0, 9;
    %assign/vec4 v0x562d6b926210_0, 0;
    %jmp T_2.17;
T_2.14 ;
    %pushi/vec4 134, 0, 9;
    %assign/vec4 v0x562d6b926210_0, 0;
    %jmp T_2.17;
T_2.15 ;
    %pushi/vec4 144, 0, 9;
    %assign/vec4 v0x562d6b926210_0, 0;
    %jmp T_2.17;
T_2.17 ;
    %pop/vec4 1;
    %jmp T_2;
    .thread T_2, $push;
    .scope S_0x562d6b926840;
T_3 ;
    %wait E_0x562d6b926a50;
    %load/vec4 v0x562d6b926bb0_0;
    %dup/vec4;
    %pushi/vec4 0, 0, 4;
    %cmp/u;
    %jmp/1 T_3.0, 6;
    %dup/vec4;
    %pushi/vec4 1, 0, 4;
    %cmp/u;
    %jmp/1 T_3.1, 6;
    %dup/vec4;
    %pushi/vec4 2, 0, 4;
    %cmp/u;
    %jmp/1 T_3.2, 6;
    %dup/vec4;
    %pushi/vec4 3, 0, 4;
    %cmp/u;
    %jmp/1 T_3.3, 6;
    %dup/vec4;
    %pushi/vec4 4, 0, 4;
    %cmp/u;
    %jmp/1 T_3.4, 6;
    %dup/vec4;
    %pushi/vec4 5, 0, 4;
    %cmp/u;
    %jmp/1 T_3.5, 6;
    %dup/vec4;
    %pushi/vec4 6, 0, 4;
    %cmp/u;
    %jmp/1 T_3.6, 6;
    %dup/vec4;
    %pushi/vec4 7, 0, 4;
    %cmp/u;
    %jmp/1 T_3.7, 6;
    %dup/vec4;
    %pushi/vec4 8, 0, 4;
    %cmp/u;
    %jmp/1 T_3.8, 6;
    %dup/vec4;
    %pushi/vec4 9, 0, 4;
    %cmp/u;
    %jmp/1 T_3.9, 6;
    %dup/vec4;
    %pushi/vec4 10, 0, 4;
    %cmp/u;
    %jmp/1 T_3.10, 6;
    %dup/vec4;
    %pushi/vec4 11, 0, 4;
    %cmp/u;
    %jmp/1 T_3.11, 6;
    %dup/vec4;
    %pushi/vec4 12, 0, 4;
    %cmp/u;
    %jmp/1 T_3.12, 6;
    %dup/vec4;
    %pushi/vec4 13, 0, 4;
    %cmp/u;
    %jmp/1 T_3.13, 6;
    %dup/vec4;
    %pushi/vec4 14, 0, 4;
    %cmp/u;
    %jmp/1 T_3.14, 6;
    %dup/vec4;
    %pushi/vec4 15, 0, 4;
    %cmp/u;
    %jmp/1 T_3.15, 6;
    %pushi/vec4 255, 0, 9;
    %assign/vec4 v0x562d6b926c90_0, 0;
    %jmp T_3.17;
T_3.0 ;
    %pushi/vec4 192, 0, 9;
    %assign/vec4 v0x562d6b926c90_0, 0;
    %jmp T_3.17;
T_3.1 ;
    %pushi/vec4 249, 0, 9;
    %assign/vec4 v0x562d6b926c90_0, 0;
    %jmp T_3.17;
T_3.2 ;
    %pushi/vec4 164, 0, 9;
    %assign/vec4 v0x562d6b926c90_0, 0;
    %jmp T_3.17;
T_3.3 ;
    %pushi/vec4 176, 0, 9;
    %assign/vec4 v0x562d6b926c90_0, 0;
    %jmp T_3.17;
T_3.4 ;
    %pushi/vec4 153, 0, 9;
    %assign/vec4 v0x562d6b926c90_0, 0;
    %jmp T_3.17;
T_3.5 ;
    %pushi/vec4 146, 0, 9;
    %assign/vec4 v0x562d6b926c90_0, 0;
    %jmp T_3.17;
T_3.6 ;
    %pushi/vec4 130, 0, 9;
    %assign/vec4 v0x562d6b926c90_0, 0;
    %jmp T_3.17;
T_3.7 ;
    %pushi/vec4 248, 0, 9;
    %assign/vec4 v0x562d6b926c90_0, 0;
    %jmp T_3.17;
T_3.8 ;
    %pushi/vec4 128, 0, 9;
    %assign/vec4 v0x562d6b926c90_0, 0;
    %jmp T_3.17;
T_3.9 ;
    %pushi/vec4 144, 0, 9;
    %assign/vec4 v0x562d6b926c90_0, 0;
    %jmp T_3.17;
T_3.10 ;
    %pushi/vec4 136, 0, 9;
    %assign/vec4 v0x562d6b926c90_0, 0;
    %jmp T_3.17;
T_3.11 ;
    %pushi/vec4 131, 0, 9;
    %assign/vec4 v0x562d6b926c90_0, 0;
    %jmp T_3.17;
T_3.12 ;
    %pushi/vec4 198, 0, 9;
    %assign/vec4 v0x562d6b926c90_0, 0;
    %jmp T_3.17;
T_3.13 ;
    %pushi/vec4 161, 0, 9;
    %assign/vec4 v0x562d6b926c90_0, 0;
    %jmp T_3.17;
T_3.14 ;
    %pushi/vec4 134, 0, 9;
    %assign/vec4 v0x562d6b926c90_0, 0;
    %jmp T_3.17;
T_3.15 ;
    %pushi/vec4 144, 0, 9;
    %assign/vec4 v0x562d6b926c90_0, 0;
    %jmp T_3.17;
T_3.17 ;
    %pop/vec4 1;
    %jmp T_3;
    .thread T_3, $push;
    .scope S_0x562d6b926db0;
T_4 ;
    %wait E_0x562d6b926fc0;
    %load/vec4 v0x562d6b927140_0;
    %dup/vec4;
    %pushi/vec4 0, 0, 4;
    %cmp/u;
    %jmp/1 T_4.0, 6;
    %dup/vec4;
    %pushi/vec4 1, 0, 4;
    %cmp/u;
    %jmp/1 T_4.1, 6;
    %dup/vec4;
    %pushi/vec4 2, 0, 4;
    %cmp/u;
    %jmp/1 T_4.2, 6;
    %dup/vec4;
    %pushi/vec4 3, 0, 4;
    %cmp/u;
    %jmp/1 T_4.3, 6;
    %dup/vec4;
    %pushi/vec4 4, 0, 4;
    %cmp/u;
    %jmp/1 T_4.4, 6;
    %dup/vec4;
    %pushi/vec4 5, 0, 4;
    %cmp/u;
    %jmp/1 T_4.5, 6;
    %dup/vec4;
    %pushi/vec4 6, 0, 4;
    %cmp/u;
    %jmp/1 T_4.6, 6;
    %dup/vec4;
    %pushi/vec4 7, 0, 4;
    %cmp/u;
    %jmp/1 T_4.7, 6;
    %dup/vec4;
    %pushi/vec4 8, 0, 4;
    %cmp/u;
    %jmp/1 T_4.8, 6;
    %dup/vec4;
    %pushi/vec4 9, 0, 4;
    %cmp/u;
    %jmp/1 T_4.9, 6;
    %dup/vec4;
    %pushi/vec4 10, 0, 4;
    %cmp/u;
    %jmp/1 T_4.10, 6;
    %dup/vec4;
    %pushi/vec4 11, 0, 4;
    %cmp/u;
    %jmp/1 T_4.11, 6;
    %dup/vec4;
    %pushi/vec4 12, 0, 4;
    %cmp/u;
    %jmp/1 T_4.12, 6;
    %dup/vec4;
    %pushi/vec4 13, 0, 4;
    %cmp/u;
    %jmp/1 T_4.13, 6;
    %dup/vec4;
    %pushi/vec4 14, 0, 4;
    %cmp/u;
    %jmp/1 T_4.14, 6;
    %dup/vec4;
    %pushi/vec4 15, 0, 4;
    %cmp/u;
    %jmp/1 T_4.15, 6;
    %pushi/vec4 255, 0, 9;
    %assign/vec4 v0x562d6b927220_0, 0;
    %jmp T_4.17;
T_4.0 ;
    %pushi/vec4 192, 0, 9;
    %assign/vec4 v0x562d6b927220_0, 0;
    %jmp T_4.17;
T_4.1 ;
    %pushi/vec4 249, 0, 9;
    %assign/vec4 v0x562d6b927220_0, 0;
    %jmp T_4.17;
T_4.2 ;
    %pushi/vec4 164, 0, 9;
    %assign/vec4 v0x562d6b927220_0, 0;
    %jmp T_4.17;
T_4.3 ;
    %pushi/vec4 176, 0, 9;
    %assign/vec4 v0x562d6b927220_0, 0;
    %jmp T_4.17;
T_4.4 ;
    %pushi/vec4 153, 0, 9;
    %assign/vec4 v0x562d6b927220_0, 0;
    %jmp T_4.17;
T_4.5 ;
    %pushi/vec4 146, 0, 9;
    %assign/vec4 v0x562d6b927220_0, 0;
    %jmp T_4.17;
T_4.6 ;
    %pushi/vec4 130, 0, 9;
    %assign/vec4 v0x562d6b927220_0, 0;
    %jmp T_4.17;
T_4.7 ;
    %pushi/vec4 248, 0, 9;
    %assign/vec4 v0x562d6b927220_0, 0;
    %jmp T_4.17;
T_4.8 ;
    %pushi/vec4 128, 0, 9;
    %assign/vec4 v0x562d6b927220_0, 0;
    %jmp T_4.17;
T_4.9 ;
    %pushi/vec4 144, 0, 9;
    %assign/vec4 v0x562d6b927220_0, 0;
    %jmp T_4.17;
T_4.10 ;
    %pushi/vec4 136, 0, 9;
    %assign/vec4 v0x562d6b927220_0, 0;
    %jmp T_4.17;
T_4.11 ;
    %pushi/vec4 131, 0, 9;
    %assign/vec4 v0x562d6b927220_0, 0;
    %jmp T_4.17;
T_4.12 ;
    %pushi/vec4 198, 0, 9;
    %assign/vec4 v0x562d6b927220_0, 0;
    %jmp T_4.17;
T_4.13 ;
    %pushi/vec4 161, 0, 9;
    %assign/vec4 v0x562d6b927220_0, 0;
    %jmp T_4.17;
T_4.14 ;
    %pushi/vec4 134, 0, 9;
    %assign/vec4 v0x562d6b927220_0, 0;
    %jmp T_4.17;
T_4.15 ;
    %pushi/vec4 144, 0, 9;
    %assign/vec4 v0x562d6b927220_0, 0;
    %jmp T_4.17;
T_4.17 ;
    %pop/vec4 1;
    %jmp T_4;
    .thread T_4, $push;
    .scope S_0x562d6b927950;
T_5 ;
    %wait E_0x562d6b927b60;
    %load/vec4 v0x562d6b927ce0_0;
    %dup/vec4;
    %pushi/vec4 0, 0, 4;
    %cmp/u;
    %jmp/1 T_5.0, 6;
    %dup/vec4;
    %pushi/vec4 1, 0, 4;
    %cmp/u;
    %jmp/1 T_5.1, 6;
    %dup/vec4;
    %pushi/vec4 2, 0, 4;
    %cmp/u;
    %jmp/1 T_5.2, 6;
    %dup/vec4;
    %pushi/vec4 3, 0, 4;
    %cmp/u;
    %jmp/1 T_5.3, 6;
    %dup/vec4;
    %pushi/vec4 4, 0, 4;
    %cmp/u;
    %jmp/1 T_5.4, 6;
    %dup/vec4;
    %pushi/vec4 5, 0, 4;
    %cmp/u;
    %jmp/1 T_5.5, 6;
    %dup/vec4;
    %pushi/vec4 6, 0, 4;
    %cmp/u;
    %jmp/1 T_5.6, 6;
    %dup/vec4;
    %pushi/vec4 7, 0, 4;
    %cmp/u;
    %jmp/1 T_5.7, 6;
    %dup/vec4;
    %pushi/vec4 8, 0, 4;
    %cmp/u;
    %jmp/1 T_5.8, 6;
    %dup/vec4;
    %pushi/vec4 9, 0, 4;
    %cmp/u;
    %jmp/1 T_5.9, 6;
    %dup/vec4;
    %pushi/vec4 10, 0, 4;
    %cmp/u;
    %jmp/1 T_5.10, 6;
    %dup/vec4;
    %pushi/vec4 11, 0, 4;
    %cmp/u;
    %jmp/1 T_5.11, 6;
    %dup/vec4;
    %pushi/vec4 12, 0, 4;
    %cmp/u;
    %jmp/1 T_5.12, 6;
    %dup/vec4;
    %pushi/vec4 13, 0, 4;
    %cmp/u;
    %jmp/1 T_5.13, 6;
    %dup/vec4;
    %pushi/vec4 14, 0, 4;
    %cmp/u;
    %jmp/1 T_5.14, 6;
    %dup/vec4;
    %pushi/vec4 15, 0, 4;
    %cmp/u;
    %jmp/1 T_5.15, 6;
    %pushi/vec4 255, 0, 9;
    %assign/vec4 v0x562d6b927dc0_0, 0;
    %jmp T_5.17;
T_5.0 ;
    %pushi/vec4 192, 0, 9;
    %assign/vec4 v0x562d6b927dc0_0, 0;
    %jmp T_5.17;
T_5.1 ;
    %pushi/vec4 249, 0, 9;
    %assign/vec4 v0x562d6b927dc0_0, 0;
    %jmp T_5.17;
T_5.2 ;
    %pushi/vec4 164, 0, 9;
    %assign/vec4 v0x562d6b927dc0_0, 0;
    %jmp T_5.17;
T_5.3 ;
    %pushi/vec4 176, 0, 9;
    %assign/vec4 v0x562d6b927dc0_0, 0;
    %jmp T_5.17;
T_5.4 ;
    %pushi/vec4 153, 0, 9;
    %assign/vec4 v0x562d6b927dc0_0, 0;
    %jmp T_5.17;
T_5.5 ;
    %pushi/vec4 146, 0, 9;
    %assign/vec4 v0x562d6b927dc0_0, 0;
    %jmp T_5.17;
T_5.6 ;
    %pushi/vec4 130, 0, 9;
    %assign/vec4 v0x562d6b927dc0_0, 0;
    %jmp T_5.17;
T_5.7 ;
    %pushi/vec4 248, 0, 9;
    %assign/vec4 v0x562d6b927dc0_0, 0;
    %jmp T_5.17;
T_5.8 ;
    %pushi/vec4 128, 0, 9;
    %assign/vec4 v0x562d6b927dc0_0, 0;
    %jmp T_5.17;
T_5.9 ;
    %pushi/vec4 144, 0, 9;
    %assign/vec4 v0x562d6b927dc0_0, 0;
    %jmp T_5.17;
T_5.10 ;
    %pushi/vec4 136, 0, 9;
    %assign/vec4 v0x562d6b927dc0_0, 0;
    %jmp T_5.17;
T_5.11 ;
    %pushi/vec4 131, 0, 9;
    %assign/vec4 v0x562d6b927dc0_0, 0;
    %jmp T_5.17;
T_5.12 ;
    %pushi/vec4 198, 0, 9;
    %assign/vec4 v0x562d6b927dc0_0, 0;
    %jmp T_5.17;
T_5.13 ;
    %pushi/vec4 161, 0, 9;
    %assign/vec4 v0x562d6b927dc0_0, 0;
    %jmp T_5.17;
T_5.14 ;
    %pushi/vec4 134, 0, 9;
    %assign/vec4 v0x562d6b927dc0_0, 0;
    %jmp T_5.17;
T_5.15 ;
    %pushi/vec4 144, 0, 9;
    %assign/vec4 v0x562d6b927dc0_0, 0;
    %jmp T_5.17;
T_5.17 ;
    %pop/vec4 1;
    %jmp T_5;
    .thread T_5, $push;
    .scope S_0x562d6b906860;
T_6 ;
    %wait E_0x562d6b8da520;
    %load/vec4 v0x562d6b928460_0;
    %cmpi/ne 0, 0, 2;
    %jmp/0xz  T_6.0, 4;
    %load/vec4 v0x562d6b928ae0_0;
    %inv;
    %store/vec4 v0x562d6b928ae0_0, 0, 1;
T_6.0 ;
    %load/vec4 v0x562d6b928ae0_0;
    %flag_set/vec4 8;
    %jmp/0xz  T_6.2, 8;
    %pushi/vec4 0, 0, 4;
    %assign/vec4 v0x562d6b9286d0_0, 0;
    %pushi/vec4 9, 0, 4;
    %assign/vec4 v0x562d6b928870_0, 0;
    %pushi/vec4 1, 0, 4;
    %assign/vec4 v0x562d6b928a10_0, 0;
    %pushi/vec4 2, 0, 4;
    %assign/vec4 v0x562d6b9287a0_0, 0;
    %pushi/vec4 0, 0, 4;
    %assign/vec4 v0x562d6b9285e0_0, 0;
    %pushi/vec4 0, 0, 4;
    %assign/vec4 v0x562d6b928940_0, 0;
T_6.2 ;
    %load/vec4 v0x562d6b928ae0_0;
    %inv;
    %flag_set/vec4 8;
    %jmp/0xz  T_6.4, 8;
    %pushi/vec4 0, 0, 4;
    %assign/vec4 v0x562d6b9286d0_0, 0;
    %pushi/vec4 6, 0, 4;
    %assign/vec4 v0x562d6b928870_0, 0;
    %pushi/vec4 1, 0, 4;
    %assign/vec4 v0x562d6b928a10_0, 0;
    %pushi/vec4 1, 0, 4;
    %assign/vec4 v0x562d6b9287a0_0, 0;
    %pushi/vec4 0, 0, 4;
    %assign/vec4 v0x562d6b9285e0_0, 0;
    %pushi/vec4 0, 0, 4;
    %assign/vec4 v0x562d6b928940_0, 0;
T_6.4 ;
    %jmp T_6;
    .thread T_6;
# The file index is used to find the file name in the following table.
:file_names 6;
    "N/A";
    "<interactive>";
    "Complete.v";
    "Birthdays.v";
    "HexNumbers.v";
    "LedSwitches.v";
